<?xml version="1.0" encoding="UTF-8"?>
<testsuites name="Run all test cases" time="1516.298" tests="40" failures="4" errors="0">
   <testsuite name="Run all test cases" tests="40" failures="4" errors="0" time="1516.298" skipped="0" timestamp="2022-01-11 20:35:04" hostname="Thanh Dang - DESKTOP-8IHK86T" id="Test Suites/Run all test cases">
      <properties>
         <property name="deviceName" value=""/>
         <property name="devicePlatform" value=""/>
         <property name="logFolder" value="D:\\Test-Automation---SE-Bonus\\Reports\\20220111_203453\\Run all test cases\\20220111_203453"/>
         <property name="logFiles" value="D:\\Test-Automation---SE-Bonus\\Reports\\20220111_203453\\Run all test cases\\20220111_203453\\execution0.log"/>
         <property name="attachments" value="D:\\Test-Automation---SE-Bonus\\Reports\\20220111_203453\\Run all test cases\\20220111_203453\\1641908761825.png, D:\\Test-Automation---SE-Bonus\\Reports\\20220111_203453\\Run all test cases\\20220111_203453\\1641908820940.png, D:\\Test-Automation---SE-Bonus\\Reports\\20220111_203453\\Run all test cases\\20220111_203453\\1641908828014.png, D:\\Test-Automation---SE-Bonus\\Reports\\20220111_203453\\Run all test cases\\20220111_203453\\1641909249021.png, D:\\Test-Automation---SE-Bonus\\Reports\\20220111_203453\\Run all test cases\\20220111_203453\\1641909471771.png, D:\\Test-Automation---SE-Bonus\\Reports\\20220111_203453\\Run all test cases\\20220111_203453\\1641909549982.png"/>
         <property name="hostName" value="Thanh Dang - DESKTOP-8IHK86T"/>
         <property name="os" value="Windows 10 64bit"/>
         <property name="katalonVersion" value="8.2.0.208"/>
         <property name="browser" value="Edge Chromium 97"/>
         <property name="hostAddress" value="192.168.1.173"/>
         <property name="sessionId" value="239a3d560be7f734975e9e7c6eccf903"/>
         <property name="seleniumVersion" value="3.141.59"/>
         <property name="proxyInformation" value="ProxyInformation { proxyOption=NO_PROXY, proxyServerType=HTTP, username=, password=********, proxyServerAddress=, proxyServerPort=0, executionList=&quot;&quot;, isApplyToDesiredCapabilities=true }"/>
         <property name="platform" value="Windows 10"/>
      </properties>
      <testcase name="Test Cases/Login as admin" time="22.567" classname="Test Cases/Login as admin" status="PASSED">
         <system-out><![CDATA[2022-01-11 20:35:04 - [TEST_CASE][PASSED] - Test Cases/Login as admin: Test Cases/Login as admin

2022-01-11 20:35:05 - [TEST_STEP][PASSED] - openBrowser(""): Browser is opened with url: ''

2022-01-11 20:35:05 - [MESSAGE][INFO] - Starting 'Edge Chromium' driver

2022-01-11 20:35:06 - [MESSAGE][INFO] - Action delay is set to 0 milliseconds

2022-01-11 20:35:08 - [MESSAGE][PASSED] - Browser is opened with url: ''

2022-01-11 20:35:08 - [TEST_STEP][PASSED] - navigateToUrl("http://localhost/"): Navigate to 'http://localhost/' successfully

2022-01-11 20:35:11 - [MESSAGE][PASSED] - Navigate to 'http://localhost/' successfully

2022-01-11 20:35:11 - [TEST_STEP][PASSED] - click(findTestObject("Object Repository/Page_My Moodle/a_Log in")): Object: 'Object Repository/Page_My Moodle/a_Log in' is clicked on

2022-01-11 20:35:12 - [MESSAGE][PASSED] - Object: 'Object Repository/Page_My Moodle/a_Log in' is clicked on

2022-01-11 20:35:12 - [TEST_STEP][PASSED] - setText(findTestObject("Object Repository/Page_My Moodle Log in to the site/input_Username_username"), "admin"): Text 'admin' is set on object 'Object Repository/Page_My Moodle Log in to the site/input_Username_username'

2022-01-11 20:35:13 - [MESSAGE][PASSED] - Text 'admin' is set on object 'Object Repository/Page_My Moodle Log in to the site/input_Username_username'

2022-01-11 20:35:13 - [TEST_STEP][PASSED] - setEncryptedText(findTestObject("Object Repository/Page_My Moodle Log in to the site/input_Password_password"), "7Dxoto1EjKfQbGop/Ov+1g=="): Text ****** has been set on object 'Object Repository/Page_My Moodle Log in to the site/input_Password_password'

2022-01-11 20:35:13 - [MESSAGE][PASSED] - Text ****** has been set on object 'Object Repository/Page_My Moodle Log in to the site/input_Password_password'

2022-01-11 20:35:13 - [TEST_STEP][PASSED] - click(findTestObject("Object Repository/Page_My Moodle Log in to the site/button_Log in")): Object: 'Object Repository/Page_My Moodle Log in to the site/button_Log in' is clicked on

2022-01-11 20:35:27 - [MESSAGE][PASSED] - Object: 'Object Repository/Page_My Moodle Log in to the site/button_Log in' is clicked on]]></system-out>
         <system-err><![CDATA[]]></system-err>
      </testcase>
      <testcase name="Test Cases/Admin config file system (create respositories)" time="30.646" classname="Test Cases/Admin config file system (create respositories)" status="PASSED">
         <system-out><![CDATA[2022-01-11 20:35:27 - [TEST_CASE][PASSED] - Test Cases/Admin config file system (create respositories): Test Cases/Admin config file system (create respositories)

2022-01-11 20:35:27 - [TEST_STEP][PASSED] - callTestCase(findTestCase("Login as admin"), [:], STOP_ON_FAILURE): Call Test Case 'Test Cases/Login as admin' successfully

2022-01-11 20:35:27 - [TEST_CASE][PASSED] - Test Cases/Login as admin: Test Cases/Login as admin

2022-01-11 20:35:27 - [TEST_STEP][PASSED] - openBrowser(""): Browser is opened with url: ''

2022-01-11 20:35:27 - [MESSAGE][WARNING] - A browser is already opened. Closing browser and opening a new one

2022-01-11 20:35:28 - [MESSAGE][INFO] - Starting 'Edge Chromium' driver

2022-01-11 20:35:29 - [MESSAGE][INFO] - Action delay is set to 0 milliseconds

2022-01-11 20:35:30 - [MESSAGE][PASSED] - Browser is opened with url: ''

2022-01-11 20:35:30 - [TEST_STEP][PASSED] - navigateToUrl("http://localhost/"): Navigate to 'http://localhost/' successfully

2022-01-11 20:35:31 - [MESSAGE][PASSED] - Navigate to 'http://localhost/' successfully

2022-01-11 20:35:31 - [TEST_STEP][PASSED] - click(findTestObject("Object Repository/Page_My Moodle/a_Log in")): Object: 'Object Repository/Page_My Moodle/a_Log in' is clicked on

2022-01-11 20:35:31 - [MESSAGE][PASSED] - Object: 'Object Repository/Page_My Moodle/a_Log in' is clicked on

2022-01-11 20:35:31 - [TEST_STEP][PASSED] - setText(findTestObject("Object Repository/Page_My Moodle Log in to the site/input_Username_username"), "admin"): Text 'admin' is set on object 'Object Repository/Page_My Moodle Log in to the site/input_Username_username'

2022-01-11 20:35:32 - [MESSAGE][PASSED] - Text 'admin' is set on object 'Object Repository/Page_My Moodle Log in to the site/input_Username_username'

2022-01-11 20:35:32 - [TEST_STEP][PASSED] - setEncryptedText(findTestObject("Object Repository/Page_My Moodle Log in to the site/input_Password_password"), "7Dxoto1EjKfQbGop/Ov+1g=="): Text ****** has been set on object 'Object Repository/Page_My Moodle Log in to the site/input_Password_password'

2022-01-11 20:35:33 - [MESSAGE][PASSED] - Text ****** has been set on object 'Object Repository/Page_My Moodle Log in to the site/input_Password_password'

2022-01-11 20:35:33 - [TEST_STEP][PASSED] - click(findTestObject("Object Repository/Page_My Moodle Log in to the site/button_Log in")): Object: 'Object Repository/Page_My Moodle Log in to the site/button_Log in' is clicked on

2022-01-11 20:35:34 - [MESSAGE][PASSED] - Object: 'Object Repository/Page_My Moodle Log in to the site/button_Log in' is clicked on

2022-01-11 20:35:34 - [MESSAGE][PASSED] - Call Test Case 'Test Cases/Login as admin' successfully

2022-01-11 20:35:34 - [TEST_STEP][PASSED] - click(findTestObject("Object Repository/Page_Dashboard/span_Site administration")): Object: 'Object Repository/Page_Dashboard/span_Site administration' is clicked on

2022-01-11 20:35:48 - [MESSAGE][PASSED] - Object: 'Object Repository/Page_Dashboard/span_Site administration' is clicked on

2022-01-11 20:35:48 - [TEST_STEP][PASSED] - navigateToUrl("http://localhost/admin/search.php"): Navigate to 'http://localhost/admin/search.php' successfully

2022-01-11 20:35:49 - [MESSAGE][PASSED] - Navigate to 'http://localhost/admin/search.php' successfully

2022-01-11 20:35:49 - [TEST_STEP][PASSED] - click(findTestObject("Object Repository/Page_Moodle Administration Search/a_Plugins")): Object: 'Object Repository/Page_Moodle Administration Search/a_Plugins' is clicked on

2022-01-11 20:35:50 - [MESSAGE][PASSED] - Object: 'Object Repository/Page_Moodle Administration Search/a_Plugins' is clicked on

2022-01-11 20:35:50 - [TEST_STEP][PASSED] - click(findTestObject("Object Repository/Page_Moodle Administration Search/a_Manage repositories")): Object: 'Object Repository/Page_Moodle Administration Search/a_Manage repositories' is clicked on

2022-01-11 20:35:53 - [MESSAGE][PASSED] - Object: 'Object Repository/Page_Moodle Administration Search/a_Manage repositories' is clicked on

2022-01-11 20:35:53 - [TEST_STEP][PASSED] - click(findTestObject("Object Repository/Page_Moodle Administration Plugins Reposito_4b46d1/a_Settings")): Object: 'Object Repository/Page_Moodle Administration Plugins Reposito_4b46d1/a_Settings' is clicked on

2022-01-11 20:35:54 - [MESSAGE][PASSED] - Object: 'Object Repository/Page_Moodle Administration Plugins Reposito_4b46d1/a_Settings' is clicked on

2022-01-11 20:35:54 - [TEST_STEP][PASSED] - click(findTestObject("Object Repository/Page_Moodle Administration Plugins Reposito_90c615/button_Create a repository instance")): Object: 'Object Repository/Page_Moodle Administration Plugins Reposito_90c615/button_Create a repository instance' is clicked on

2022-01-11 20:35:55 - [MESSAGE][PASSED] - Object: 'Object Repository/Page_Moodle Administration Plugins Reposito_90c615/button_Create a repository instance' is clicked on

2022-01-11 20:35:55 - [TEST_STEP][PASSED] - setText(findTestObject("Object Repository/Page_Moodle Administration Plugins Reposito_b84f2c/input_Name_name"), "csv"): Text 'csv' is set on object 'Object Repository/Page_Moodle Administration Plugins Reposito_b84f2c/input_Name_name'

2022-01-11 20:35:56 - [MESSAGE][PASSED] - Text 'csv' is set on object 'Object Repository/Page_Moodle Administration Plugins Reposito_b84f2c/input_Name_name'

2022-01-11 20:35:56 - [TEST_STEP][PASSED] - click(findTestObject("Object Repository/Page_Moodle Administration Plugins Reposito_b84f2c/input_Allow relative files_relativefiles")): Object: 'Object Repository/Page_Moodle Administration Plugins Reposito_b84f2c/input_Allow relative files_relativefiles' is clicked on

2022-01-11 20:35:57 - [MESSAGE][PASSED] - Object: 'Object Repository/Page_Moodle Administration Plugins Reposito_b84f2c/input_Allow relative files_relativefiles' is clicked on

2022-01-11 20:35:57 - [TEST_STEP][PASSED] - click(findTestObject("Object Repository/Page_Moodle Administration Plugins Reposito_b84f2c/input_This allows all files in the reposito_ba0d3d")): Object: 'Object Repository/Page_Moodle Administration Plugins Reposito_b84f2c/input_This allows all files in the reposito_ba0d3d' is clicked on

2022-01-11 20:35:57 - [MESSAGE][PASSED] - Object: 'Object Repository/Page_Moodle Administration Plugins Reposito_b84f2c/input_This allows all files in the reposito_ba0d3d' is clicked on]]></system-out>
         <system-err><![CDATA[]]></system-err>
      </testcase>
      <testcase name="Test Cases/Admin config outgoing email" time="19.065" classname="Test Cases/Admin config outgoing email" status="PASSED">
         <system-out><![CDATA[2022-01-11 20:35:58 - [TEST_CASE][PASSED] - Test Cases/Admin config outgoing email: Test Cases/Admin config outgoing email

2022-01-11 20:35:58 - [TEST_STEP][PASSED] - callTestCase(findTestCase("Login as admin"), [:], STOP_ON_FAILURE): Call Test Case 'Test Cases/Login as admin' successfully

2022-01-11 20:35:58 - [TEST_CASE][PASSED] - Test Cases/Login as admin: Test Cases/Login as admin

2022-01-11 20:35:58 - [TEST_STEP][PASSED] - openBrowser(""): Browser is opened with url: ''

2022-01-11 20:35:58 - [MESSAGE][WARNING] - A browser is already opened. Closing browser and opening a new one

2022-01-11 20:35:59 - [MESSAGE][INFO] - Starting 'Edge Chromium' driver

2022-01-11 20:35:59 - [MESSAGE][INFO] - Action delay is set to 0 milliseconds

2022-01-11 20:36:01 - [MESSAGE][PASSED] - Browser is opened with url: ''

2022-01-11 20:36:01 - [TEST_STEP][PASSED] - navigateToUrl("http://localhost/"): Navigate to 'http://localhost/' successfully

2022-01-11 20:36:01 - [MESSAGE][PASSED] - Navigate to 'http://localhost/' successfully

2022-01-11 20:36:01 - [TEST_STEP][PASSED] - click(findTestObject("Object Repository/Page_My Moodle/a_Log in")): Object: 'Object Repository/Page_My Moodle/a_Log in' is clicked on

2022-01-11 20:36:02 - [MESSAGE][PASSED] - Object: 'Object Repository/Page_My Moodle/a_Log in' is clicked on

2022-01-11 20:36:02 - [TEST_STEP][PASSED] - setText(findTestObject("Object Repository/Page_My Moodle Log in to the site/input_Username_username"), "admin"): Text 'admin' is set on object 'Object Repository/Page_My Moodle Log in to the site/input_Username_username'

2022-01-11 20:36:03 - [MESSAGE][PASSED] - Text 'admin' is set on object 'Object Repository/Page_My Moodle Log in to the site/input_Username_username'

2022-01-11 20:36:03 - [TEST_STEP][PASSED] - setEncryptedText(findTestObject("Object Repository/Page_My Moodle Log in to the site/input_Password_password"), "7Dxoto1EjKfQbGop/Ov+1g=="): Text ****** has been set on object 'Object Repository/Page_My Moodle Log in to the site/input_Password_password'

2022-01-11 20:36:03 - [MESSAGE][PASSED] - Text ****** has been set on object 'Object Repository/Page_My Moodle Log in to the site/input_Password_password'

2022-01-11 20:36:03 - [TEST_STEP][PASSED] - click(findTestObject("Object Repository/Page_My Moodle Log in to the site/button_Log in")): Object: 'Object Repository/Page_My Moodle Log in to the site/button_Log in' is clicked on

2022-01-11 20:36:04 - [MESSAGE][PASSED] - Object: 'Object Repository/Page_My Moodle Log in to the site/button_Log in' is clicked on

2022-01-11 20:36:04 - [MESSAGE][PASSED] - Call Test Case 'Test Cases/Login as admin' successfully

2022-01-11 20:36:04 - [TEST_STEP][PASSED] - click(findTestObject("Object Repository/Page_Dashboard/span_Site administration")): Object: 'Object Repository/Page_Dashboard/span_Site administration' is clicked on

2022-01-11 20:36:06 - [MESSAGE][PASSED] - Object: 'Object Repository/Page_Dashboard/span_Site administration' is clicked on

2022-01-11 20:36:06 - [TEST_STEP][PASSED] - navigateToUrl("http://localhost/admin/search.php"): Navigate to 'http://localhost/admin/search.php' successfully

2022-01-11 20:36:07 - [MESSAGE][PASSED] - Navigate to 'http://localhost/admin/search.php' successfully

2022-01-11 20:36:07 - [TEST_STEP][PASSED] - click(findTestObject("Object Repository/Page_Moodle Administration Search/a_Server")): Object: 'Object Repository/Page_Moodle Administration Search/a_Server' is clicked on

2022-01-11 20:36:07 - [MESSAGE][PASSED] - Object: 'Object Repository/Page_Moodle Administration Search/a_Server' is clicked on

2022-01-11 20:36:07 - [TEST_STEP][PASSED] - click(findTestObject("Object Repository/Page_Moodle Administration Search/a_Outgoing mail configuration")): Object: 'Object Repository/Page_Moodle Administration Search/a_Outgoing mail configuration' is clicked on

2022-01-11 20:36:08 - [MESSAGE][PASSED] - Object: 'Object Repository/Page_Moodle Administration Search/a_Outgoing mail configuration' is clicked on

2022-01-11 20:36:08 - [TEST_STEP][PASSED] - setText(findTestObject("Object Repository/Page_Moodle Administration Server Email Out_d1e642/input_smtphosts_s__smtphosts"), "smtp.gmail.com:587"): Text 'smtp.gmail.com:587' is set on object 'Object Repository/Page_Moodle Administration Server Email Out_d1e642/input_smtphosts_s__smtphosts'

2022-01-11 20:36:09 - [MESSAGE][PASSED] - Text 'smtp.gmail.com:587' is set on object 'Object Repository/Page_Moodle Administration Server Email Out_d1e642/input_smtphosts_s__smtphosts'

2022-01-11 20:36:09 - [TEST_STEP][PASSED] - selectOptionByValue(findTestObject("Object Repository/Page_Moodle Administration Server Email Out_d1e642/select_None            SSL            TLS"), "tls", true): All options with value 'tls' are selected in object 'Object Repository/Page_Moodle Administration Server Email Out_d1e642/select_None            SSL            TLS'  using regular expression

2022-01-11 20:36:11 - [MESSAGE][PASSED] - All options with value 'tls' are selected in object 'Object Repository/Page_Moodle Administration Server Email Out_d1e642/select_None            SSL            TLS'  using regular expression

2022-01-11 20:36:11 - [TEST_STEP][PASSED] - setText(findTestObject("Object Repository/Page_Moodle Administration Server Email Out_d1e642/input_smtpuser_s__smtpuser"), "moodle.testing.team@gmail.com"): Text 'moodle.testing.team@gmail.com' is set on object 'Object Repository/Page_Moodle Administration Server Email Out_d1e642/input_smtpuser_s__smtpuser'

2022-01-11 20:36:11 - [MESSAGE][PASSED] - Text 'moodle.testing.team@gmail.com' is set on object 'Object Repository/Page_Moodle Administration Server Email Out_d1e642/input_smtpuser_s__smtpuser'

2022-01-11 20:36:11 - [TEST_STEP][PASSED] - click(findTestObject("Object Repository/Page_Moodle Administration Server Email Out_d1e642/i_Click to enter text_icon fa fa-pencil fa-fw")): Object: 'Object Repository/Page_Moodle Administration Server Email Out_d1e642/i_Click to enter text_icon fa fa-pencil fa-fw' is clicked on

2022-01-11 20:36:12 - [MESSAGE][PASSED] - Object: 'Object Repository/Page_Moodle Administration Server Email Out_d1e642/i_Click to enter text_icon fa fa-pencil fa-fw' is clicked on

2022-01-11 20:36:12 - [TEST_STEP][PASSED] - setEncryptedText(findTestObject("Object Repository/Page_Moodle Administration Server Email Out_d1e642/input_smtppass_s__smtppass"), "vmGLb5mQ4V2AGvF7YR/3BQ=="): Text ****** has been set on object 'Object Repository/Page_Moodle Administration Server Email Out_d1e642/input_smtppass_s__smtppass'

2022-01-11 20:36:13 - [MESSAGE][PASSED] - Text ****** has been set on object 'Object Repository/Page_Moodle Administration Server Email Out_d1e642/input_smtppass_s__smtppass'

2022-01-11 20:36:13 - [TEST_STEP][PASSED] - setText(findTestObject("Object Repository/Page_Moodle Administration Server Email Out_d1e642/input_noreplyaddress_s__noreplyaddress"), "moodle.testing.team@gmail.com"): Text 'moodle.testing.team@gmail.com' is set on object 'Object Repository/Page_Moodle Administration Server Email Out_d1e642/input_noreplyaddress_s__noreplyaddress'

2022-01-11 20:36:14 - [MESSAGE][PASSED] - Text 'moodle.testing.team@gmail.com' is set on object 'Object Repository/Page_Moodle Administration Server Email Out_d1e642/input_noreplyaddress_s__noreplyaddress'

2022-01-11 20:36:14 - [TEST_STEP][PASSED] - click(findTestObject("Object Repository/Page_Moodle Administration Server Email Out_d1e642/button_Save changes")): Object: 'Object Repository/Page_Moodle Administration Server Email Out_d1e642/button_Save changes' is clicked on

2022-01-11 20:36:16 - [MESSAGE][PASSED] - Object: 'Object Repository/Page_Moodle Administration Server Email Out_d1e642/button_Save changes' is clicked on

2022-01-11 20:36:16 - [TEST_STEP][PASSED] - click(findTestObject("Object Repository/Page_Moodle Administration Server Email Out_d1e642/div_Changes saved")): Object: 'Object Repository/Page_Moodle Administration Server Email Out_d1e642/div_Changes saved' is clicked on

2022-01-11 20:36:17 - [MESSAGE][PASSED] - Object: 'Object Repository/Page_Moodle Administration Server Email Out_d1e642/div_Changes saved' is clicked on]]></system-out>
         <system-err><![CDATA[]]></system-err>
      </testcase>
      <testcase name="Test Cases/Admin edit profile (change email)" time="14.202" classname="Test Cases/Admin edit profile (change email)" status="PASSED">
         <system-out><![CDATA[2022-01-11 20:36:17 - [TEST_CASE][PASSED] - Test Cases/Admin edit profile (change email): Test Cases/Admin edit profile (change email)

2022-01-11 20:36:17 - [TEST_STEP][PASSED] - callTestCase(findTestCase("Login as admin"), [:], STOP_ON_FAILURE): Call Test Case 'Test Cases/Login as admin' successfully

2022-01-11 20:36:17 - [TEST_CASE][PASSED] - Test Cases/Login as admin: Test Cases/Login as admin

2022-01-11 20:36:17 - [TEST_STEP][PASSED] - openBrowser(""): Browser is opened with url: ''

2022-01-11 20:36:17 - [MESSAGE][WARNING] - A browser is already opened. Closing browser and opening a new one

2022-01-11 20:36:18 - [MESSAGE][INFO] - Starting 'Edge Chromium' driver

2022-01-11 20:36:18 - [MESSAGE][INFO] - Action delay is set to 0 milliseconds

2022-01-11 20:36:20 - [MESSAGE][PASSED] - Browser is opened with url: ''

2022-01-11 20:36:20 - [TEST_STEP][PASSED] - navigateToUrl("http://localhost/"): Navigate to 'http://localhost/' successfully

2022-01-11 20:36:20 - [MESSAGE][PASSED] - Navigate to 'http://localhost/' successfully

2022-01-11 20:36:20 - [TEST_STEP][PASSED] - click(findTestObject("Object Repository/Page_My Moodle/a_Log in")): Object: 'Object Repository/Page_My Moodle/a_Log in' is clicked on

2022-01-11 20:36:21 - [MESSAGE][PASSED] - Object: 'Object Repository/Page_My Moodle/a_Log in' is clicked on

2022-01-11 20:36:21 - [TEST_STEP][PASSED] - setText(findTestObject("Object Repository/Page_My Moodle Log in to the site/input_Username_username"), "admin"): Text 'admin' is set on object 'Object Repository/Page_My Moodle Log in to the site/input_Username_username'

2022-01-11 20:36:22 - [MESSAGE][PASSED] - Text 'admin' is set on object 'Object Repository/Page_My Moodle Log in to the site/input_Username_username'

2022-01-11 20:36:22 - [TEST_STEP][PASSED] - setEncryptedText(findTestObject("Object Repository/Page_My Moodle Log in to the site/input_Password_password"), "7Dxoto1EjKfQbGop/Ov+1g=="): Text ****** has been set on object 'Object Repository/Page_My Moodle Log in to the site/input_Password_password'

2022-01-11 20:36:22 - [MESSAGE][PASSED] - Text ****** has been set on object 'Object Repository/Page_My Moodle Log in to the site/input_Password_password'

2022-01-11 20:36:22 - [TEST_STEP][PASSED] - click(findTestObject("Object Repository/Page_My Moodle Log in to the site/button_Log in")): Object: 'Object Repository/Page_My Moodle Log in to the site/button_Log in' is clicked on

2022-01-11 20:36:23 - [MESSAGE][PASSED] - Object: 'Object Repository/Page_My Moodle Log in to the site/button_Log in' is clicked on

2022-01-11 20:36:24 - [MESSAGE][PASSED] - Call Test Case 'Test Cases/Login as admin' successfully

2022-01-11 20:36:24 - [TEST_STEP][PASSED] - click(findTestObject("Object Repository/Page_Dashboard/a_Admin Team")): Object: 'Object Repository/Page_Dashboard/a_Admin Team' is clicked on

2022-01-11 20:36:25 - [MESSAGE][PASSED] - Object: 'Object Repository/Page_Dashboard/a_Admin Team' is clicked on

2022-01-11 20:36:25 - [TEST_STEP][PASSED] - click(findTestObject("Object Repository/Page_Dashboard/span_Preferences")): Object: 'Object Repository/Page_Dashboard/span_Preferences' is clicked on

2022-01-11 20:36:25 - [MESSAGE][PASSED] - Object: 'Object Repository/Page_Dashboard/span_Preferences' is clicked on

2022-01-11 20:36:25 - [TEST_STEP][PASSED] - navigateToUrl("http://localhost/user/preferences.php"): Navigate to 'http://localhost/user/preferences.php' successfully

2022-01-11 20:36:26 - [MESSAGE][PASSED] - Navigate to 'http://localhost/user/preferences.php' successfully

2022-01-11 20:36:26 - [TEST_STEP][PASSED] - click(findTestObject("Object Repository/Page_Preferences/a_Edit profile")): Object: 'Object Repository/Page_Preferences/a_Edit profile' is clicked on

2022-01-11 20:36:29 - [MESSAGE][PASSED] - Object: 'Object Repository/Page_Preferences/a_Edit profile' is clicked on

2022-01-11 20:36:29 - [TEST_STEP][PASSED] - setText(findTestObject("Object Repository/Page_Moodle Edit profile/input_Email address_email"), "moodle.testing.team@gmail.com"): Text 'moodle.testing.team@gmail.com' is set on object 'Object Repository/Page_Moodle Edit profile/input_Email address_email'

2022-01-11 20:36:30 - [MESSAGE][PASSED] - Text 'moodle.testing.team@gmail.com' is set on object 'Object Repository/Page_Moodle Edit profile/input_Email address_email'

2022-01-11 20:36:30 - [TEST_STEP][PASSED] - click(findTestObject("Object Repository/Page_Moodle Edit profile/input_Address_submitbutton")): Object: 'Object Repository/Page_Moodle Edit profile/input_Address_submitbutton' is clicked on

2022-01-11 20:36:31 - [MESSAGE][PASSED] - Object: 'Object Repository/Page_Moodle Edit profile/input_Address_submitbutton' is clicked on]]></system-out>
         <system-err><![CDATA[]]></system-err>
      </testcase>
      <testcase name="Test Cases/Admin upload user with csv" time="26.725" classname="Test Cases/Admin upload user with csv" status="PASSED">
         <system-out><![CDATA[2022-01-11 20:36:31 - [TEST_CASE][PASSED] - Test Cases/Admin upload user with csv: Test Cases/Admin upload user with csv

2022-01-11 20:36:31 - [TEST_STEP][PASSED] - callTestCase(findTestCase("Login as admin"), [:], STOP_ON_FAILURE): Call Test Case 'Test Cases/Login as admin' successfully

2022-01-11 20:36:31 - [TEST_CASE][PASSED] - Test Cases/Login as admin: Test Cases/Login as admin

2022-01-11 20:36:31 - [TEST_STEP][PASSED] - openBrowser(""): Browser is opened with url: ''

2022-01-11 20:36:31 - [MESSAGE][WARNING] - A browser is already opened. Closing browser and opening a new one

2022-01-11 20:36:32 - [MESSAGE][INFO] - Starting 'Edge Chromium' driver

2022-01-11 20:36:33 - [MESSAGE][INFO] - Action delay is set to 0 milliseconds

2022-01-11 20:36:34 - [MESSAGE][PASSED] - Browser is opened with url: ''

2022-01-11 20:36:34 - [TEST_STEP][PASSED] - navigateToUrl("http://localhost/"): Navigate to 'http://localhost/' successfully

2022-01-11 20:36:35 - [MESSAGE][PASSED] - Navigate to 'http://localhost/' successfully

2022-01-11 20:36:35 - [TEST_STEP][PASSED] - click(findTestObject("Object Repository/Page_My Moodle/a_Log in")): Object: 'Object Repository/Page_My Moodle/a_Log in' is clicked on

2022-01-11 20:36:35 - [MESSAGE][PASSED] - Object: 'Object Repository/Page_My Moodle/a_Log in' is clicked on

2022-01-11 20:36:35 - [TEST_STEP][PASSED] - setText(findTestObject("Object Repository/Page_My Moodle Log in to the site/input_Username_username"), "admin"): Text 'admin' is set on object 'Object Repository/Page_My Moodle Log in to the site/input_Username_username'

2022-01-11 20:36:36 - [MESSAGE][PASSED] - Text 'admin' is set on object 'Object Repository/Page_My Moodle Log in to the site/input_Username_username'

2022-01-11 20:36:36 - [TEST_STEP][PASSED] - setEncryptedText(findTestObject("Object Repository/Page_My Moodle Log in to the site/input_Password_password"), "7Dxoto1EjKfQbGop/Ov+1g=="): Text ****** has been set on object 'Object Repository/Page_My Moodle Log in to the site/input_Password_password'

2022-01-11 20:36:36 - [MESSAGE][PASSED] - Text ****** has been set on object 'Object Repository/Page_My Moodle Log in to the site/input_Password_password'

2022-01-11 20:36:36 - [TEST_STEP][PASSED] - click(findTestObject("Object Repository/Page_My Moodle Log in to the site/button_Log in")): Object: 'Object Repository/Page_My Moodle Log in to the site/button_Log in' is clicked on

2022-01-11 20:36:38 - [MESSAGE][PASSED] - Object: 'Object Repository/Page_My Moodle Log in to the site/button_Log in' is clicked on

2022-01-11 20:36:38 - [MESSAGE][PASSED] - Call Test Case 'Test Cases/Login as admin' successfully

2022-01-11 20:36:38 - [TEST_STEP][PASSED] - click(findTestObject("Object Repository/Page_Dashboard/span_Site administration")): Object: 'Object Repository/Page_Dashboard/span_Site administration' is clicked on

2022-01-11 20:36:39 - [MESSAGE][PASSED] - Object: 'Object Repository/Page_Dashboard/span_Site administration' is clicked on

2022-01-11 20:36:39 - [TEST_STEP][PASSED] - click(findTestObject("Object Repository/Page_MT Administration Search/a_Users")): Object: 'Object Repository/Page_MT Administration Search/a_Users' is clicked on

2022-01-11 20:36:40 - [MESSAGE][PASSED] - Object: 'Object Repository/Page_MT Administration Search/a_Users' is clicked on

2022-01-11 20:36:40 - [TEST_STEP][PASSED] - click(findTestObject("Object Repository/Page_MT Administration Search/a_Upload users")): Object: 'Object Repository/Page_MT Administration Search/a_Upload users' is clicked on

2022-01-11 20:36:41 - [MESSAGE][PASSED] - Object: 'Object Repository/Page_MT Administration Search/a_Upload users' is clicked on

2022-01-11 20:36:41 - [TEST_STEP][PASSED] - click(findTestObject("Page_Moodle Administration Users Accounts Upload users/input_File_userfilechoose")): Object: 'Object Repository/Page_Moodle Administration Users Accounts Upload users/input_File_userfilechoose' is clicked on

2022-01-11 20:36:42 - [MESSAGE][PASSED] - Object: 'Object Repository/Page_Moodle Administration Users Accounts Upload users/input_File_userfilechoose' is clicked on

2022-01-11 20:36:42 - [TEST_STEP][PASSED] - click(findTestObject("Page_Moodle Administration Users Accounts Upload users/a_csv")): Object: 'Object Repository/Page_Moodle Administration Users Accounts Upload users/a_csv' is clicked on

2022-01-11 20:36:43 - [MESSAGE][PASSED] - Object: 'Object Repository/Page_Moodle Administration Users Accounts Upload users/a_csv' is clicked on

2022-01-11 20:36:43 - [TEST_STEP][PASSED] - click(findTestObject("Page_Moodle Administration Users Accounts Upload users/usercorrect")): Object: 'Object Repository/Page_Moodle Administration Users Accounts Upload users/usercorrect' is clicked on

2022-01-11 20:36:43 - [MESSAGE][PASSED] - Object: 'Object Repository/Page_Moodle Administration Users Accounts Upload users/usercorrect' is clicked on

2022-01-11 20:36:43 - [TEST_STEP][PASSED] - click(findTestObject("Page_Moodle Administration Users Accounts Upload users/button_Select this file")): Object: 'Object Repository/Page_Moodle Administration Users Accounts Upload users/button_Select this file' is clicked on

2022-01-11 20:36:44 - [MESSAGE][PASSED] - Object: 'Object Repository/Page_Moodle Administration Users Accounts Upload users/button_Select this file' is clicked on

2022-01-11 20:36:44 - [TEST_STEP][PASSED] - click(findTestObject("Object Repository/Page_MT Administration Users Accounts Upload users/input_Preview rows_submitbutton")): Object: 'Object Repository/Page_MT Administration Users Accounts Upload users/input_Preview rows_submitbutton' is clicked on

2022-01-11 20:36:45 - [MESSAGE][PASSED] - Object: 'Object Repository/Page_MT Administration Users Accounts Upload users/input_Preview rows_submitbutton' is clicked on

2022-01-11 20:36:45 - [TEST_STEP][PASSED] - selectOptionByValue(findTestObject("Object Repository/Page_MT Administration Users Accounts Upload users/select_Field required in file            Cr_517de1"), "0", true): All options with value '0' are selected in object 'Object Repository/Page_MT Administration Users Accounts Upload users/select_Field required in file            Cr_517de1'  using regular expression

2022-01-11 20:36:47 - [MESSAGE][PASSED] - All options with value '0' are selected in object 'Object Repository/Page_MT Administration Users Accounts Upload users/select_Field required in file            Cr_517de1'  using regular expression

2022-01-11 20:36:47 - [TEST_STEP][PASSED] - selectOptionByValue(findTestObject("Object Repository/Page_MT Administration Users Accounts Upload users/select_Users having a weak password        _b6a197"), "0", true): All options with value '0' are selected in object 'Object Repository/Page_MT Administration Users Accounts Upload users/select_Users having a weak password        _b6a197'  using regular expression

2022-01-11 20:36:48 - [MESSAGE][PASSED] - All options with value '0' are selected in object 'Object Repository/Page_MT Administration Users Accounts Upload users/select_Users having a weak password        _b6a197'  using regular expression

2022-01-11 20:36:48 - [TEST_STEP][PASSED] - click(findTestObject("Object Repository/Page_MT Administration Users Accounts Upload users/input_Preview rows_submitbutton")): Object: 'Object Repository/Page_MT Administration Users Accounts Upload users/input_Preview rows_submitbutton' is clicked on

2022-01-11 20:36:49 - [MESSAGE][PASSED] - Object: 'Object Repository/Page_MT Administration Users Accounts Upload users/input_Preview rows_submitbutton' is clicked on

2022-01-11 20:36:49 - [TEST_STEP][PASSED] - click(findTestObject("Object Repository/Page_MT Administration Users Accounts Upload users/button_Continue")): Object: 'Object Repository/Page_MT Administration Users Accounts Upload users/button_Continue' is clicked on

2022-01-11 20:36:51 - [MESSAGE][PASSED] - Object: 'Object Repository/Page_MT Administration Users Accounts Upload users/button_Continue' is clicked on

2022-01-11 20:36:51 - [TEST_STEP][PASSED] - click(findTestObject("Object Repository/Page_MT Administration Users Accounts Upload users/a_Admin User")): Object: 'Object Repository/Page_MT Administration Users Accounts Upload users/a_Admin User' is clicked on

2022-01-11 20:36:51 - [MESSAGE][PASSED] - Object: 'Object Repository/Page_MT Administration Users Accounts Upload users/a_Admin User' is clicked on

2022-01-11 20:36:51 - [TEST_STEP][PASSED] - click(findTestObject("Object Repository/Page_MT Administration Users Accounts Upload users/span_Log out")): Object: 'Object Repository/Page_MT Administration Users Accounts Upload users/span_Log out' is clicked on

2022-01-11 20:36:52 - [MESSAGE][PASSED] - Object: 'Object Repository/Page_MT Administration Users Accounts Upload users/span_Log out' is clicked on

2022-01-11 20:36:52 - [TEST_STEP][PASSED] - click(findTestObject("Object Repository/Page_Moodle Testing/a_Log in")): Object: 'Object Repository/Page_Moodle Testing/a_Log in' is clicked on

2022-01-11 20:36:53 - [MESSAGE][PASSED] - Object: 'Object Repository/Page_Moodle Testing/a_Log in' is clicked on

2022-01-11 20:36:53 - [TEST_STEP][PASSED] - setText(findTestObject("Object Repository/Page_Moodle Testing Log in to the site/input_Username_username"), "student1"): Text 'student1' is set on object 'Object Repository/Page_Moodle Testing Log in to the site/input_Username_username'

2022-01-11 20:36:54 - [MESSAGE][PASSED] - Text 'student1' is set on object 'Object Repository/Page_Moodle Testing Log in to the site/input_Username_username'

2022-01-11 20:36:54 - [TEST_STEP][PASSED] - setEncryptedText(findTestObject("Object Repository/Page_Moodle Testing Log in to the site/input_Password_password"), "HeCM15nHKBI="): Text ****** has been set on object 'Object Repository/Page_Moodle Testing Log in to the site/input_Password_password'

2022-01-11 20:36:54 - [MESSAGE][PASSED] - Text ****** has been set on object 'Object Repository/Page_Moodle Testing Log in to the site/input_Password_password'

2022-01-11 20:36:54 - [TEST_STEP][PASSED] - click(findTestObject("Object Repository/Page_Moodle Testing Log in to the site/button_Log in")): Object: 'Object Repository/Page_Moodle Testing Log in to the site/button_Log in' is clicked on

2022-01-11 20:36:55 - [MESSAGE][PASSED] - Object: 'Object Repository/Page_Moodle Testing Log in to the site/button_Log in' is clicked on

2022-01-11 20:36:55 - [TEST_STEP][PASSED] - click(findTestObject("Object Repository/Page_Dashboard/i_MT_icon fa fa-bell fa-fw")): Object: 'Object Repository/Page_Dashboard/i_MT_icon fa fa-bell fa-fw' is clicked on

2022-01-11 20:36:57 - [MESSAGE][PASSED] - Object: 'Object Repository/Page_Dashboard/i_MT_icon fa fa-bell fa-fw' is clicked on

2022-01-11 20:36:57 - [TEST_STEP][PASSED] - closeBrowser(): Browser is closed

2022-01-11 20:36:58 - [MESSAGE][PASSED] - Browser is closed]]></system-out>
         <system-err><![CDATA[]]></system-err>
      </testcase>
      <testcase name="Test Cases/Admin upload user wrong with csv" time="14.887" classname="Test Cases/Admin upload user wrong with csv" status="PASSED">
         <system-out><![CDATA[2022-01-11 20:36:58 - [TEST_CASE][PASSED] - Test Cases/Admin upload user wrong with csv: Test Cases/Admin upload user wrong with csv

2022-01-11 20:36:58 - [TEST_STEP][PASSED] - callTestCase(findTestCase("Login as admin"), [:], STOP_ON_FAILURE): Call Test Case 'Test Cases/Login as admin' successfully

2022-01-11 20:36:58 - [TEST_CASE][PASSED] - Test Cases/Login as admin: Test Cases/Login as admin

2022-01-11 20:36:58 - [TEST_STEP][PASSED] - openBrowser(""): Browser is opened with url: ''

2022-01-11 20:36:58 - [MESSAGE][INFO] - Starting 'Edge Chromium' driver

2022-01-11 20:36:58 - [MESSAGE][INFO] - Action delay is set to 0 milliseconds

2022-01-11 20:37:00 - [MESSAGE][PASSED] - Browser is opened with url: ''

2022-01-11 20:37:00 - [TEST_STEP][PASSED] - navigateToUrl("http://localhost/"): Navigate to 'http://localhost/' successfully

2022-01-11 20:37:00 - [MESSAGE][PASSED] - Navigate to 'http://localhost/' successfully

2022-01-11 20:37:00 - [TEST_STEP][PASSED] - click(findTestObject("Object Repository/Page_My Moodle/a_Log in")): Object: 'Object Repository/Page_My Moodle/a_Log in' is clicked on

2022-01-11 20:37:01 - [MESSAGE][PASSED] - Object: 'Object Repository/Page_My Moodle/a_Log in' is clicked on

2022-01-11 20:37:01 - [TEST_STEP][PASSED] - setText(findTestObject("Object Repository/Page_My Moodle Log in to the site/input_Username_username"), "admin"): Text 'admin' is set on object 'Object Repository/Page_My Moodle Log in to the site/input_Username_username'

2022-01-11 20:37:02 - [MESSAGE][PASSED] - Text 'admin' is set on object 'Object Repository/Page_My Moodle Log in to the site/input_Username_username'

2022-01-11 20:37:02 - [TEST_STEP][PASSED] - setEncryptedText(findTestObject("Object Repository/Page_My Moodle Log in to the site/input_Password_password"), "7Dxoto1EjKfQbGop/Ov+1g=="): Text ****** has been set on object 'Object Repository/Page_My Moodle Log in to the site/input_Password_password'

2022-01-11 20:37:02 - [MESSAGE][PASSED] - Text ****** has been set on object 'Object Repository/Page_My Moodle Log in to the site/input_Password_password'

2022-01-11 20:37:02 - [TEST_STEP][PASSED] - click(findTestObject("Object Repository/Page_My Moodle Log in to the site/button_Log in")): Object: 'Object Repository/Page_My Moodle Log in to the site/button_Log in' is clicked on

2022-01-11 20:37:03 - [MESSAGE][PASSED] - Object: 'Object Repository/Page_My Moodle Log in to the site/button_Log in' is clicked on

2022-01-11 20:37:03 - [MESSAGE][PASSED] - Call Test Case 'Test Cases/Login as admin' successfully

2022-01-11 20:37:03 - [TEST_STEP][PASSED] - click(findTestObject("Object Repository/Page_Dashboard/span_Site administration")): Object: 'Object Repository/Page_Dashboard/span_Site administration' is clicked on

2022-01-11 20:37:06 - [MESSAGE][PASSED] - Object: 'Object Repository/Page_Dashboard/span_Site administration' is clicked on

2022-01-11 20:37:06 - [TEST_STEP][PASSED] - click(findTestObject("Object Repository/Page_MT Administration Search/a_Users")): Object: 'Object Repository/Page_MT Administration Search/a_Users' is clicked on

2022-01-11 20:37:06 - [MESSAGE][PASSED] - Object: 'Object Repository/Page_MT Administration Search/a_Users' is clicked on

2022-01-11 20:37:06 - [TEST_STEP][PASSED] - click(findTestObject("Object Repository/Page_MT Administration Search/a_Upload users")): Object: 'Object Repository/Page_MT Administration Search/a_Upload users' is clicked on

2022-01-11 20:37:07 - [MESSAGE][PASSED] - Object: 'Object Repository/Page_MT Administration Search/a_Upload users' is clicked on

2022-01-11 20:37:07 - [TEST_STEP][PASSED] - click(findTestObject("Page_Moodle Administration Users Accounts Upload users/input_File_userfilechoose")): Object: 'Object Repository/Page_Moodle Administration Users Accounts Upload users/input_File_userfilechoose' is clicked on

2022-01-11 20:37:08 - [MESSAGE][PASSED] - Object: 'Object Repository/Page_Moodle Administration Users Accounts Upload users/input_File_userfilechoose' is clicked on

2022-01-11 20:37:08 - [TEST_STEP][PASSED] - click(findTestObject("Object Repository/Page_MT Administration Users Accounts Upload users/span_csv")): Object: 'Object Repository/Page_MT Administration Users Accounts Upload users/span_csv' is clicked on

2022-01-11 20:37:09 - [MESSAGE][PASSED] - Object: 'Object Repository/Page_MT Administration Users Accounts Upload users/span_csv' is clicked on

2022-01-11 20:37:09 - [TEST_STEP][PASSED] - click(findTestObject("Page_Moodle Administration Users Accounts Upload users/userwrong")): Object: 'Object Repository/Page_Moodle Administration Users Accounts Upload users/userwrong' is clicked on

2022-01-11 20:37:09 - [MESSAGE][PASSED] - Object: 'Object Repository/Page_Moodle Administration Users Accounts Upload users/userwrong' is clicked on

2022-01-11 20:37:09 - [TEST_STEP][PASSED] - click(findTestObject("Object Repository/Page_MT Administration Users Accounts Upload users/button_Select this file")): Object: 'Object Repository/Page_MT Administration Users Accounts Upload users/button_Select this file' is clicked on

2022-01-11 20:37:10 - [MESSAGE][PASSED] - Object: 'Object Repository/Page_MT Administration Users Accounts Upload users/button_Select this file' is clicked on

2022-01-11 20:37:10 - [TEST_STEP][PASSED] - click(findTestObject("Object Repository/Page_MT Administration Users Accounts Upload users/input_Preview rows_submitbutton")): Object: 'Object Repository/Page_MT Administration Users Accounts Upload users/input_Preview rows_submitbutton' is clicked on

2022-01-11 20:37:11 - [MESSAGE][PASSED] - Object: 'Object Repository/Page_MT Administration Users Accounts Upload users/input_Preview rows_submitbutton' is clicked on

2022-01-11 20:37:11 - [TEST_STEP][PASSED] - verifyEqual(getText(findTestObject("Object Repository/Page_Error/p_An error occurred while loading the CSV file Invalid CSV file format - number of columns is not constant")).toString(), "An error occurred while loading the CSV file: Invalid CSV file format - number of columns is not constant!"): Actual object 'An error occurred while loading the CSV file: Invalid CSV file format - number of columns is not constant!' and expected object 'An error occurred while loading the CSV file: Invalid CSV file format - number of columns is not constant!' are equal

2022-01-11 20:37:12 - [MESSAGE][PASSED] - Text of object 'Object Repository/Page_Error/p_An error occurred while loading the CSV file Invalid CSV file format - number of columns is not constant' is: 'An error occurred while loading the CSV file: Invalid CSV file format - number of columns is not constant!'

2022-01-11 20:37:12 - [MESSAGE][PASSED] - Actual object 'An error occurred while loading the CSV file: Invalid CSV file format - number of columns is not constant!' and expected object 'An error occurred while loading the CSV file: Invalid CSV file format - number of columns is not constant!' are equal

2022-01-11 20:37:12 - [TEST_STEP][PASSED] - closeBrowser(): Browser is closed

2022-01-11 20:37:12 - [MESSAGE][PASSED] - Browser is closed]]></system-out>
         <system-err><![CDATA[]]></system-err>
      </testcase>
      <testcase name="Test Cases/Admin create user" time="24.732" classname="Test Cases/Admin create user" status="PASSED">
         <system-out><![CDATA[2022-01-11 20:37:12 - [TEST_CASE][PASSED] - Test Cases/Admin create user: Test Cases/Admin create user

2022-01-11 20:37:13 - [TEST_STEP][PASSED] - callTestCase(findTestCase("Login as admin"), [:], STOP_ON_FAILURE): Call Test Case 'Test Cases/Login as admin' successfully

2022-01-11 20:37:13 - [TEST_CASE][PASSED] - Test Cases/Login as admin: Test Cases/Login as admin

2022-01-11 20:37:13 - [TEST_STEP][PASSED] - openBrowser(""): Browser is opened with url: ''

2022-01-11 20:37:13 - [MESSAGE][INFO] - Starting 'Edge Chromium' driver

2022-01-11 20:37:13 - [MESSAGE][INFO] - Action delay is set to 0 milliseconds

2022-01-11 20:37:15 - [MESSAGE][PASSED] - Browser is opened with url: ''

2022-01-11 20:37:15 - [TEST_STEP][PASSED] - navigateToUrl("http://localhost/"): Navigate to 'http://localhost/' successfully

2022-01-11 20:37:15 - [MESSAGE][PASSED] - Navigate to 'http://localhost/' successfully

2022-01-11 20:37:15 - [TEST_STEP][PASSED] - click(findTestObject("Object Repository/Page_My Moodle/a_Log in")): Object: 'Object Repository/Page_My Moodle/a_Log in' is clicked on

2022-01-11 20:37:16 - [MESSAGE][PASSED] - Object: 'Object Repository/Page_My Moodle/a_Log in' is clicked on

2022-01-11 20:37:16 - [TEST_STEP][PASSED] - setText(findTestObject("Object Repository/Page_My Moodle Log in to the site/input_Username_username"), "admin"): Text 'admin' is set on object 'Object Repository/Page_My Moodle Log in to the site/input_Username_username'

2022-01-11 20:37:17 - [MESSAGE][PASSED] - Text 'admin' is set on object 'Object Repository/Page_My Moodle Log in to the site/input_Username_username'

2022-01-11 20:37:17 - [TEST_STEP][PASSED] - setEncryptedText(findTestObject("Object Repository/Page_My Moodle Log in to the site/input_Password_password"), "7Dxoto1EjKfQbGop/Ov+1g=="): Text ****** has been set on object 'Object Repository/Page_My Moodle Log in to the site/input_Password_password'

2022-01-11 20:37:17 - [MESSAGE][PASSED] - Text ****** has been set on object 'Object Repository/Page_My Moodle Log in to the site/input_Password_password'

2022-01-11 20:37:17 - [TEST_STEP][PASSED] - click(findTestObject("Object Repository/Page_My Moodle Log in to the site/button_Log in")): Object: 'Object Repository/Page_My Moodle Log in to the site/button_Log in' is clicked on

2022-01-11 20:37:18 - [MESSAGE][PASSED] - Object: 'Object Repository/Page_My Moodle Log in to the site/button_Log in' is clicked on

2022-01-11 20:37:18 - [MESSAGE][PASSED] - Call Test Case 'Test Cases/Login as admin' successfully

2022-01-11 20:37:18 - [TEST_STEP][PASSED] - click(findTestObject("Object Repository/Page_Dashboard/a_Site administration")): Object: 'Object Repository/Page_Dashboard/a_Site administration' is clicked on

2022-01-11 20:37:20 - [MESSAGE][PASSED] - Object: 'Object Repository/Page_Dashboard/a_Site administration' is clicked on

2022-01-11 20:37:20 - [TEST_STEP][PASSED] - navigateToUrl("http://localhost/admin/search.php"): Navigate to 'http://localhost/admin/search.php' successfully

2022-01-11 20:37:20 - [MESSAGE][PASSED] - Navigate to 'http://localhost/admin/search.php' successfully

2022-01-11 20:37:20 - [TEST_STEP][PASSED] - click(findTestObject("Object Repository/Page_Moodle Administration Search/a_Users")): Object: 'Object Repository/Page_Moodle Administration Search/a_Users' is clicked on

2022-01-11 20:37:21 - [MESSAGE][PASSED] - Object: 'Object Repository/Page_Moodle Administration Search/a_Users' is clicked on

2022-01-11 20:37:21 - [TEST_STEP][PASSED] - click(findTestObject("Object Repository/Page_Moodle Administration Search/a_Add a new user")): Object: 'Object Repository/Page_Moodle Administration Search/a_Add a new user' is clicked on

2022-01-11 20:37:22 - [MESSAGE][PASSED] - Object: 'Object Repository/Page_Moodle Administration Search/a_Add a new user' is clicked on

2022-01-11 20:37:22 - [TEST_STEP][PASSED] - setText(findTestObject("Object Repository/Page_Moodle Administration Users Accounts A_0fbd97/input_Username_username"), "trongle"): Text 'trongle' is set on object 'Object Repository/Page_Moodle Administration Users Accounts A_0fbd97/input_Username_username'

2022-01-11 20:37:24 - [MESSAGE][PASSED] - Text 'trongle' is set on object 'Object Repository/Page_Moodle Administration Users Accounts A_0fbd97/input_Username_username'

2022-01-11 20:37:24 - [TEST_STEP][PASSED] - click(findTestObject("Page_Moodle Administration Users Accounts Add a new user/a_Click to enter text")): Object: 'Object Repository/Page_Moodle Administration Users Accounts Add a new user/a_Click to enter text' is clicked on

2022-01-11 20:37:24 - [MESSAGE][PASSED] - Object: 'Object Repository/Page_Moodle Administration Users Accounts Add a new user/a_Click to enter text' is clicked on

2022-01-11 20:37:24 - [TEST_STEP][PASSED] - setEncryptedText(findTestObject("Object Repository/Page_Moodle Administration Users Accounts A_0fbd97/input_New password_newpassword"), "Ta6u/19GniC0jLl2J4N0KA=="): Text ****** has been set on object 'Object Repository/Page_Moodle Administration Users Accounts A_0fbd97/input_New password_newpassword'

2022-01-11 20:37:25 - [MESSAGE][PASSED] - Text ****** has been set on object 'Object Repository/Page_Moodle Administration Users Accounts A_0fbd97/input_New password_newpassword'

2022-01-11 20:37:25 - [TEST_STEP][PASSED] - setText(findTestObject("Object Repository/Page_Moodle Administration Users Accounts A_0fbd97/input_First name_firstname"), "Trong"): Text 'Trong' is set on object 'Object Repository/Page_Moodle Administration Users Accounts A_0fbd97/input_First name_firstname'

2022-01-11 20:37:26 - [MESSAGE][PASSED] - Text 'Trong' is set on object 'Object Repository/Page_Moodle Administration Users Accounts A_0fbd97/input_First name_firstname'

2022-01-11 20:37:26 - [TEST_STEP][PASSED] - setText(findTestObject("Object Repository/Page_Moodle Administration Users Accounts A_0fbd97/input_Surname_lastname"), "Le"): Text 'Le' is set on object 'Object Repository/Page_Moodle Administration Users Accounts A_0fbd97/input_Surname_lastname'

2022-01-11 20:37:27 - [MESSAGE][PASSED] - Text 'Le' is set on object 'Object Repository/Page_Moodle Administration Users Accounts A_0fbd97/input_Surname_lastname'

2022-01-11 20:37:27 - [TEST_STEP][PASSED] - setText(findTestObject("Object Repository/Page_Moodle Administration Users Accounts A_0fbd97/input_Email address_email"), "quoctrongle2001@gmail.com"): Text 'quoctrongle2001@gmail.com' is set on object 'Object Repository/Page_Moodle Administration Users Accounts A_0fbd97/input_Email address_email'

2022-01-11 20:37:28 - [MESSAGE][PASSED] - Text 'quoctrongle2001@gmail.com' is set on object 'Object Repository/Page_Moodle Administration Users Accounts A_0fbd97/input_Email address_email'

2022-01-11 20:37:28 - [TEST_STEP][PASSED] - click(findTestObject("Object Repository/Page_Moodle Administration Users Accounts A_0fbd97/input_Address_submitbutton")): Object: 'Object Repository/Page_Moodle Administration Users Accounts A_0fbd97/input_Address_submitbutton' is clicked on

2022-01-11 20:37:30 - [MESSAGE][PASSED] - Object: 'Object Repository/Page_Moodle Administration Users Accounts A_0fbd97/input_Address_submitbutton' is clicked on

2022-01-11 20:37:30 - [TEST_STEP][PASSED] - click(findTestObject("Object Repository/Page_Moodle Administration Users Accounts B_4543d8/div_Changes saved")): Object: 'Object Repository/Page_Moodle Administration Users Accounts B_4543d8/div_Changes saved' is clicked on

2022-01-11 20:37:31 - [MESSAGE][PASSED] - Object: 'Object Repository/Page_Moodle Administration Users Accounts B_4543d8/div_Changes saved' is clicked on

2022-01-11 20:37:31 - [TEST_STEP][PASSED] - click(findTestObject("Object Repository/Page_MT Administration Users Accounts Upload users/a_Admin User")): Object: 'Object Repository/Page_MT Administration Users Accounts Upload users/a_Admin User' is clicked on

2022-01-11 20:37:31 - [MESSAGE][PASSED] - Object: 'Object Repository/Page_MT Administration Users Accounts Upload users/a_Admin User' is clicked on

2022-01-11 20:37:31 - [TEST_STEP][PASSED] - click(findTestObject("Object Repository/Page_MT Administration Users Accounts Upload users/span_Log out")): Object: 'Object Repository/Page_MT Administration Users Accounts Upload users/span_Log out' is clicked on

2022-01-11 20:37:32 - [MESSAGE][PASSED] - Object: 'Object Repository/Page_MT Administration Users Accounts Upload users/span_Log out' is clicked on

2022-01-11 20:37:32 - [TEST_STEP][PASSED] - click(findTestObject("Object Repository/Page_Moodle Testing/a_Log in")): Object: 'Object Repository/Page_Moodle Testing/a_Log in' is clicked on

2022-01-11 20:37:33 - [MESSAGE][PASSED] - Object: 'Object Repository/Page_Moodle Testing/a_Log in' is clicked on

2022-01-11 20:37:33 - [TEST_STEP][PASSED] - setText(findTestObject("Object Repository/Page_Moodle Testing Log in to the site/input_Username_username"), "trongle"): Text 'trongle' is set on object 'Object Repository/Page_Moodle Testing Log in to the site/input_Username_username'

2022-01-11 20:37:34 - [MESSAGE][PASSED] - Text 'trongle' is set on object 'Object Repository/Page_Moodle Testing Log in to the site/input_Username_username'

2022-01-11 20:37:34 - [TEST_STEP][PASSED] - setEncryptedText(findTestObject("Object Repository/Page_Moodle Testing Log in to the site/input_Password_password"), "Ta6u/19GniC0jLl2J4N0KA=="): Text ****** has been set on object 'Object Repository/Page_Moodle Testing Log in to the site/input_Password_password'

2022-01-11 20:37:34 - [MESSAGE][PASSED] - Text ****** has been set on object 'Object Repository/Page_Moodle Testing Log in to the site/input_Password_password'

2022-01-11 20:37:34 - [TEST_STEP][PASSED] - click(findTestObject("Object Repository/Page_Moodle Testing Log in to the site/button_Log in")): Object: 'Object Repository/Page_Moodle Testing Log in to the site/button_Log in' is clicked on

2022-01-11 20:37:36 - [MESSAGE][PASSED] - Object: 'Object Repository/Page_Moodle Testing Log in to the site/button_Log in' is clicked on

2022-01-11 20:37:36 - [TEST_STEP][PASSED] - click(findTestObject("Object Repository/Page_Dashboard/i_MT_icon fa fa-bell fa-fw")): Object: 'Object Repository/Page_Dashboard/i_MT_icon fa fa-bell fa-fw' is clicked on

2022-01-11 20:37:37 - [MESSAGE][PASSED] - Object: 'Object Repository/Page_Dashboard/i_MT_icon fa fa-bell fa-fw' is clicked on]]></system-out>
         <system-err><![CDATA[]]></system-err>
      </testcase>
      <testcase name="Test Cases/Admin create user (already exist)" time="19.531" classname="Test Cases/Admin create user (already exist)" status="PASSED">
         <system-out><![CDATA[2022-01-11 20:37:37 - [TEST_CASE][PASSED] - Test Cases/Admin create user (already exist): Test Cases/Admin create user (already exist)

2022-01-11 20:37:37 - [TEST_STEP][PASSED] - callTestCase(findTestCase("Login as admin"), [:], STOP_ON_FAILURE): Call Test Case 'Test Cases/Login as admin' successfully

2022-01-11 20:37:38 - [TEST_CASE][PASSED] - Test Cases/Login as admin: Test Cases/Login as admin

2022-01-11 20:37:38 - [TEST_STEP][PASSED] - openBrowser(""): Browser is opened with url: ''

2022-01-11 20:37:38 - [MESSAGE][WARNING] - A browser is already opened. Closing browser and opening a new one

2022-01-11 20:37:38 - [MESSAGE][INFO] - Starting 'Edge Chromium' driver

2022-01-11 20:37:39 - [MESSAGE][INFO] - Action delay is set to 0 milliseconds

2022-01-11 20:37:40 - [MESSAGE][PASSED] - Browser is opened with url: ''

2022-01-11 20:37:40 - [TEST_STEP][PASSED] - navigateToUrl("http://localhost/"): Navigate to 'http://localhost/' successfully

2022-01-11 20:37:41 - [MESSAGE][PASSED] - Navigate to 'http://localhost/' successfully

2022-01-11 20:37:41 - [TEST_STEP][PASSED] - click(findTestObject("Object Repository/Page_My Moodle/a_Log in")): Object: 'Object Repository/Page_My Moodle/a_Log in' is clicked on

2022-01-11 20:37:42 - [MESSAGE][PASSED] - Object: 'Object Repository/Page_My Moodle/a_Log in' is clicked on

2022-01-11 20:37:42 - [TEST_STEP][PASSED] - setText(findTestObject("Object Repository/Page_My Moodle Log in to the site/input_Username_username"), "admin"): Text 'admin' is set on object 'Object Repository/Page_My Moodle Log in to the site/input_Username_username'

2022-01-11 20:37:43 - [MESSAGE][PASSED] - Text 'admin' is set on object 'Object Repository/Page_My Moodle Log in to the site/input_Username_username'

2022-01-11 20:37:43 - [TEST_STEP][PASSED] - setEncryptedText(findTestObject("Object Repository/Page_My Moodle Log in to the site/input_Password_password"), "7Dxoto1EjKfQbGop/Ov+1g=="): Text ****** has been set on object 'Object Repository/Page_My Moodle Log in to the site/input_Password_password'

2022-01-11 20:37:43 - [MESSAGE][PASSED] - Text ****** has been set on object 'Object Repository/Page_My Moodle Log in to the site/input_Password_password'

2022-01-11 20:37:43 - [TEST_STEP][PASSED] - click(findTestObject("Object Repository/Page_My Moodle Log in to the site/button_Log in")): Object: 'Object Repository/Page_My Moodle Log in to the site/button_Log in' is clicked on

2022-01-11 20:37:45 - [MESSAGE][PASSED] - Object: 'Object Repository/Page_My Moodle Log in to the site/button_Log in' is clicked on

2022-01-11 20:37:45 - [MESSAGE][PASSED] - Call Test Case 'Test Cases/Login as admin' successfully

2022-01-11 20:37:45 - [TEST_STEP][PASSED] - click(findTestObject("Object Repository/Page_Dashboard/span_Site administration")): Object: 'Object Repository/Page_Dashboard/span_Site administration' is clicked on

2022-01-11 20:37:46 - [MESSAGE][PASSED] - Object: 'Object Repository/Page_Dashboard/span_Site administration' is clicked on

2022-01-11 20:37:46 - [TEST_STEP][PASSED] - navigateToUrl("http://localhost/admin/search.php"): Navigate to 'http://localhost/admin/search.php' successfully

2022-01-11 20:37:47 - [MESSAGE][PASSED] - Navigate to 'http://localhost/admin/search.php' successfully

2022-01-11 20:37:47 - [TEST_STEP][PASSED] - click(findTestObject("Object Repository/Page_Moodle Administration Search/a_Users")): Object: 'Object Repository/Page_Moodle Administration Search/a_Users' is clicked on

2022-01-11 20:37:47 - [MESSAGE][PASSED] - Object: 'Object Repository/Page_Moodle Administration Search/a_Users' is clicked on

2022-01-11 20:37:47 - [TEST_STEP][PASSED] - click(findTestObject("Object Repository/Page_Moodle Administration Search/a_Add a new user")): Object: 'Object Repository/Page_Moodle Administration Search/a_Add a new user' is clicked on

2022-01-11 20:37:49 - [MESSAGE][PASSED] - Object: 'Object Repository/Page_Moodle Administration Search/a_Add a new user' is clicked on

2022-01-11 20:37:49 - [TEST_STEP][PASSED] - setText(findTestObject("Object Repository/Page_Moodle Administration Users Accounts A_0fbd97/input_Username_username"), "trongle"): Text 'trongle' is set on object 'Object Repository/Page_Moodle Administration Users Accounts A_0fbd97/input_Username_username'

2022-01-11 20:37:50 - [MESSAGE][PASSED] - Text 'trongle' is set on object 'Object Repository/Page_Moodle Administration Users Accounts A_0fbd97/input_Username_username'

2022-01-11 20:37:50 - [TEST_STEP][PASSED] - click(findTestObject("Object Repository/Page_Moodle Administration Users Accounts Add a new user/a_Click to enter text")): Object: 'Object Repository/Page_Moodle Administration Users Accounts Add a new user/a_Click to enter text' is clicked on

2022-01-11 20:37:51 - [MESSAGE][PASSED] - Object: 'Object Repository/Page_Moodle Administration Users Accounts Add a new user/a_Click to enter text' is clicked on

2022-01-11 20:37:51 - [TEST_STEP][PASSED] - setEncryptedText(findTestObject("Object Repository/Page_Moodle Administration Users Accounts A_0fbd97/input_New password_newpassword"), "Ta6u/19GniC0jLl2J4N0KA=="): Text ****** has been set on object 'Object Repository/Page_Moodle Administration Users Accounts A_0fbd97/input_New password_newpassword'

2022-01-11 20:37:51 - [MESSAGE][PASSED] - Text ****** has been set on object 'Object Repository/Page_Moodle Administration Users Accounts A_0fbd97/input_New password_newpassword'

2022-01-11 20:37:51 - [TEST_STEP][PASSED] - setText(findTestObject("Object Repository/Page_Moodle Administration Users Accounts A_0fbd97/input_First name_firstname"), "Trong"): Text 'Trong' is set on object 'Object Repository/Page_Moodle Administration Users Accounts A_0fbd97/input_First name_firstname'

2022-01-11 20:37:52 - [MESSAGE][PASSED] - Text 'Trong' is set on object 'Object Repository/Page_Moodle Administration Users Accounts A_0fbd97/input_First name_firstname'

2022-01-11 20:37:52 - [TEST_STEP][PASSED] - setText(findTestObject("Object Repository/Page_Moodle Administration Users Accounts A_0fbd97/input_Surname_lastname"), "Le"): Text 'Le' is set on object 'Object Repository/Page_Moodle Administration Users Accounts A_0fbd97/input_Surname_lastname'

2022-01-11 20:37:53 - [MESSAGE][PASSED] - Text 'Le' is set on object 'Object Repository/Page_Moodle Administration Users Accounts A_0fbd97/input_Surname_lastname'

2022-01-11 20:37:53 - [TEST_STEP][PASSED] - setText(findTestObject("Object Repository/Page_Moodle Administration Users Accounts A_0fbd97/input_Email address_email"), "quoctrongle2001@gmail.com"): Text 'quoctrongle2001@gmail.com' is set on object 'Object Repository/Page_Moodle Administration Users Accounts A_0fbd97/input_Email address_email'

2022-01-11 20:37:54 - [MESSAGE][PASSED] - Text 'quoctrongle2001@gmail.com' is set on object 'Object Repository/Page_Moodle Administration Users Accounts A_0fbd97/input_Email address_email'

2022-01-11 20:37:54 - [TEST_STEP][PASSED] - click(findTestObject("Object Repository/Page_Moodle Administration Users Accounts A_0fbd97/input_Address_submitbutton")): Object: 'Object Repository/Page_Moodle Administration Users Accounts A_0fbd97/input_Address_submitbutton' is clicked on

2022-01-11 20:37:56 - [MESSAGE][PASSED] - Object: 'Object Repository/Page_Moodle Administration Users Accounts A_0fbd97/input_Address_submitbutton' is clicked on

2022-01-11 20:37:56 - [TEST_STEP][PASSED] - click(findTestObject("Object Repository/Page_Moodle Administration Users Accounts A_0fbd97/div_This username already exists, choose another")): Object: 'Object Repository/Page_Moodle Administration Users Accounts A_0fbd97/div_This username already exists, choose another' is clicked on

2022-01-11 20:37:57 - [MESSAGE][PASSED] - Object: 'Object Repository/Page_Moodle Administration Users Accounts A_0fbd97/div_This username already exists, choose another' is clicked on]]></system-out>
         <system-err><![CDATA[]]></system-err>
      </testcase>
      <testcase name="Test Cases/Admin create user (invalid password)" time="18.163" classname="Test Cases/Admin create user (invalid password)" status="PASSED">
         <system-out><![CDATA[2022-01-11 20:37:57 - [TEST_CASE][PASSED] - Test Cases/Admin create user (invalid password): Test Cases/Admin create user (invalid password)

2022-01-11 20:37:57 - [TEST_STEP][PASSED] - callTestCase(findTestCase("Login as admin"), [:], STOP_ON_FAILURE): Call Test Case 'Test Cases/Login as admin' successfully

2022-01-11 20:37:57 - [TEST_CASE][PASSED] - Test Cases/Login as admin: Test Cases/Login as admin

2022-01-11 20:37:57 - [TEST_STEP][PASSED] - openBrowser(""): Browser is opened with url: ''

2022-01-11 20:37:57 - [MESSAGE][WARNING] - A browser is already opened. Closing browser and opening a new one

2022-01-11 20:37:58 - [MESSAGE][INFO] - Starting 'Edge Chromium' driver

2022-01-11 20:37:58 - [MESSAGE][INFO] - Action delay is set to 0 milliseconds

2022-01-11 20:38:00 - [MESSAGE][PASSED] - Browser is opened with url: ''

2022-01-11 20:38:00 - [TEST_STEP][PASSED] - navigateToUrl("http://localhost/"): Navigate to 'http://localhost/' successfully

2022-01-11 20:38:00 - [MESSAGE][PASSED] - Navigate to 'http://localhost/' successfully

2022-01-11 20:38:00 - [TEST_STEP][PASSED] - click(findTestObject("Object Repository/Page_My Moodle/a_Log in")): Object: 'Object Repository/Page_My Moodle/a_Log in' is clicked on

2022-01-11 20:38:01 - [MESSAGE][PASSED] - Object: 'Object Repository/Page_My Moodle/a_Log in' is clicked on

2022-01-11 20:38:01 - [TEST_STEP][PASSED] - setText(findTestObject("Object Repository/Page_My Moodle Log in to the site/input_Username_username"), "admin"): Text 'admin' is set on object 'Object Repository/Page_My Moodle Log in to the site/input_Username_username'

2022-01-11 20:38:02 - [MESSAGE][PASSED] - Text 'admin' is set on object 'Object Repository/Page_My Moodle Log in to the site/input_Username_username'

2022-01-11 20:38:02 - [TEST_STEP][PASSED] - setEncryptedText(findTestObject("Object Repository/Page_My Moodle Log in to the site/input_Password_password"), "7Dxoto1EjKfQbGop/Ov+1g=="): Text ****** has been set on object 'Object Repository/Page_My Moodle Log in to the site/input_Password_password'

2022-01-11 20:38:02 - [MESSAGE][PASSED] - Text ****** has been set on object 'Object Repository/Page_My Moodle Log in to the site/input_Password_password'

2022-01-11 20:38:02 - [TEST_STEP][PASSED] - click(findTestObject("Object Repository/Page_My Moodle Log in to the site/button_Log in")): Object: 'Object Repository/Page_My Moodle Log in to the site/button_Log in' is clicked on

2022-01-11 20:38:03 - [MESSAGE][PASSED] - Object: 'Object Repository/Page_My Moodle Log in to the site/button_Log in' is clicked on

2022-01-11 20:38:03 - [MESSAGE][PASSED] - Call Test Case 'Test Cases/Login as admin' successfully

2022-01-11 20:38:03 - [TEST_STEP][PASSED] - click(findTestObject("Object Repository/Page_Dashboard/span_Site administration")): Object: 'Object Repository/Page_Dashboard/span_Site administration' is clicked on

2022-01-11 20:38:05 - [MESSAGE][PASSED] - Object: 'Object Repository/Page_Dashboard/span_Site administration' is clicked on

2022-01-11 20:38:05 - [TEST_STEP][PASSED] - navigateToUrl("http://localhost/admin/search.php"): Navigate to 'http://localhost/admin/search.php' successfully

2022-01-11 20:38:06 - [MESSAGE][PASSED] - Navigate to 'http://localhost/admin/search.php' successfully

2022-01-11 20:38:06 - [TEST_STEP][PASSED] - click(findTestObject("Object Repository/Page_Moodle Administration Search/a_Users")): Object: 'Object Repository/Page_Moodle Administration Search/a_Users' is clicked on

2022-01-11 20:38:06 - [MESSAGE][PASSED] - Object: 'Object Repository/Page_Moodle Administration Search/a_Users' is clicked on

2022-01-11 20:38:06 - [TEST_STEP][PASSED] - click(findTestObject("Object Repository/Page_Moodle Administration Search/a_Add a new user")): Object: 'Object Repository/Page_Moodle Administration Search/a_Add a new user' is clicked on

2022-01-11 20:38:07 - [MESSAGE][PASSED] - Object: 'Object Repository/Page_Moodle Administration Search/a_Add a new user' is clicked on

2022-01-11 20:38:07 - [TEST_STEP][PASSED] - setText(findTestObject("Object Repository/Page_Moodle Administration Users Accounts A_0fbd97/input_Username_username"), "trongle"): Text 'trongle' is set on object 'Object Repository/Page_Moodle Administration Users Accounts A_0fbd97/input_Username_username'

2022-01-11 20:38:09 - [MESSAGE][PASSED] - Text 'trongle' is set on object 'Object Repository/Page_Moodle Administration Users Accounts A_0fbd97/input_Username_username'

2022-01-11 20:38:09 - [TEST_STEP][PASSED] - click(findTestObject("Page_Moodle Administration Users Accounts Add a new user/a_Click to enter text")): Object: 'Object Repository/Page_Moodle Administration Users Accounts Add a new user/a_Click to enter text' is clicked on

2022-01-11 20:38:09 - [MESSAGE][PASSED] - Object: 'Object Repository/Page_Moodle Administration Users Accounts Add a new user/a_Click to enter text' is clicked on

2022-01-11 20:38:09 - [TEST_STEP][PASSED] - setEncryptedText(findTestObject("Object Repository/Page_Moodle Administration Users Accounts A_0fbd97/input_New password_newpassword"), "CsLZwaoQGhsWdKVDaGOwGg=="): Text ****** has been set on object 'Object Repository/Page_Moodle Administration Users Accounts A_0fbd97/input_New password_newpassword'

2022-01-11 20:38:10 - [MESSAGE][PASSED] - Text ****** has been set on object 'Object Repository/Page_Moodle Administration Users Accounts A_0fbd97/input_New password_newpassword'

2022-01-11 20:38:10 - [TEST_STEP][PASSED] - setText(findTestObject("Object Repository/Page_Moodle Administration Users Accounts A_0fbd97/input_First name_firstname"), "Trong"): Text 'Trong' is set on object 'Object Repository/Page_Moodle Administration Users Accounts A_0fbd97/input_First name_firstname'

2022-01-11 20:38:11 - [MESSAGE][PASSED] - Text 'Trong' is set on object 'Object Repository/Page_Moodle Administration Users Accounts A_0fbd97/input_First name_firstname'

2022-01-11 20:38:11 - [TEST_STEP][PASSED] - setText(findTestObject("Object Repository/Page_Moodle Administration Users Accounts A_0fbd97/input_Surname_lastname"), "Le"): Text 'Le' is set on object 'Object Repository/Page_Moodle Administration Users Accounts A_0fbd97/input_Surname_lastname'

2022-01-11 20:38:12 - [MESSAGE][PASSED] - Text 'Le' is set on object 'Object Repository/Page_Moodle Administration Users Accounts A_0fbd97/input_Surname_lastname'

2022-01-11 20:38:12 - [TEST_STEP][PASSED] - setText(findTestObject("Object Repository/Page_Moodle Administration Users Accounts A_0fbd97/input_Email address_email"), "quoctrongle2001@gmail.com"): Text 'quoctrongle2001@gmail.com' is set on object 'Object Repository/Page_Moodle Administration Users Accounts A_0fbd97/input_Email address_email'

2022-01-11 20:38:13 - [MESSAGE][PASSED] - Text 'quoctrongle2001@gmail.com' is set on object 'Object Repository/Page_Moodle Administration Users Accounts A_0fbd97/input_Email address_email'

2022-01-11 20:38:13 - [TEST_STEP][PASSED] - click(findTestObject("Object Repository/Page_Moodle Administration Users Accounts A_0fbd97/input_Address_submitbutton")): Object: 'Object Repository/Page_Moodle Administration Users Accounts A_0fbd97/input_Address_submitbutton' is clicked on

2022-01-11 20:38:14 - [MESSAGE][PASSED] - Object: 'Object Repository/Page_Moodle Administration Users Accounts A_0fbd97/input_Address_submitbutton' is clicked on

2022-01-11 20:38:14 - [TEST_STEP][PASSED] - click(findTestObject("Object Repository/Page_Moodle Administration Users Accounts A_0fbd97/div_Passwords must have at least 1 upper ca_8e926f")): Object: 'Object Repository/Page_Moodle Administration Users Accounts A_0fbd97/div_Passwords must have at least 1 upper ca_8e926f' is clicked on

2022-01-11 20:38:15 - [MESSAGE][PASSED] - Object: 'Object Repository/Page_Moodle Administration Users Accounts A_0fbd97/div_Passwords must have at least 1 upper ca_8e926f' is clicked on]]></system-out>
         <system-err><![CDATA[]]></system-err>
      </testcase>
      <testcase name="Test Cases/Admin create user (without special character)" time="18.403" classname="Test Cases/Admin create user (without special character)" status="PASSED">
         <system-out><![CDATA[2022-01-11 20:38:15 - [TEST_CASE][PASSED] - Test Cases/Admin create user (without special character): Test Cases/Admin create user (without special character)

2022-01-11 20:38:15 - [TEST_STEP][PASSED] - callTestCase(findTestCase("Login as admin"), [:], STOP_ON_FAILURE): Call Test Case 'Test Cases/Login as admin' successfully

2022-01-11 20:38:15 - [TEST_CASE][PASSED] - Test Cases/Login as admin: Test Cases/Login as admin

2022-01-11 20:38:15 - [TEST_STEP][PASSED] - openBrowser(""): Browser is opened with url: ''

2022-01-11 20:38:15 - [MESSAGE][WARNING] - A browser is already opened. Closing browser and opening a new one

2022-01-11 20:38:16 - [MESSAGE][INFO] - Starting 'Edge Chromium' driver

2022-01-11 20:38:17 - [MESSAGE][INFO] - Action delay is set to 0 milliseconds

2022-01-11 20:38:18 - [MESSAGE][PASSED] - Browser is opened with url: ''

2022-01-11 20:38:18 - [TEST_STEP][PASSED] - navigateToUrl("http://localhost/"): Navigate to 'http://localhost/' successfully

2022-01-11 20:38:18 - [MESSAGE][PASSED] - Navigate to 'http://localhost/' successfully

2022-01-11 20:38:18 - [TEST_STEP][PASSED] - click(findTestObject("Object Repository/Page_My Moodle/a_Log in")): Object: 'Object Repository/Page_My Moodle/a_Log in' is clicked on

2022-01-11 20:38:19 - [MESSAGE][PASSED] - Object: 'Object Repository/Page_My Moodle/a_Log in' is clicked on

2022-01-11 20:38:19 - [TEST_STEP][PASSED] - setText(findTestObject("Object Repository/Page_My Moodle Log in to the site/input_Username_username"), "admin"): Text 'admin' is set on object 'Object Repository/Page_My Moodle Log in to the site/input_Username_username'

2022-01-11 20:38:20 - [MESSAGE][PASSED] - Text 'admin' is set on object 'Object Repository/Page_My Moodle Log in to the site/input_Username_username'

2022-01-11 20:38:20 - [TEST_STEP][PASSED] - setEncryptedText(findTestObject("Object Repository/Page_My Moodle Log in to the site/input_Password_password"), "7Dxoto1EjKfQbGop/Ov+1g=="): Text ****** has been set on object 'Object Repository/Page_My Moodle Log in to the site/input_Password_password'

2022-01-11 20:38:20 - [MESSAGE][PASSED] - Text ****** has been set on object 'Object Repository/Page_My Moodle Log in to the site/input_Password_password'

2022-01-11 20:38:20 - [TEST_STEP][PASSED] - click(findTestObject("Object Repository/Page_My Moodle Log in to the site/button_Log in")): Object: 'Object Repository/Page_My Moodle Log in to the site/button_Log in' is clicked on

2022-01-11 20:38:22 - [MESSAGE][PASSED] - Object: 'Object Repository/Page_My Moodle Log in to the site/button_Log in' is clicked on

2022-01-11 20:38:22 - [MESSAGE][PASSED] - Call Test Case 'Test Cases/Login as admin' successfully

2022-01-11 20:38:22 - [TEST_STEP][PASSED] - click(findTestObject("Object Repository/Page_Dashboard/span_Site administration")): Object: 'Object Repository/Page_Dashboard/span_Site administration' is clicked on

2022-01-11 20:38:23 - [MESSAGE][PASSED] - Object: 'Object Repository/Page_Dashboard/span_Site administration' is clicked on

2022-01-11 20:38:23 - [TEST_STEP][PASSED] - navigateToUrl("http://localhost/admin/search.php"): Navigate to 'http://localhost/admin/search.php' successfully

2022-01-11 20:38:24 - [MESSAGE][PASSED] - Navigate to 'http://localhost/admin/search.php' successfully

2022-01-11 20:38:24 - [TEST_STEP][PASSED] - click(findTestObject("Object Repository/Page_Moodle Administration Search/a_Users")): Object: 'Object Repository/Page_Moodle Administration Search/a_Users' is clicked on

2022-01-11 20:38:24 - [MESSAGE][PASSED] - Object: 'Object Repository/Page_Moodle Administration Search/a_Users' is clicked on

2022-01-11 20:38:24 - [TEST_STEP][PASSED] - click(findTestObject("Object Repository/Page_Moodle Administration Search/a_Add a new user")): Object: 'Object Repository/Page_Moodle Administration Search/a_Add a new user' is clicked on

2022-01-11 20:38:26 - [MESSAGE][PASSED] - Object: 'Object Repository/Page_Moodle Administration Search/a_Add a new user' is clicked on

2022-01-11 20:38:26 - [TEST_STEP][PASSED] - setText(findTestObject("Object Repository/Page_Moodle Administration Users Accounts A_0fbd97/input_Username_username"), "trongle"): Text 'trongle' is set on object 'Object Repository/Page_Moodle Administration Users Accounts A_0fbd97/input_Username_username'

2022-01-11 20:38:27 - [MESSAGE][PASSED] - Text 'trongle' is set on object 'Object Repository/Page_Moodle Administration Users Accounts A_0fbd97/input_Username_username'

2022-01-11 20:38:27 - [TEST_STEP][PASSED] - click(findTestObject("Page_Moodle Administration Users Accounts Add a new user/a_Click to enter text")): Object: 'Object Repository/Page_Moodle Administration Users Accounts Add a new user/a_Click to enter text' is clicked on

2022-01-11 20:38:27 - [MESSAGE][PASSED] - Object: 'Object Repository/Page_Moodle Administration Users Accounts Add a new user/a_Click to enter text' is clicked on

2022-01-11 20:38:27 - [TEST_STEP][PASSED] - setEncryptedText(findTestObject("Object Repository/Page_Moodle Administration Users Accounts A_0fbd97/input_New password_newpassword"), "mCo/tqFMQKuexH2GqaxtIQ=="): Text ****** has been set on object 'Object Repository/Page_Moodle Administration Users Accounts A_0fbd97/input_New password_newpassword'

2022-01-11 20:38:28 - [MESSAGE][PASSED] - Text ****** has been set on object 'Object Repository/Page_Moodle Administration Users Accounts A_0fbd97/input_New password_newpassword'

2022-01-11 20:38:28 - [TEST_STEP][PASSED] - setText(findTestObject("Object Repository/Page_Moodle Administration Users Accounts A_0fbd97/input_First name_firstname"), "Trong"): Text 'Trong' is set on object 'Object Repository/Page_Moodle Administration Users Accounts A_0fbd97/input_First name_firstname'

2022-01-11 20:38:29 - [MESSAGE][PASSED] - Text 'Trong' is set on object 'Object Repository/Page_Moodle Administration Users Accounts A_0fbd97/input_First name_firstname'

2022-01-11 20:38:29 - [TEST_STEP][PASSED] - setText(findTestObject("Object Repository/Page_Moodle Administration Users Accounts A_0fbd97/input_Surname_lastname"), "Le"): Text 'Le' is set on object 'Object Repository/Page_Moodle Administration Users Accounts A_0fbd97/input_Surname_lastname'

2022-01-11 20:38:30 - [MESSAGE][PASSED] - Text 'Le' is set on object 'Object Repository/Page_Moodle Administration Users Accounts A_0fbd97/input_Surname_lastname'

2022-01-11 20:38:30 - [TEST_STEP][PASSED] - setText(findTestObject("Object Repository/Page_Moodle Administration Users Accounts A_0fbd97/input_Email address_email"), "quoctrongle2001@gmail.com"): Text 'quoctrongle2001@gmail.com' is set on object 'Object Repository/Page_Moodle Administration Users Accounts A_0fbd97/input_Email address_email'

2022-01-11 20:38:31 - [MESSAGE][PASSED] - Text 'quoctrongle2001@gmail.com' is set on object 'Object Repository/Page_Moodle Administration Users Accounts A_0fbd97/input_Email address_email'

2022-01-11 20:38:31 - [TEST_STEP][PASSED] - click(findTestObject("Object Repository/Page_Moodle Administration Users Accounts A_0fbd97/input_Address_submitbutton")): Object: 'Object Repository/Page_Moodle Administration Users Accounts A_0fbd97/input_Address_submitbutton' is clicked on

2022-01-11 20:38:32 - [MESSAGE][PASSED] - Object: 'Object Repository/Page_Moodle Administration Users Accounts A_0fbd97/input_Address_submitbutton' is clicked on

2022-01-11 20:38:32 - [TEST_STEP][PASSED] - click(findTestObject("Object Repository/Page_Moodle Administration Users Accounts A_0fbd97/div_The password must have at least 1 speci_80717b")): Object: 'Object Repository/Page_Moodle Administration Users Accounts A_0fbd97/div_The password must have at least 1 speci_80717b' is clicked on

2022-01-11 20:38:33 - [MESSAGE][PASSED] - Object: 'Object Repository/Page_Moodle Administration Users Accounts A_0fbd97/div_The password must have at least 1 speci_80717b' is clicked on]]></system-out>
         <system-err><![CDATA[]]></system-err>
      </testcase>
      <testcase name="Test Cases/Assgin system role" time="20.656" classname="Test Cases/Assgin system role" status="PASSED">
         <system-out><![CDATA[2022-01-11 20:38:33 - [TEST_CASE][PASSED] - Test Cases/Assgin system role: Test Cases/Assgin system role

2022-01-11 20:38:34 - [TEST_STEP][PASSED] - callTestCase(findTestCase("Login as admin"), [:], STOP_ON_FAILURE): Call Test Case 'Test Cases/Login as admin' successfully

2022-01-11 20:38:34 - [TEST_CASE][PASSED] - Test Cases/Login as admin: Test Cases/Login as admin

2022-01-11 20:38:34 - [TEST_STEP][PASSED] - openBrowser(""): Browser is opened with url: ''

2022-01-11 20:38:34 - [MESSAGE][WARNING] - A browser is already opened. Closing browser and opening a new one

2022-01-11 20:38:35 - [MESSAGE][INFO] - Starting 'Edge Chromium' driver

2022-01-11 20:38:35 - [MESSAGE][INFO] - Action delay is set to 0 milliseconds

2022-01-11 20:38:36 - [MESSAGE][PASSED] - Browser is opened with url: ''

2022-01-11 20:38:36 - [TEST_STEP][PASSED] - navigateToUrl("http://localhost/"): Navigate to 'http://localhost/' successfully

2022-01-11 20:38:37 - [MESSAGE][PASSED] - Navigate to 'http://localhost/' successfully

2022-01-11 20:38:37 - [TEST_STEP][PASSED] - click(findTestObject("Object Repository/Page_My Moodle/a_Log in")): Object: 'Object Repository/Page_My Moodle/a_Log in' is clicked on

2022-01-11 20:38:38 - [MESSAGE][PASSED] - Object: 'Object Repository/Page_My Moodle/a_Log in' is clicked on

2022-01-11 20:38:38 - [TEST_STEP][PASSED] - setText(findTestObject("Object Repository/Page_My Moodle Log in to the site/input_Username_username"), "admin"): Text 'admin' is set on object 'Object Repository/Page_My Moodle Log in to the site/input_Username_username'

2022-01-11 20:38:38 - [MESSAGE][PASSED] - Text 'admin' is set on object 'Object Repository/Page_My Moodle Log in to the site/input_Username_username'

[...]

2022-01-11 20:59:29 - [MESSAGE][PASSED] - Object: 'Object Repository/Page_My Moodle Log in to the site/button_Log in' is clicked on

2022-01-11 20:59:29 - [MESSAGE][PASSED] - Call Test Case 'Test Cases/Login as user (teacher)' successfully

2022-01-11 20:59:29 - [TEST_STEP][PASSED] - click(findTestObject("Object Repository/Page_Dashboard/span_Site home")): Object: 'Object Repository/Page_Dashboard/span_Site home' is clicked on

2022-01-11 20:59:30 - [MESSAGE][PASSED] - Object: 'Object Repository/Page_Dashboard/span_Site home' is clicked on

2022-01-11 20:59:30 - [TEST_STEP][PASSED] - navigateToUrl("http://localhost/?redirect=0"): Navigate to 'http://localhost/?redirect=0' successfully

2022-01-11 20:59:31 - [MESSAGE][PASSED] - Navigate to 'http://localhost/?redirect=0' successfully

2022-01-11 20:59:31 - [TEST_STEP][PASSED] - click(findTestObject("Object Repository/Page_My Moodle/a_Phn tch v qun l yu cu phn mm")): Object: 'Object Repository/Page_My Moodle/a_Phn tch v qun l yu cu phn mm' is clicked on

2022-01-11 20:59:32 - [MESSAGE][PASSED] - Object: 'Object Repository/Page_My Moodle/a_Phn tch v qun l yu cu phn mm' is clicked on

2022-01-11 20:59:32 - [TEST_STEP][PASSED] - click(findTestObject("Object Repository/Page_Course Phn tch v qun l yu cu phn mm/button_Turn editing on")): Object: 'Object Repository/Page_Course Phn tch v qun l yu cu phn mm/button_Turn editing on' is clicked on

2022-01-11 20:59:33 - [MESSAGE][PASSED] - Object: 'Object Repository/Page_Course Phn tch v qun l yu cu phn mm/button_Turn editing on' is clicked on

2022-01-11 20:59:33 - [TEST_STEP][PASSED] - click(findTestObject("Object Repository/Page_Course Phn tch v qun l yu cu phn mm/span_Add an activity or resource")): Object: 'Object Repository/Page_Course Phn tch v qun l yu cu phn mm/span_Add an activity or resource' is clicked on

2022-01-11 20:59:34 - [MESSAGE][PASSED] - Object: 'Object Repository/Page_Course Phn tch v qun l yu cu phn mm/span_Add an activity or resource' is clicked on

2022-01-11 20:59:34 - [TEST_STEP][PASSED] - click(findTestObject("Object Repository/Page_Course Phn tch v qun l yu cu phn mm/img_Information about the Feedback activity_193521")): Object: 'Object Repository/Page_Course Phn tch v qun l yu cu phn mm/img_Information about the Feedback activity_193521' is clicked on

2022-01-11 21:00:05 - [MESSAGE][INFO] - Unable to find the element located by 'By.xpath: //div[@id='all-4']/div/div[8]/div/a/div/img'. Please recheck the objects properties to make sure the desired element is located. 

2022-01-11 21:00:05 - [MESSAGE][WARNING] - [SELF-HEALING] Failed to find element with id 'Object Repository/Page_Course Phn tch v qun l yu cu phn mm/img_Information about the Feedback activity_193521'. Try using Self-healing.

2022-01-11 21:00:05 - [MESSAGE][INFO] - [SELF-HEALING] Failed Locator: '//div[@id='all-4']/div/div[8]/div/a/div/img'.

2022-01-11 21:00:05 - [MESSAGE][INFO] - [SELF-HEALING] Working Locator: '//img[contains(@src,'http://localhost/theme/image.php/boost/resource/1641027644/icon')]'.

2022-01-11 21:00:05 - [MESSAGE][INFO] - [SELF-HEALING] Screenshot: D:/Test-Automation---SE-Bonus/Reports/Self-healing/Object Repository/Page_Course Phn tch v qun l yu cu phn mm/img_Information about the Feedback activity_193521_img.png

2022-01-11 21:00:05 - [MESSAGE][WARNING] - [SELF-HEALING] The current locator of test object 'Object Repository/Page_Course Phn tch v qun l yu cu phn mm/img_Information about the Feedback activity_193521' was broken. Propose an alternative one: '//img[contains(@src,'http://localhost/theme/image.php/boost/resource/1641027644/icon')]'.

2022-01-11 21:00:07 - [MESSAGE][PASSED] - Object: 'Object Repository/Page_Course Phn tch v qun l yu cu phn mm/img_Information about the Feedback activity_193521' is clicked on

2022-01-11 21:00:07 - [TEST_STEP][PASSED] - setText(findTestObject("Object Repository/Page_Editing File/input_Name_name"), "Document #1"): Text 'Document #1' is set on object 'Object Repository/Page_Editing File/input_Name_name'

2022-01-11 21:00:08 - [MESSAGE][PASSED] - Text 'Document #1' is set on object 'Object Repository/Page_Editing File/input_Name_name'

2022-01-11 21:00:08 - [TEST_STEP][PASSED] - click(findTestObject("Object Repository/Page_Editing File/a_- drag and drop not supported_yui_3_17_2__e13c54")): Object: 'Object Repository/Page_Editing File/a_- drag and drop not supported_yui_3_17_2__e13c54' is clicked on

2022-01-11 21:00:08 - [MESSAGE][PASSED] - Object: 'Object Repository/Page_Editing File/a_- drag and drop not supported_yui_3_17_2__e13c54' is clicked on

2022-01-11 21:00:08 - [TEST_STEP][PASSED] - click(findTestObject("Object Repository/Page_Editing File/a_csv")): Object: 'Object Repository/Page_Editing File/a_csv' is clicked on

2022-01-11 21:00:09 - [MESSAGE][PASSED] - Object: 'Object Repository/Page_Editing File/a_csv' is clicked on

2022-01-11 21:00:09 - [TEST_STEP][PASSED] - click(findTestObject("Object Repository/Page_Editing File/div_Search repository_yui_3_17_2_1_16416105_4c72fb")): Object: 'Object Repository/Page_Editing File/div_Search repository_yui_3_17_2_1_16416105_4c72fb' is clicked on

2022-01-11 21:00:10 - [MESSAGE][PASSED] - Object: 'Object Repository/Page_Editing File/div_Search repository_yui_3_17_2_1_16416105_4c72fb' is clicked on

2022-01-11 21:00:10 - [TEST_STEP][PASSED] - click(findTestObject("Object Repository/Page_Editing File/button_Select this file")): Object: 'Object Repository/Page_Editing File/button_Select this file' is clicked on

2022-01-11 21:00:10 - [MESSAGE][PASSED] - Object: 'Object Repository/Page_Editing File/button_Select this file' is clicked on

2022-01-11 21:00:10 - [TEST_STEP][PASSED] - click(findTestObject("Object Repository/Page_Editing File/input_Upon activity completion_submitbutton2")): Object: 'Object Repository/Page_Editing File/input_Upon activity completion_submitbutton2' is clicked on

2022-01-11 21:00:12 - [MESSAGE][PASSED] - Object: 'Object Repository/Page_Editing File/input_Upon activity completion_submitbutton2' is clicked on

2022-01-11 21:00:12 - [TEST_STEP][PASSED] - click(findTestObject("Object Repository/Page_Course Phn tch v qun l yu cu phn mm/div_Topic outline                          _a66451")): Object: 'Object Repository/Page_Course Phn tch v qun l yu cu phn mm/div_Topic outline                          _a66451' is clicked on

2022-01-11 21:00:12 - [MESSAGE][PASSED] - Object: 'Object Repository/Page_Course Phn tch v qun l yu cu phn mm/div_Topic outline                          _a66451' is clicked on

2022-01-11 21:00:12 - [TEST_STEP][PASSED] - click(findTestObject("Object Repository/Page_Course Phn tch v qun l yu cu phn mm/span_Document 1 File")): Object: 'Object Repository/Page_Course Phn tch v qun l yu cu phn mm/span_Document 1 File' is clicked on

2022-01-11 21:00:14 - [MESSAGE][PASSED] - Object: 'Object Repository/Page_Course Phn tch v qun l yu cu phn mm/span_Document 1 File' is clicked on]]></system-out>
         <system-err><![CDATA[]]></system-err>
      </testcase>
      <testcase name="Test Cases/Login as user (student)" time="6.584" classname="Test Cases/Login as user (student)" status="PASSED">
         <system-out><![CDATA[2022-01-11 21:00:14 - [TEST_CASE][PASSED] - Test Cases/Login as user (student): Test Cases/Login as user (student)

2022-01-11 21:00:14 - [TEST_STEP][PASSED] - openBrowser(""): Browser is opened with url: ''

2022-01-11 21:00:14 - [MESSAGE][WARNING] - A browser is already opened. Closing browser and opening a new one

2022-01-11 21:00:15 - [MESSAGE][INFO] - Starting 'Edge Chromium' driver

2022-01-11 21:00:15 - [MESSAGE][INFO] - Action delay is set to 0 milliseconds

2022-01-11 21:00:17 - [MESSAGE][PASSED] - Browser is opened with url: ''

2022-01-11 21:00:17 - [TEST_STEP][PASSED] - navigateToUrl("http://localhost/"): Navigate to 'http://localhost/' successfully

2022-01-11 21:00:17 - [MESSAGE][PASSED] - Navigate to 'http://localhost/' successfully

2022-01-11 21:00:17 - [TEST_STEP][PASSED] - click(findTestObject("Object Repository/Page_My Moodle/a_Log in")): Object: 'Object Repository/Page_My Moodle/a_Log in' is clicked on

2022-01-11 21:00:18 - [MESSAGE][PASSED] - Object: 'Object Repository/Page_My Moodle/a_Log in' is clicked on

2022-01-11 21:00:18 - [TEST_STEP][PASSED] - setText(findTestObject("Object Repository/Page_My Moodle Log in to the site/input_Username_username"), "student"): Text 'student' is set on object 'Object Repository/Page_My Moodle Log in to the site/input_Username_username'

2022-01-11 21:00:19 - [MESSAGE][PASSED] - Text 'student' is set on object 'Object Repository/Page_My Moodle Log in to the site/input_Username_username'

2022-01-11 21:00:19 - [TEST_STEP][PASSED] - setEncryptedText(findTestObject("Object Repository/Page_My Moodle Log in to the site/input_Password_password"), "3t5OwH/+bwwlEvOXGw7/rg=="): Text ****** has been set on object 'Object Repository/Page_My Moodle Log in to the site/input_Password_password'

2022-01-11 21:00:19 - [MESSAGE][PASSED] - Text ****** has been set on object 'Object Repository/Page_My Moodle Log in to the site/input_Password_password'

2022-01-11 21:00:19 - [TEST_STEP][PASSED] - click(findTestObject("Object Repository/Page_My Moodle Log in to the site/button_Log in")): Object: 'Object Repository/Page_My Moodle Log in to the site/button_Log in' is clicked on

2022-01-11 21:00:20 - [MESSAGE][PASSED] - Object: 'Object Repository/Page_My Moodle Log in to the site/button_Log in' is clicked on]]></system-out>
         <system-err><![CDATA[]]></system-err>
      </testcase>
      <system-out><![CDATA[2022-01-11 20:35:04 - [TEST_SUITE][FAILED] - Run all test cases: Test Cases/Teacher create assignment ( with file attached ) FAILED.
Reason:
com.kms.katalon.core.exception.StepFailedException: Unable to click on object 'Object Repository/Page_Editing Assignment/a_- drag and drop not supported_yui_3_17_2__950dc8'
	at com.kms.katalon.core.webui.keyword.internal.WebUIKeywordMain.stepFailed(WebUIKeywordMain.groovy:64)
	at com.kms.katalon.core.webui.keyword.internal.WebUIKeywordMain.runKeyword(WebUIKeywordMain.groovy:26)
	at com.kms.katalon.core.webui.keyword.builtin.ClickKeyword.click(ClickKeyword.groovy:74)
	at com.kms.katalon.core.webui.keyword.builtin.ClickKeyword.execute(ClickKeyword.groovy:40)
	at com.kms.katalon.core.keyword.internal.KeywordExecutor.executeKeywordForPlatform(KeywordExecutor.groovy:74)
	at com.kms.katalon.core.webui.keyword.WebUiBuiltInKeywords.click(WebUiBuiltInKeywords.groovy:620)
	at com.kms.katalon.core.webui.keyword.WebUiBuiltInKeywords$click$1.call(Unknown Source)
	at Teacher create assignment ( with file attached ).run(Teacher create assignment ( with file attached ):38)
	at com.kms.katalon.core.main.ScriptEngine.run(ScriptEngine.java:194)
	at com.kms.katalon.core.main.ScriptEngine.runScriptAsRawText(ScriptEngine.java:119)
	at com.kms.katalon.core.main.TestCaseExecutor.runScript(TestCaseExecutor.java:442)
	at com.kms.katalon.core.main.TestCaseExecutor.doExecute(TestCaseExecutor.java:433)
	at com.kms.katalon.core.main.TestCaseExecutor.processExecutionPhase(TestCaseExecutor.java:412)
	at com.kms.katalon.core.main.TestCaseExecutor.accessMainPhase(TestCaseExecutor.java:404)
	at com.kms.katalon.core.main.TestCaseExecutor.execute(TestCaseExecutor.java:281)
	at com.kms.katalon.core.main.TestSuiteExecutor.accessTestCaseMainPhase(TestSuiteExecutor.java:202)
	at com.kms.katalon.core.main.TestSuiteExecutor.accessTestSuiteMainPhase(TestSuiteExecutor.java:164)
	at com.kms.katalon.core.main.TestSuiteExecutor.execute(TestSuiteExecutor.java:105)
	at com.kms.katalon.core.main.TestCaseMain.startTestSuite(TestCaseMain.java:181)
	at com.kms.katalon.core.main.TestCaseMain$startTestSuite$0.call(Unknown Source)
	at TempTestSuite1641908093334.run(TempTestSuite1641908093334.groovy:36)
Caused by: org.openqa.selenium.ElementNotInteractableException: element not interactable
  (Session info: MicrosoftEdge=97.0.1072.55)
Build info: version: '3.141.59', revision: 'e82be7d358', time: '2018-11-14T08:25:53'
System info: host: 'DESKTOP-8IHK86T', ip: '192.168.1.173', os.name: 'Windows 10', os.arch: 'amd64', os.version: '10.0', java.version: '1.8.0_282'
Driver info: com.kms.katalon.selenium.driver.CEdgeDriver
Capabilities {acceptInsecureCerts: false, browserName: msedge, browserVersion: 97.0.1072.55, javascriptEnabled: true, ms:edgeOptions: {debuggerAddress: localhost:50353}, msedge: {msedgedriverVersion: 97.0.1072.55 (ce3bf33648805..., userDataDir: C:\Users\THANHD~1\AppData\L...}, networkConnectionEnabled: false, pageLoadStrategy: normal, platform: WINDOWS, platformName: WINDOWS, proxy: Proxy(), setWindowRect: true, strictFileInteractability: false, timeouts: {implicit: 0, pageLoad: 300000, script: 30000}, unhandledPromptBehavior: dismiss and notify, webauthn:extension:credBlob: true, webauthn:extension:largeBlob: true, webauthn:virtualAuthenticators: true}
Session ID: 9fc5e8f7df0c0693323a57c1eb5a280d
	at org.openqa.selenium.remote.http.W3CHttpResponseCodec.createException(W3CHttpResponseCodec.java:187)
	at org.openqa.selenium.remote.http.W3CHttpResponseCodec.decode(W3CHttpResponseCodec.java:122)
	at org.openqa.selenium.remote.http.W3CHttpResponseCodec.decode(W3CHttpResponseCodec.java:49)
	at org.openqa.selenium.remote.HttpCommandExecutor.execute(HttpCommandExecutor.java:158)
	at org.openqa.selenium.remote.service.DriverCommandExecutor.execute(DriverCommandExecutor.java:83)
	at org.openqa.selenium.remote.RemoteWebDriver.execute(RemoteWebDriver.java:552)
	at com.kms.katalon.selenium.driver.CEdgeDriver.execute(CEdgeDriver.java:20)
	at org.openqa.selenium.remote.RemoteWebElement.execute(RemoteWebElement.java:285)
	at org.openqa.selenium.remote.RemoteWebElement.click(RemoteWebElement.java:84)
	at org.openqa.selenium.support.events.EventFiringWebDriver$EventFiringWebElement.lambda$new$0(EventFiringWebDriver.java:404)
	at com.sun.proxy.$Proxy11.click(Unknown Source)
	at org.openqa.selenium.support.events.EventFiringWebDriver$EventFiringWebElement.click(EventFiringWebDriver.java:417)
	at org.openqa.selenium.WebElement$click.call(Unknown Source)
	at com.kms.katalon.core.webui.keyword.builtin.ClickKeyword.clickUntilSuccessWithTimeout(ClickKeyword.groovy:81)
	at com.kms.katalon.core.webui.keyword.builtin.ClickKeyword.clickUntilSuccessWithTimeout(ClickKeyword.groovy)
	at com.kms.katalon.core.webui.keyword.builtin.ClickKeyword$_click_closure1.doCall(ClickKeyword.groovy:67)
	at com.kms.katalon.core.webui.keyword.builtin.ClickKeyword$_click_closure1.call(ClickKeyword.groovy)
	at com.kms.katalon.core.webui.keyword.internal.WebUIKeywordMain.runKeyword(WebUIKeywordMain.groovy:20)
	... 19 more]]></system-out>
      <system-err><![CDATA[2022-01-11 20:35:04 - [TEST_SUITE][FAILED] - Run all test cases: Test Cases/Teacher create assignment ( with file attached ) FAILED.
Reason:
com.kms.katalon.core.exception.StepFailedException: Unable to click on object 'Object Repository/Page_Editing Assignment/a_- drag and drop not supported_yui_3_17_2__950dc8'
	at com.kms.katalon.core.webui.keyword.internal.WebUIKeywordMain.stepFailed(WebUIKeywordMain.groovy:64)
	at com.kms.katalon.core.webui.keyword.internal.WebUIKeywordMain.runKeyword(WebUIKeywordMain.groovy:26)
	at com.kms.katalon.core.webui.keyword.builtin.ClickKeyword.click(ClickKeyword.groovy:74)
	at com.kms.katalon.core.webui.keyword.builtin.ClickKeyword.execute(ClickKeyword.groovy:40)
	at com.kms.katalon.core.keyword.internal.KeywordExecutor.executeKeywordForPlatform(KeywordExecutor.groovy:74)
	at com.kms.katalon.core.webui.keyword.WebUiBuiltInKeywords.click(WebUiBuiltInKeywords.groovy:620)
	at com.kms.katalon.core.webui.keyword.WebUiBuiltInKeywords$click$1.call(Unknown Source)
	at Teacher create assignment ( with file attached ).run(Teacher create assignment ( with file attached ):38)
	at com.kms.katalon.core.main.ScriptEngine.run(ScriptEngine.java:194)
	at com.kms.katalon.core.main.ScriptEngine.runScriptAsRawText(ScriptEngine.java:119)
	at com.kms.katalon.core.main.TestCaseExecutor.runScript(TestCaseExecutor.java:442)
	at com.kms.katalon.core.main.TestCaseExecutor.doExecute(TestCaseExecutor.java:433)
	at com.kms.katalon.core.main.TestCaseExecutor.processExecutionPhase(TestCaseExecutor.java:412)
	at com.kms.katalon.core.main.TestCaseExecutor.accessMainPhase(TestCaseExecutor.java:404)
	at com.kms.katalon.core.main.TestCaseExecutor.execute(TestCaseExecutor.java:281)
	at com.kms.katalon.core.main.TestSuiteExecutor.accessTestCaseMainPhase(TestSuiteExecutor.java:202)
	at com.kms.katalon.core.main.TestSuiteExecutor.accessTestSuiteMainPhase(TestSuiteExecutor.java:164)
	at com.kms.katalon.core.main.TestSuiteExecutor.execute(TestSuiteExecutor.java:105)
	at com.kms.katalon.core.main.TestCaseMain.startTestSuite(TestCaseMain.java:181)
	at com.kms.katalon.core.main.TestCaseMain$startTestSuite$0.call(Unknown Source)
	at TempTestSuite1641908093334.run(TempTestSuite1641908093334.groovy:36)
Caused by: org.openqa.selenium.ElementNotInteractableException: element not interactable
  (Session info: MicrosoftEdge=97.0.1072.55)
Build info: version: '3.141.59', revision: 'e82be7d358', time: '2018-11-14T08:25:53'
System info: host: 'DESKTOP-8IHK86T', ip: '192.168.1.173', os.name: 'Windows 10', os.arch: 'amd64', os.version: '10.0', java.version: '1.8.0_282'
Driver info: com.kms.katalon.selenium.driver.CEdgeDriver
Capabilities {acceptInsecureCerts: false, browserName: msedge, browserVersion: 97.0.1072.55, javascriptEnabled: true, ms:edgeOptions: {debuggerAddress: localhost:50353}, msedge: {msedgedriverVersion: 97.0.1072.55 (ce3bf33648805..., userDataDir: C:\Users\THANHD~1\AppData\L...}, networkConnectionEnabled: false, pageLoadStrategy: normal, platform: WINDOWS, platformName: WINDOWS, proxy: Proxy(), setWindowRect: true, strictFileInteractability: false, timeouts: {implicit: 0, pageLoad: 300000, script: 30000}, unhandledPromptBehavior: dismiss and notify, webauthn:extension:credBlob: true, webauthn:extension:largeBlob: true, webauthn:virtualAuthenticators: true}
Session ID: 9fc5e8f7df0c0693323a57c1eb5a280d
	at org.openqa.selenium.remote.http.W3CHttpResponseCodec.createException(W3CHttpResponseCodec.java:187)
	at org.openqa.selenium.remote.http.W3CHttpResponseCodec.decode(W3CHttpResponseCodec.java:122)
	at org.openqa.selenium.remote.http.W3CHttpResponseCodec.decode(W3CHttpResponseCodec.java:49)
	at org.openqa.selenium.remote.HttpCommandExecutor.execute(HttpCommandExecutor.java:158)
	at org.openqa.selenium.remote.service.DriverCommandExecutor.execute(DriverCommandExecutor.java:83)
	at org.openqa.selenium.remote.RemoteWebDriver.execute(RemoteWebDriver.java:552)
	at com.kms.katalon.selenium.driver.CEdgeDriver.execute(CEdgeDriver.java:20)
	at org.openqa.selenium.remote.RemoteWebElement.execute(RemoteWebElement.java:285)
	at org.openqa.selenium.remote.RemoteWebElement.click(RemoteWebElement.java:84)
	at org.openqa.selenium.support.events.EventFiringWebDriver$EventFiringWebElement.lambda$new$0(EventFiringWebDriver.java:404)
	at com.sun.proxy.$Proxy11.click(Unknown Source)
	at org.openqa.selenium.support.events.EventFiringWebDriver$EventFiringWebElement.click(EventFiringWebDriver.java:417)
	at org.openqa.selenium.WebElement$click.call(Unknown Source)
	at com.kms.katalon.core.webui.keyword.builtin.ClickKeyword.clickUntilSuccessWithTimeout(ClickKeyword.groovy:81)
	at com.kms.katalon.core.webui.keyword.builtin.ClickKeyword.clickUntilSuccessWithTimeout(ClickKeyword.groovy)
	at com.kms.katalon.core.webui.keyword.builtin.ClickKeyword$_click_closure1.doCall(ClickKeyword.groovy:67)
	at com.kms.katalon.core.webui.keyword.builtin.ClickKeyword$_click_closure1.call(ClickKeyword.groovy)
	at com.kms.katalon.core.webui.keyword.internal.WebUIKeywordMain.runKeyword(WebUIKeywordMain.groovy:20)
	... 19 more]]></system-err>
   </testsuite>
</testsuites>
