# JRE version: OpenJDK Runtime Environment (Zulu 8.52.0.23-CA-win64) (8.0_282-b08) (build 1.8.0_282-b08)
# Java VM: OpenJDK 64-Bit Server VM (25.282-b08 mixed mode windows-amd64 compressed oops)
Heap:
 PSYoungGen      total 107008K, used 24208K [0x00000000d5580000, 0x00000000df180000, 0x0000000100000000)
  eden space 94720K, 13% used [0x00000000d5580000,0x00000000d6233050,0x00000000db200000)
  from space 12288K, 91% used [0x00000000db200000,0x00000000dbcf1008,0x00000000dbe00000)
  to   space 13824K, 0% used [0x00000000de400000,0x00000000de400000,0x00000000df180000)
 ParOldGen       total 110080K, used 9871K [0x0000000080000000, 0x0000000086b80000, 0x00000000d5580000)
  object space 110080K, 8% used [0x0000000080000000,0x00000000809a3fd0,0x0000000086b80000)
 Metaspace       used 28082K, capacity 28838K, committed 28928K, reserved 1075200K
  class space    used 3293K, capacity 3524K, committed 3584K, reserved 1048576K
GC Heap History (10 events):
Event: 2.370 GC heap before
{Heap before GC invocations=4 (full 0):
 PSYoungGen      total 76288K, used 60721K [0x00000000d5580000, 0x00000000daa80000, 0x0000000100000000)
  eden space 65536K, 78% used [0x00000000d5580000,0x00000000d87e4dd8,0x00000000d9580000)
  from space 10752K, 84% used [0x00000000d9580000,0x00000000d9e678d8,0x00000000da000000)
  to   space 10752K, 0% used [0x00000000da000000,0x00000000da000000,0x00000000daa80000)
 ParOldGen       total 175104K, used 96K [0x0000000080000000, 0x000000008ab00000, 0x00000000d5580000)
  object space 175104K, 0% used [0x0000000080000000,0x0000000080018010,0x000000008ab00000)
 Metaspace       used 20759K, capacity 21064K, committed 21296K, reserved 1069056K
  class space    used 2313K, capacity 2422K, committed 2432K, reserved 1048576K
Event: 2.378 GC heap after
Heap after GC invocations=4 (full 0):
 PSYoungGen      total 76288K, used 9999K [0x00000000d5580000, 0x00000000daa80000, 0x0000000100000000)
  eden space 65536K, 0% used [0x00000000d5580000,0x00000000d5580000,0x00000000d9580000)
  from space 10752K, 93% used [0x00000000da000000,0x00000000da9c3e98,0x00000000daa80000)
  to   space 10752K, 0% used [0x00000000d9580000,0x00000000d9580000,0x00000000da000000)
 ParOldGen       total 175104K, used 104K [0x0000000080000000, 0x000000008ab00000, 0x00000000d5580000)
  object space 175104K, 0% used [0x0000000080000000,0x000000008001a010,0x000000008ab00000)
 Metaspace       used 20759K, capacity 21064K, committed 21296K, reserved 1069056K
  class space    used 2313K, capacity 2422K, committed 2432K, reserved 1048576K
}
Event: 2.378 GC heap before
{Heap before GC invocations=5 (full 1):
 PSYoungGen      total 76288K, used 9999K [0x00000000d5580000, 0x00000000daa80000, 0x0000000100000000)
  eden space 65536K, 0% used [0x00000000d5580000,0x00000000d5580000,0x00000000d9580000)
  from space 10752K, 93% used [0x00000000da000000,0x00000000da9c3e98,0x00000000daa80000)
  to   space 10752K, 0% used [0x00000000d9580000,0x00000000d9580000,0x00000000da000000)
 ParOldGen       total 175104K, used 104K [0x0000000080000000, 0x000000008ab00000, 0x00000000d5580000)
  object space 175104K, 0% used [0x0000000080000000,0x000000008001a010,0x000000008ab00000)
 Metaspace       used 20759K, capacity 21064K, committed 21296K, reserved 1069056K
  class space    used 2313K, capacity 2422K, committed 2432K, reserved 1048576K
Event: 2.410 GC heap after
Heap after GC invocations=5 (full 1):
 PSYoungGen      total 76288K, used 0K [0x00000000d5580000, 0x00000000daa80000, 0x0000000100000000)
  eden space 65536K, 0% used [0x00000000d5580000,0x00000000d5580000,0x00000000d9580000)
  from space 10752K, 0% used [0x00000000da000000,0x00000000da000000,0x00000000daa80000)
  to   space 10752K, 0% used [0x00000000d9580000,0x00000000d9580000,0x00000000da000000)
 ParOldGen       total 110080K, used 9847K [0x0000000080000000, 0x0000000086b80000, 0x00000000d5580000)
  object space 110080K, 8% used [0x0000000080000000,0x000000008099dfd0,0x0000000086b80000)
 Metaspace       used 20759K, capacity 21064K, committed 21296K, reserved 1069056K
  class space    used 2313K, capacity 2422K, committed 2432K, reserved 1048576K
}
Event: 2.717 GC heap before
{Heap before GC invocations=6 (full 1):
 PSYoungGen      total 76288K, used 65536K [0x00000000d5580000, 0x00000000daa80000, 0x0000000100000000)
  eden space 65536K, 100% used [0x00000000d5580000,0x00000000d9580000,0x00000000d9580000)
  from space 10752K, 0% used [0x00000000da000000,0x00000000da000000,0x00000000daa80000)
  to   space 10752K, 0% used [0x00000000d9580000,0x00000000d9580000,0x00000000da000000)
 ParOldGen       total 110080K, used 9847K [0x0000000080000000, 0x0000000086b80000, 0x00000000d5580000)
  object space 110080K, 8% used [0x0000000080000000,0x000000008099dfd0,0x0000000086b80000)
 Metaspace       used 21925K, capacity 22260K, committed 22448K, reserved 1069056K
  class space    used 2426K, capacity 2541K, committed 2560K, reserved 1048576K
Event: 2.719 GC heap after
Heap after GC invocations=6 (full 1):
 PSYoungGen      total 76288K, used 2530K [0x00000000d5580000, 0x00000000dca00000, 0x0000000100000000)
  eden space 65536K, 0% used [0x00000000d5580000,0x00000000d5580000,0x00000000d9580000)
  from space 10752K, 23% used [0x00000000d9580000,0x00000000d97f8928,0x00000000da000000)
  to   space 12288K, 0% used [0x00000000dbe00000,0x00000000dbe00000,0x00000000dca00000)
 ParOldGen       total 110080K, used 9855K [0x0000000080000000, 0x0000000086b80000, 0x00000000d5580000)
  object space 110080K, 8% used [0x0000000080000000,0x000000008099ffd0,0x0000000086b80000)
 Metaspace       used 21925K, capacity 22260K, committed 22448K, reserved 1069056K
  class space    used 2426K, capacity 2541K, committed 2560K, reserved 1048576K
}
Event: 2.909 GC heap before
{Heap before GC invocations=7 (full 1):
 PSYoungGen      total 76288K, used 68066K [0x00000000d5580000, 0x00000000dca00000, 0x0000000100000000)
  eden space 65536K, 100% used [0x00000000d5580000,0x00000000d9580000,0x00000000d9580000)
  from space 10752K, 23% used [0x00000000d9580000,0x00000000d97f8928,0x00000000da000000)
  to   space 12288K, 0% used [0x00000000dbe00000,0x00000000dbe00000,0x00000000dca00000)
 ParOldGen       total 110080K, used 9855K [0x0000000080000000, 0x0000000086b80000, 0x00000000d5580000)
  object space 110080K, 8% used [0x0000000080000000,0x000000008099ffd0,0x0000000086b80000)
 Metaspace       used 22222K, capacity 22516K, committed 22704K, reserved 1069056K
  class space    used 2440K, capacity 2541K, committed 2560K, reserved 1048576K
Event: 2.911 GC heap after
Heap after GC invocations=7 (full 1):
 PSYoungGen      total 107008K, used 2784K [0x00000000d5580000, 0x00000000dca00000, 0x0000000100000000)
  eden space 94720K, 0% used [0x00000000d5580000,0x00000000d5580000,0x00000000db200000)
  from space 12288K, 22% used [0x00000000dbe00000,0x00000000dc0b8268,0x00000000dca00000)
  to   space 12288K, 0% used [0x00000000db200000,0x00000000db200000,0x00000000dbe00000)
 ParOldGen       total 110080K, used 9863K [0x0000000080000000, 0x0000000086b80000, 0x00000000d5580000)
  object space 110080K, 8% used [0x0000000080000000,0x00000000809a1fd0,0x0000000086b80000)
 Metaspace       used 22222K, capacity 22516K, committed 22704K, reserved 1069056K
  class space    used 2440K, capacity 2541K, committed 2560K, reserved 1048576K
}
Event: 5.794 GC heap before
{Heap before GC invocations=8 (full 1):
 PSYoungGen      total 107008K, used 97504K [0x00000000d5580000, 0x00000000dca00000, 0x0000000100000000)
  eden space 94720K, 100% used [0x00000000d5580000,0x00000000db200000,0x00000000db200000)
  from space 12288K, 22% used [0x00000000dbe00000,0x00000000dc0b8268,0x00000000dca00000)
  to   space 12288K, 0% used [0x00000000db200000,0x00000000db200000,0x00000000dbe00000)
 ParOldGen       total 110080K, used 9863K [0x0000000080000000, 0x0000000086b80000, 0x00000000d5580000)
  object space 110080K, 8% used [0x0000000080000000,0x00000000809a1fd0,0x0000000086b80000)
 Metaspace       used 26605K, capacity 27010K, committed 27392K, reserved 1073152K
  class space    used 3054K, capacity 3216K, committed 3328K, reserved 1048576K
Event: 5.802 GC heap after
Heap after GC invocations=8 (full 1):
 PSYoungGen      total 107008K, used 11204K [0x00000000d5580000, 0x00000000df180000, 0x0000000100000000)
  eden space 94720K, 0% used [0x00000000d5580000,0x00000000d5580000,0x00000000db200000)
  from space 12288K, 91% used [0x00000000db200000,0x00000000dbcf1008,0x00000000dbe00000)
  to   space 13824K, 0% used [0x00000000de400000,0x00000000de400000,0x00000000df180000)
 ParOldGen       total 110080K, used 9871K [0x0000000080000000, 0x0000000086b80000, 0x00000000d5580000)
  object space 110080K, 8% used [0x0000000080000000,0x00000000809a3fd0,0x0000000086b80000)
 Metaspace       used 26605K, capacity 27010K, committed 27392K, reserved 1073152K
  class space    used 3054K, capacity 3216K, committed 3328K, reserved 1048576K
}

