# JRE version: OpenJDK Runtime Environment (Zulu 8.52.0.23-CA-win64) (8.0_282-b08) (build 1.8.0_282-b08)
# Java VM: OpenJDK 64-Bit Server VM (25.282-b08 mixed mode windows-amd64 compressed oops)
Heap:
 PSYoungGen      total 104960K, used 12776K [0x00000000d5580000, 0x00000000dec80000, 0x0000000100000000)
  eden space 92672K, 1% used [0x00000000d5580000,0x00000000d5744640,0x00000000db000000)
  from space 12288K, 89% used [0x00000000db000000,0x00000000dbab5a88,0x00000000dbc00000)
  to   space 13824K, 0% used [0x00000000ddf00000,0x00000000ddf00000,0x00000000dec80000)
 ParOldGen       total 112640K, used 9815K [0x0000000080000000, 0x0000000086e00000, 0x00000000d5580000)
  object space 112640K, 8% used [0x0000000080000000,0x0000000080995ec0,0x0000000086e00000)
 Metaspace       used 26421K, capacity 26818K, committed 27264K, reserved 1073152K
  class space    used 3019K, capacity 3152K, committed 3200K, reserved 1048576K
GC Heap History (10 events):
Event: 2.366 GC heap before
{Heap before GC invocations=4 (full 0):
 PSYoungGen      total 76288K, used 59642K [0x00000000d5580000, 0x00000000daa80000, 0x0000000100000000)
  eden space 65536K, 76% used [0x00000000d5580000,0x00000000d86bcc88,0x00000000d9580000)
  from space 10752K, 85% used [0x00000000d9580000,0x00000000d9e81c50,0x00000000da000000)
  to   space 10752K, 0% used [0x00000000da000000,0x00000000da000000,0x00000000daa80000)
 ParOldGen       total 175104K, used 88K [0x0000000080000000, 0x000000008ab00000, 0x00000000d5580000)
  object space 175104K, 0% used [0x0000000080000000,0x0000000080016010,0x000000008ab00000)
 Metaspace       used 20772K, capacity 21064K, committed 21296K, reserved 1069056K
  class space    used 2308K, capacity 2422K, committed 2432K, reserved 1048576K
Event: 2.374 GC heap after
Heap after GC invocations=4 (full 0):
 PSYoungGen      total 76288K, used 9971K [0x00000000d5580000, 0x00000000daa80000, 0x0000000100000000)
  eden space 65536K, 0% used [0x00000000d5580000,0x00000000d5580000,0x00000000d9580000)
  from space 10752K, 92% used [0x00000000da000000,0x00000000da9bcf10,0x00000000daa80000)
  to   space 10752K, 0% used [0x00000000d9580000,0x00000000d9580000,0x00000000da000000)
 ParOldGen       total 175104K, used 96K [0x0000000080000000, 0x000000008ab00000, 0x00000000d5580000)
  object space 175104K, 0% used [0x0000000080000000,0x0000000080018010,0x000000008ab00000)
 Metaspace       used 20772K, capacity 21064K, committed 21296K, reserved 1069056K
  class space    used 2308K, capacity 2422K, committed 2432K, reserved 1048576K
}
Event: 2.374 GC heap before
{Heap before GC invocations=5 (full 1):
 PSYoungGen      total 76288K, used 9971K [0x00000000d5580000, 0x00000000daa80000, 0x0000000100000000)
  eden space 65536K, 0% used [0x00000000d5580000,0x00000000d5580000,0x00000000d9580000)
  from space 10752K, 92% used [0x00000000da000000,0x00000000da9bcf10,0x00000000daa80000)
  to   space 10752K, 0% used [0x00000000d9580000,0x00000000d9580000,0x00000000da000000)
 ParOldGen       total 175104K, used 96K [0x0000000080000000, 0x000000008ab00000, 0x00000000d5580000)
  object space 175104K, 0% used [0x0000000080000000,0x0000000080018010,0x000000008ab00000)
 Metaspace       used 20772K, capacity 21064K, committed 21296K, reserved 1069056K
  class space    used 2308K, capacity 2422K, committed 2432K, reserved 1048576K
Event: 2.409 GC heap after
Heap after GC invocations=5 (full 1):
 PSYoungGen      total 76288K, used 0K [0x00000000d5580000, 0x00000000daa80000, 0x0000000100000000)
  eden space 65536K, 0% used [0x00000000d5580000,0x00000000d5580000,0x00000000d9580000)
  from space 10752K, 0% used [0x00000000da000000,0x00000000da000000,0x00000000daa80000)
  to   space 10752K, 0% used [0x00000000d9580000,0x00000000d9580000,0x00000000da000000)
 ParOldGen       total 112640K, used 9791K [0x0000000080000000, 0x0000000086e00000, 0x00000000d5580000)
  object space 112640K, 8% used [0x0000000080000000,0x000000008098fec0,0x0000000086e00000)
 Metaspace       used 20772K, capacity 21064K, committed 21296K, reserved 1069056K
  class space    used 2308K, capacity 2422K, committed 2432K, reserved 1048576K
}
Event: 2.751 GC heap before
{Heap before GC invocations=6 (full 1):
 PSYoungGen      total 76288K, used 65536K [0x00000000d5580000, 0x00000000daa80000, 0x0000000100000000)
  eden space 65536K, 100% used [0x00000000d5580000,0x00000000d9580000,0x00000000d9580000)
  from space 10752K, 0% used [0x00000000da000000,0x00000000da000000,0x00000000daa80000)
  to   space 10752K, 0% used [0x00000000d9580000,0x00000000d9580000,0x00000000da000000)
 ParOldGen       total 112640K, used 9791K [0x0000000080000000, 0x0000000086e00000, 0x00000000d5580000)
  object space 112640K, 8% used [0x0000000080000000,0x000000008098fec0,0x0000000086e00000)
 Metaspace       used 21927K, capacity 22260K, committed 22448K, reserved 1069056K
  class space    used 2421K, capacity 2541K, committed 2560K, reserved 1048576K
Event: 2.753 GC heap after
Heap after GC invocations=6 (full 1):
 PSYoungGen      total 76288K, used 2517K [0x00000000d5580000, 0x00000000dc800000, 0x0000000100000000)
  eden space 65536K, 0% used [0x00000000d5580000,0x00000000d5580000,0x00000000d9580000)
  from space 10752K, 23% used [0x00000000d9580000,0x00000000d97f54a0,0x00000000da000000)
  to   space 12288K, 0% used [0x00000000dbc00000,0x00000000dbc00000,0x00000000dc800000)
 ParOldGen       total 112640K, used 9799K [0x0000000080000000, 0x0000000086e00000, 0x00000000d5580000)
  object space 112640K, 8% used [0x0000000080000000,0x0000000080991ec0,0x0000000086e00000)
 Metaspace       used 21927K, capacity 22260K, committed 22448K, reserved 1069056K
  class space    used 2421K, capacity 2541K, committed 2560K, reserved 1048576K
}
Event: 2.963 GC heap before
{Heap before GC invocations=7 (full 1):
 PSYoungGen      total 76288K, used 68053K [0x00000000d5580000, 0x00000000dc800000, 0x0000000100000000)
  eden space 65536K, 100% used [0x00000000d5580000,0x00000000d9580000,0x00000000d9580000)
  from space 10752K, 23% used [0x00000000d9580000,0x00000000d97f54a0,0x00000000da000000)
  to   space 12288K, 0% used [0x00000000dbc00000,0x00000000dbc00000,0x00000000dc800000)
 ParOldGen       total 112640K, used 9799K [0x0000000080000000, 0x0000000086e00000, 0x00000000d5580000)
  object space 112640K, 8% used [0x0000000080000000,0x0000000080991ec0,0x0000000086e00000)
 Metaspace       used 22237K, capacity 22516K, committed 22704K, reserved 1069056K
  class space    used 2435K, capacity 2541K, committed 2560K, reserved 1048576K
Event: 2.965 GC heap after
Heap after GC invocations=7 (full 1):
 PSYoungGen      total 104960K, used 3136K [0x00000000d5580000, 0x00000000dc880000, 0x0000000100000000)
  eden space 92672K, 0% used [0x00000000d5580000,0x00000000d5580000,0x00000000db000000)
  from space 12288K, 25% used [0x00000000dbc00000,0x00000000dbf10268,0x00000000dc800000)
  to   space 12288K, 0% used [0x00000000db000000,0x00000000db000000,0x00000000dbc00000)
 ParOldGen       total 112640K, used 9807K [0x0000000080000000, 0x0000000086e00000, 0x00000000d5580000)
  object space 112640K, 8% used [0x0000000080000000,0x0000000080993ec0,0x0000000086e00000)
 Metaspace       used 22237K, capacity 22516K, committed 22704K, reserved 1069056K
  class space    used 2435K, capacity 2541K, committed 2560K, reserved 1048576K
}
Event: 5.849 GC heap before
{Heap before GC invocations=8 (full 1):
 PSYoungGen      total 104960K, used 95808K [0x00000000d5580000, 0x00000000dc880000, 0x0000000100000000)
  eden space 92672K, 100% used [0x00000000d5580000,0x00000000db000000,0x00000000db000000)
  from space 12288K, 25% used [0x00000000dbc00000,0x00000000dbf10268,0x00000000dc800000)
  to   space 12288K, 0% used [0x00000000db000000,0x00000000db000000,0x00000000dbc00000)
 ParOldGen       total 112640K, used 9807K [0x0000000080000000, 0x0000000086e00000, 0x00000000d5580000)
  object space 112640K, 8% used [0x0000000080000000,0x0000000080993ec0,0x0000000086e00000)
 Metaspace       used 26050K, capacity 26464K, committed 26752K, reserved 1073152K
  class space    used 2978K, capacity 3118K, committed 3200K, reserved 1048576K
Event: 5.856 GC heap after
Heap after GC invocations=8 (full 1):
 PSYoungGen      total 104960K, used 10966K [0x00000000d5580000, 0x00000000dec80000, 0x0000000100000000)
  eden space 92672K, 0% used [0x00000000d5580000,0x00000000d5580000,0x00000000db000000)
  from space 12288K, 89% used [0x00000000db000000,0x00000000dbab5a88,0x00000000dbc00000)
  to   space 13824K, 0% used [0x00000000ddf00000,0x00000000ddf00000,0x00000000dec80000)
 ParOldGen       total 112640K, used 9815K [0x0000000080000000, 0x0000000086e00000, 0x00000000d5580000)
  object space 112640K, 8% used [0x0000000080000000,0x0000000080995ec0,0x0000000086e00000)
 Metaspace       used 26050K, capacity 26464K, committed 26752K, reserved 1073152K
  class space    used 2978K, capacity 3118K, committed 3200K, reserved 1048576K
}

