# JRE version: OpenJDK Runtime Environment (Zulu 8.52.0.23-CA-win64) (8.0_282-b08) (build 1.8.0_282-b08)
# Java VM: OpenJDK 64-Bit Server VM (25.282-b08 mixed mode windows-amd64 compressed oops)
Heap:
 PSYoungGen      total 105472K, used 50935K [0x00000000d5580000, 0x00000000dee80000, 0x0000000100000000)
  eden space 93184K, 42% used [0x00000000d5580000,0x00000000d7c82b88,0x00000000db080000)
  from space 12288K, 89% used [0x00000000db080000,0x00000000dbb3b1d8,0x00000000dbc80000)
  to   space 13824K, 0% used [0x00000000de100000,0x00000000de100000,0x00000000dee80000)
 ParOldGen       total 112128K, used 9775K [0x0000000080000000, 0x0000000086d80000, 0x00000000d5580000)
  object space 112128K, 8% used [0x0000000080000000,0x000000008098bf50,0x0000000086d80000)
 Metaspace       used 30189K, capacity 31044K, committed 31232K, reserved 1077248K
  class space    used 3590K, capacity 3822K, committed 3840K, reserved 1048576K
GC Heap History (10 events):
Event: 2.365 GC heap before
{Heap before GC invocations=4 (full 0):
 PSYoungGen      total 76288K, used 59587K [0x00000000d5580000, 0x00000000daa80000, 0x0000000100000000)
  eden space 65536K, 76% used [0x00000000d5580000,0x00000000d86b9268,0x00000000d9580000)
  from space 10752K, 85% used [0x00000000d9580000,0x00000000d9e77a08,0x00000000da000000)
  to   space 10752K, 0% used [0x00000000da000000,0x00000000da000000,0x00000000daa80000)
 ParOldGen       total 175104K, used 96K [0x0000000080000000, 0x000000008ab00000, 0x00000000d5580000)
  object space 175104K, 0% used [0x0000000080000000,0x0000000080018010,0x000000008ab00000)
 Metaspace       used 20732K, capacity 21000K, committed 21296K, reserved 1069056K
  class space    used 2311K, capacity 2422K, committed 2432K, reserved 1048576K
Event: 2.372 GC heap after
Heap after GC invocations=4 (full 0):
 PSYoungGen      total 76288K, used 9960K [0x00000000d5580000, 0x00000000dea80000, 0x0000000100000000)
  eden space 65536K, 0% used [0x00000000d5580000,0x00000000d5580000,0x00000000d9580000)
  from space 10752K, 92% used [0x00000000da000000,0x00000000da9ba3b8,0x00000000daa80000)
  to   space 10752K, 0% used [0x00000000d9580000,0x00000000d9580000,0x00000000da000000)
 ParOldGen       total 175104K, used 104K [0x0000000080000000, 0x000000008ab00000, 0x00000000d5580000)
  object space 175104K, 0% used [0x0000000080000000,0x000000008001a010,0x000000008ab00000)
 Metaspace       used 20732K, capacity 21000K, committed 21296K, reserved 1069056K
  class space    used 2311K, capacity 2422K, committed 2432K, reserved 1048576K
}
Event: 2.372 GC heap before
{Heap before GC invocations=5 (full 1):
 PSYoungGen      total 76288K, used 9960K [0x00000000d5580000, 0x00000000dea80000, 0x0000000100000000)
  eden space 65536K, 0% used [0x00000000d5580000,0x00000000d5580000,0x00000000d9580000)
  from space 10752K, 92% used [0x00000000da000000,0x00000000da9ba3b8,0x00000000daa80000)
  to   space 10752K, 0% used [0x00000000d9580000,0x00000000d9580000,0x00000000da000000)
 ParOldGen       total 175104K, used 104K [0x0000000080000000, 0x000000008ab00000, 0x00000000d5580000)
  object space 175104K, 0% used [0x0000000080000000,0x000000008001a010,0x000000008ab00000)
 Metaspace       used 20732K, capacity 21000K, committed 21296K, reserved 1069056K
  class space    used 2311K, capacity 2422K, committed 2432K, reserved 1048576K
Event: 2.405 GC heap after
Heap after GC invocations=5 (full 1):
 PSYoungGen      total 76288K, used 0K [0x00000000d5580000, 0x00000000dea80000, 0x0000000100000000)
  eden space 65536K, 0% used [0x00000000d5580000,0x00000000d5580000,0x00000000d9580000)
  from space 10752K, 0% used [0x00000000da000000,0x00000000da000000,0x00000000daa80000)
  to   space 10752K, 0% used [0x00000000d9580000,0x00000000d9580000,0x00000000da000000)
 ParOldGen       total 112128K, used 9751K [0x0000000080000000, 0x0000000086d80000, 0x00000000d5580000)
  object space 112128K, 8% used [0x0000000080000000,0x0000000080985f50,0x0000000086d80000)
 Metaspace       used 20732K, capacity 21000K, committed 21296K, reserved 1069056K
  class space    used 2311K, capacity 2422K, committed 2432K, reserved 1048576K
}
Event: 2.741 GC heap before
{Heap before GC invocations=6 (full 1):
 PSYoungGen      total 76288K, used 65536K [0x00000000d5580000, 0x00000000dea80000, 0x0000000100000000)
  eden space 65536K, 100% used [0x00000000d5580000,0x00000000d9580000,0x00000000d9580000)
  from space 10752K, 0% used [0x00000000da000000,0x00000000da000000,0x00000000daa80000)
  to   space 10752K, 0% used [0x00000000d9580000,0x00000000d9580000,0x00000000da000000)
 ParOldGen       total 112128K, used 9751K [0x0000000080000000, 0x0000000086d80000, 0x00000000d5580000)
  object space 112128K, 8% used [0x0000000080000000,0x0000000080985f50,0x0000000086d80000)
 Metaspace       used 21918K, capacity 22196K, committed 22448K, reserved 1069056K
  class space    used 2429K, capacity 2541K, committed 2560K, reserved 1048576K
Event: 2.743 GC heap after
Heap after GC invocations=6 (full 1):
 PSYoungGen      total 76288K, used 2581K [0x00000000d5580000, 0x00000000dc880000, 0x0000000100000000)
  eden space 65536K, 0% used [0x00000000d5580000,0x00000000d5580000,0x00000000d9580000)
  from space 10752K, 24% used [0x00000000d9580000,0x00000000d98054a0,0x00000000da000000)
  to   space 12288K, 0% used [0x00000000dbc80000,0x00000000dbc80000,0x00000000dc880000)
 ParOldGen       total 112128K, used 9759K [0x0000000080000000, 0x0000000086d80000, 0x00000000d5580000)
  object space 112128K, 8% used [0x0000000080000000,0x0000000080987f50,0x0000000086d80000)
 Metaspace       used 21918K, capacity 22196K, committed 22448K, reserved 1069056K
  class space    used 2429K, capacity 2541K, committed 2560K, reserved 1048576K
}
Event: 2.938 GC heap before
{Heap before GC invocations=7 (full 1):
 PSYoungGen      total 76288K, used 68117K [0x00000000d5580000, 0x00000000dc880000, 0x0000000100000000)
  eden space 65536K, 100% used [0x00000000d5580000,0x00000000d9580000,0x00000000d9580000)
  from space 10752K, 24% used [0x00000000d9580000,0x00000000d98054a0,0x00000000da000000)
  to   space 12288K, 0% used [0x00000000dbc80000,0x00000000dbc80000,0x00000000dc880000)
 ParOldGen       total 112128K, used 9759K [0x0000000080000000, 0x0000000086d80000, 0x00000000d5580000)
  object space 112128K, 8% used [0x0000000080000000,0x0000000080987f50,0x0000000086d80000)
 Metaspace       used 22222K, capacity 22516K, committed 22704K, reserved 1069056K
  class space    used 2442K, capacity 2541K, committed 2560K, reserved 1048576K
Event: 2.940 GC heap after
Heap after GC invocations=7 (full 1):
 PSYoungGen      total 105472K, used 2768K [0x00000000d5580000, 0x00000000dc900000, 0x0000000100000000)
  eden space 93184K, 0% used [0x00000000d5580000,0x00000000d5580000,0x00000000db080000)
  from space 12288K, 22% used [0x00000000dbc80000,0x00000000dbf34278,0x00000000dc880000)
  to   space 12288K, 0% used [0x00000000db080000,0x00000000db080000,0x00000000dbc80000)
 ParOldGen       total 112128K, used 9767K [0x0000000080000000, 0x0000000086d80000, 0x00000000d5580000)
  object space 112128K, 8% used [0x0000000080000000,0x0000000080989f50,0x0000000086d80000)
 Metaspace       used 22222K, capacity 22516K, committed 22704K, reserved 1069056K
  class space    used 2442K, capacity 2541K, committed 2560K, reserved 1048576K
}
Event: 5.778 GC heap before
{Heap before GC invocations=8 (full 1):
 PSYoungGen      total 105472K, used 95952K [0x00000000d5580000, 0x00000000dc900000, 0x0000000100000000)
  eden space 93184K, 100% used [0x00000000d5580000,0x00000000db080000,0x00000000db080000)
  from space 12288K, 22% used [0x00000000dbc80000,0x00000000dbf34278,0x00000000dc880000)
  to   space 12288K, 0% used [0x00000000db080000,0x00000000db080000,0x00000000dbc80000)
 ParOldGen       total 112128K, used 9767K [0x0000000080000000, 0x0000000086d80000, 0x00000000d5580000)
  object space 112128K, 8% used [0x0000000080000000,0x0000000080989f50,0x0000000086d80000)
 Metaspace       used 26179K, capacity 26562K, committed 27008K, reserved 1073152K
  class space    used 3008K, capacity 3152K, committed 3200K, reserved 1048576K
Event: 5.787 GC heap after
Heap after GC invocations=8 (full 1):
 PSYoungGen      total 105472K, used 10988K [0x00000000d5580000, 0x00000000dee80000, 0x0000000100000000)
  eden space 93184K, 0% used [0x00000000d5580000,0x00000000d5580000,0x00000000db080000)
  from space 12288K, 89% used [0x00000000db080000,0x00000000dbb3b1d8,0x00000000dbc80000)
  to   space 13824K, 0% used [0x00000000de100000,0x00000000de100000,0x00000000dee80000)
 ParOldGen       total 112128K, used 9775K [0x0000000080000000, 0x0000000086d80000, 0x00000000d5580000)
  object space 112128K, 8% used [0x0000000080000000,0x000000008098bf50,0x0000000086d80000)
 Metaspace       used 26179K, capacity 26562K, committed 27008K, reserved 1073152K
  class space    used 3008K, capacity 3152K, committed 3200K, reserved 1048576K
}

