<?xml version="1.0" encoding="UTF-8"?>
<testsuites name="Run all test cases" time="1184.704" tests="50" failures="6" errors="0">
   <testsuite name="Run all test cases" tests="50" failures="6" errors="0" time="1184.704" skipped="0" timestamp="2022-01-12 23:43:26" hostname="Thanh Dang - DESKTOP-8IHK86T" id="Test Suites/Run all test cases">
      <properties>
[...]
</properties>
      <testcase name="Test Cases/Login as admin" time="9.234" classname="Test Cases/Login as admin" status="PASSED">
         <system-out><![CDATA[2022-01-12 23:43:26 - [TEST_CASE][PASSED] - Test Cases/Login as admin: Test Cases/Login as admin

2022-01-12 23:43:27 - [TEST_STEP][PASSED] - openBrowser(""): Browser is opened with url: ''

2022-01-12 23:43:27 - [MESSAGE][INFO] - Starting 'Edge Chromium' driver

2022-01-12 23:43:29 - [MESSAGE][INFO] - Action delay is set to 0 milliseconds

2022-01-12 23:43:32 - [MESSAGE][PASSED] - Browser is opened with url: ''

2022-01-12 23:43:32 - [TEST_STEP][PASSED] - navigateToUrl("http://localhost/"): Navigate to 'http://localhost/' successfully

2022-01-12 23:43:32 - [MESSAGE][PASSED] - Navigate to 'http://localhost/' successfully

2022-01-12 23:43:32 - [TEST_STEP][PASSED] - click(findTestObject("Object Repository/Page_My Moodle/a_Log in")): Object: 'Object Repository/Page_My Moodle/a_Log in' is clicked on

2022-01-12 23:43:33 - [MESSAGE][PASSED] - Object: 'Object Repository/Page_My Moodle/a_Log in' is clicked on

2022-01-12 23:43:33 - [TEST_STEP][PASSED] - setText(findTestObject("Object Repository/Page_My Moodle Log in to the site/input_Username_username"), "admin"): Text 'admin' is set on object 'Object Repository/Page_My Moodle Log in to the site/input_Username_username'

2022-01-12 23:43:34 - [MESSAGE][PASSED] - Text 'admin' is set on object 'Object Repository/Page_My Moodle Log in to the site/input_Username_username'

2022-01-12 23:43:34 - [TEST_STEP][PASSED] - setEncryptedText(findTestObject("Object Repository/Page_My Moodle Log in to the site/input_Password_password"), "7Dxoto1EjKfQbGop/Ov+1g=="): Text ****** has been set on object 'Object Repository/Page_My Moodle Log in to the site/input_Password_password'

2022-01-12 23:43:34 - [MESSAGE][PASSED] - Text ****** has been set on object 'Object Repository/Page_My Moodle Log in to the site/input_Password_password'

2022-01-12 23:43:34 - [TEST_STEP][PASSED] - click(findTestObject("Object Repository/Page_My Moodle Log in to the site/button_Log in")): Object: 'Object Repository/Page_My Moodle Log in to the site/button_Log in' is clicked on

2022-01-12 23:43:36 - [MESSAGE][PASSED] - Object: 'Object Repository/Page_My Moodle Log in to the site/button_Log in' is clicked on]]></system-out>
         <system-err><![CDATA[]]></system-err>
      </testcase>
      <testcase name="Test Cases/Admin config file system (create repositories)" time="16.541" classname="Test Cases/Admin config file system (create repositories)" status="PASSED">
         <system-out><![CDATA[2022-01-12 23:43:36 - [TEST_CASE][PASSED] - Test Cases/Admin config file system (create repositories): Test Cases/Admin config file system (create repositories)

2022-01-12 23:43:36 - [TEST_STEP][PASSED] - callTestCase(findTestCase("Login as admin"), [:], STOP_ON_FAILURE): Call Test Case 'Test Cases/Login as admin' successfully

2022-01-12 23:43:36 - [TEST_CASE][PASSED] - Test Cases/Login as admin: Test Cases/Login as admin

2022-01-12 23:43:36 - [TEST_STEP][PASSED] - openBrowser(""): Browser is opened with url: ''

2022-01-12 23:43:36 - [MESSAGE][WARNING] - A browser is already opened. Closing browser and opening a new one

2022-01-12 23:43:37 - [MESSAGE][INFO] - Starting 'Edge Chromium' driver

2022-01-12 23:43:39 - [MESSAGE][INFO] - Action delay is set to 0 milliseconds

2022-01-12 23:43:41 - [MESSAGE][PASSED] - Browser is opened with url: ''

2022-01-12 23:43:41 - [TEST_STEP][PASSED] - navigateToUrl("http://localhost/"): Navigate to 'http://localhost/' successfully

2022-01-12 23:43:41 - [MESSAGE][PASSED] - Navigate to 'http://localhost/' successfully

2022-01-12 23:43:41 - [TEST_STEP][PASSED] - click(findTestObject("Object Repository/Page_My Moodle/a_Log in")): Object: 'Object Repository/Page_My Moodle/a_Log in' is clicked on

2022-01-12 23:43:42 - [MESSAGE][PASSED] - Object: 'Object Repository/Page_My Moodle/a_Log in' is clicked on

2022-01-12 23:43:42 - [TEST_STEP][PASSED] - setText(findTestObject("Object Repository/Page_My Moodle Log in to the site/input_Username_username"), "admin"): Text 'admin' is set on object 'Object Repository/Page_My Moodle Log in to the site/input_Username_username'

2022-01-12 23:43:43 - [MESSAGE][PASSED] - Text 'admin' is set on object 'Object Repository/Page_My Moodle Log in to the site/input_Username_username'

2022-01-12 23:43:43 - [TEST_STEP][PASSED] - setEncryptedText(findTestObject("Object Repository/Page_My Moodle Log in to the site/input_Password_password"), "7Dxoto1EjKfQbGop/Ov+1g=="): Text ****** has been set on object 'Object Repository/Page_My Moodle Log in to the site/input_Password_password'

2022-01-12 23:43:43 - [MESSAGE][PASSED] - Text ****** has been set on object 'Object Repository/Page_My Moodle Log in to the site/input_Password_password'

2022-01-12 23:43:43 - [TEST_STEP][PASSED] - click(findTestObject("Object Repository/Page_My Moodle Log in to the site/button_Log in")): Object: 'Object Repository/Page_My Moodle Log in to the site/button_Log in' is clicked on

2022-01-12 23:43:44 - [MESSAGE][PASSED] - Object: 'Object Repository/Page_My Moodle Log in to the site/button_Log in' is clicked on

2022-01-12 23:43:44 - [MESSAGE][PASSED] - Call Test Case 'Test Cases/Login as admin' successfully

2022-01-12 23:43:44 - [TEST_STEP][PASSED] - click(findTestObject("Object Repository/Page_Dashboard/span_Site administration")): Object: 'Object Repository/Page_Dashboard/span_Site administration' is clicked on

2022-01-12 23:43:46 - [MESSAGE][PASSED] - Object: 'Object Repository/Page_Dashboard/span_Site administration' is clicked on

2022-01-12 23:43:46 - [TEST_STEP][PASSED] - navigateToUrl("http://localhost/admin/search.php"): Navigate to 'http://localhost/admin/search.php' successfully

2022-01-12 23:43:46 - [MESSAGE][PASSED] - Navigate to 'http://localhost/admin/search.php' successfully

2022-01-12 23:43:46 - [TEST_STEP][PASSED] - click(findTestObject("Object Repository/Page_Moodle Administration Search/a_Plugins")): Object: 'Object Repository/Page_Moodle Administration Search/a_Plugins' is clicked on

2022-01-12 23:43:47 - [MESSAGE][PASSED] - Object: 'Object Repository/Page_Moodle Administration Search/a_Plugins' is clicked on

2022-01-12 23:43:47 - [TEST_STEP][PASSED] - click(findTestObject("Object Repository/Page_Moodle Administration Search/a_Manage repositories")): Object: 'Object Repository/Page_Moodle Administration Search/a_Manage repositories' is clicked on

2022-01-12 23:43:48 - [MESSAGE][PASSED] - Object: 'Object Repository/Page_Moodle Administration Search/a_Manage repositories' is clicked on

2022-01-12 23:43:48 - [TEST_STEP][PASSED] - click(findTestObject("Object Repository/Page_Moodle Administration Plugins Reposito_4b46d1/a_Settings")): Object: 'Object Repository/Page_Moodle Administration Plugins Reposito_4b46d1/a_Settings' is clicked on

2022-01-12 23:43:49 - [MESSAGE][PASSED] - Object: 'Object Repository/Page_Moodle Administration Plugins Reposito_4b46d1/a_Settings' is clicked on

2022-01-12 23:43:49 - [TEST_STEP][PASSED] - click(findTestObject("Object Repository/Page_Moodle Administration Plugins Reposito_90c615/button_Create a repository instance")): Object: 'Object Repository/Page_Moodle Administration Plugins Reposito_90c615/button_Create a repository instance' is clicked on

2022-01-12 23:43:50 - [MESSAGE][PASSED] - Object: 'Object Repository/Page_Moodle Administration Plugins Reposito_90c615/button_Create a repository instance' is clicked on

2022-01-12 23:43:50 - [TEST_STEP][PASSED] - setText(findTestObject("Object Repository/Page_Moodle Administration Plugins Reposito_b84f2c/input_Name_name"), "csv"): Text 'csv' is set on object 'Object Repository/Page_Moodle Administration Plugins Reposito_b84f2c/input_Name_name'

2022-01-12 23:43:51 - [MESSAGE][PASSED] - Text 'csv' is set on object 'Object Repository/Page_Moodle Administration Plugins Reposito_b84f2c/input_Name_name'

2022-01-12 23:43:51 - [TEST_STEP][PASSED] - click(findTestObject("Object Repository/Page_Moodle Administration Plugins Reposito_b84f2c/input_Allow relative files_relativefiles")): Object: 'Object Repository/Page_Moodle Administration Plugins Reposito_b84f2c/input_Allow relative files_relativefiles' is clicked on

2022-01-12 23:43:51 - [MESSAGE][PASSED] - Object: 'Object Repository/Page_Moodle Administration Plugins Reposito_b84f2c/input_Allow relative files_relativefiles' is clicked on

2022-01-12 23:43:51 - [TEST_STEP][PASSED] - click(findTestObject("Object Repository/Page_Moodle Administration Plugins Reposito_b84f2c/input_This allows all files in the reposito_ba0d3d")): Object: 'Object Repository/Page_Moodle Administration Plugins Reposito_b84f2c/input_This allows all files in the reposito_ba0d3d' is clicked on

2022-01-12 23:43:52 - [MESSAGE][PASSED] - Object: 'Object Repository/Page_Moodle Administration Plugins Reposito_b84f2c/input_This allows all files in the reposito_ba0d3d' is clicked on]]></system-out>
         <system-err><![CDATA[]]></system-err>
      </testcase>
      <testcase name="Test Cases/Admin config outgoing email" time="20.18" classname="Test Cases/Admin config outgoing email" status="PASSED">
         <system-out><![CDATA[2022-01-12 23:43:52 - [TEST_CASE][PASSED] - Test Cases/Admin config outgoing email: Test Cases/Admin config outgoing email

2022-01-12 23:43:53 - [TEST_STEP][PASSED] - callTestCase(findTestCase("Login as admin"), [:], STOP_ON_FAILURE): Call Test Case 'Test Cases/Login as admin' successfully

2022-01-12 23:43:53 - [TEST_CASE][PASSED] - Test Cases/Login as admin: Test Cases/Login as admin

2022-01-12 23:43:53 - [TEST_STEP][PASSED] - openBrowser(""): Browser is opened with url: ''

2022-01-12 23:43:53 - [MESSAGE][WARNING] - A browser is already opened. Closing browser and opening a new one

2022-01-12 23:43:53 - [MESSAGE][INFO] - Starting 'Edge Chromium' driver

2022-01-12 23:43:56 - [MESSAGE][INFO] - Action delay is set to 0 milliseconds

2022-01-12 23:43:57 - [MESSAGE][PASSED] - Browser is opened with url: ''

2022-01-12 23:43:57 - [TEST_STEP][PASSED] - navigateToUrl("http://localhost/"): Navigate to 'http://localhost/' successfully

2022-01-12 23:43:57 - [MESSAGE][PASSED] - Navigate to 'http://localhost/' successfully

2022-01-12 23:43:57 - [TEST_STEP][PASSED] - click(findTestObject("Object Repository/Page_My Moodle/a_Log in")): Object: 'Object Repository/Page_My Moodle/a_Log in' is clicked on

2022-01-12 23:43:58 - [MESSAGE][PASSED] - Object: 'Object Repository/Page_My Moodle/a_Log in' is clicked on

2022-01-12 23:43:58 - [TEST_STEP][PASSED] - setText(findTestObject("Object Repository/Page_My Moodle Log in to the site/input_Username_username"), "admin"): Text 'admin' is set on object 'Object Repository/Page_My Moodle Log in to the site/input_Username_username'

2022-01-12 23:43:59 - [MESSAGE][PASSED] - Text 'admin' is set on object 'Object Repository/Page_My Moodle Log in to the site/input_Username_username'

2022-01-12 23:43:59 - [TEST_STEP][PASSED] - setEncryptedText(findTestObject("Object Repository/Page_My Moodle Log in to the site/input_Password_password"), "7Dxoto1EjKfQbGop/Ov+1g=="): Text ****** has been set on object 'Object Repository/Page_My Moodle Log in to the site/input_Password_password'

2022-01-12 23:43:59 - [MESSAGE][PASSED] - Text ****** has been set on object 'Object Repository/Page_My Moodle Log in to the site/input_Password_password'

2022-01-12 23:43:59 - [TEST_STEP][PASSED] - click(findTestObject("Object Repository/Page_My Moodle Log in to the site/button_Log in")): Object: 'Object Repository/Page_My Moodle Log in to the site/button_Log in' is clicked on

2022-01-12 23:44:01 - [MESSAGE][PASSED] - Object: 'Object Repository/Page_My Moodle Log in to the site/button_Log in' is clicked on

2022-01-12 23:44:01 - [MESSAGE][PASSED] - Call Test Case 'Test Cases/Login as admin' successfully

2022-01-12 23:44:01 - [TEST_STEP][PASSED] - click(findTestObject("Object Repository/Page_Dashboard/span_Site administration")): Object: 'Object Repository/Page_Dashboard/span_Site administration' is clicked on

2022-01-12 23:44:03 - [MESSAGE][PASSED] - Object: 'Object Repository/Page_Dashboard/span_Site administration' is clicked on

2022-01-12 23:44:03 - [TEST_STEP][PASSED] - navigateToUrl("http://localhost/admin/search.php"): Navigate to 'http://localhost/admin/search.php' successfully

2022-01-12 23:44:03 - [MESSAGE][PASSED] - Navigate to 'http://localhost/admin/search.php' successfully

2022-01-12 23:44:03 - [TEST_STEP][PASSED] - click(findTestObject("Object Repository/Page_Moodle Administration Search/a_Server")): Object: 'Object Repository/Page_Moodle Administration Search/a_Server' is clicked on

2022-01-12 23:44:04 - [MESSAGE][PASSED] - Object: 'Object Repository/Page_Moodle Administration Search/a_Server' is clicked on

2022-01-12 23:44:04 - [TEST_STEP][PASSED] - click(findTestObject("Object Repository/Page_Moodle Administration Search/a_Outgoing mail configuration")): Object: 'Object Repository/Page_Moodle Administration Search/a_Outgoing mail configuration' is clicked on

2022-01-12 23:44:05 - [MESSAGE][PASSED] - Object: 'Object Repository/Page_Moodle Administration Search/a_Outgoing mail configuration' is clicked on

2022-01-12 23:44:05 - [TEST_STEP][PASSED] - setText(findTestObject("Object Repository/Page_Moodle Administration Server Email Out_d1e642/input_smtphosts_s__smtphosts"), "smtp.gmail.com:587"): Text 'smtp.gmail.com:587' is set on object 'Object Repository/Page_Moodle Administration Server Email Out_d1e642/input_smtphosts_s__smtphosts'

2022-01-12 23:44:06 - [MESSAGE][PASSED] - Text 'smtp.gmail.com:587' is set on object 'Object Repository/Page_Moodle Administration Server Email Out_d1e642/input_smtphosts_s__smtphosts'

2022-01-12 23:44:06 - [TEST_STEP][PASSED] - selectOptionByValue(findTestObject("Object Repository/Page_Moodle Administration Server Email Out_d1e642/select_None            SSL            TLS"), "tls", true): All options with value 'tls' are selected in object 'Object Repository/Page_Moodle Administration Server Email Out_d1e642/select_None            SSL            TLS'  using regular expression

2022-01-12 23:44:07 - [MESSAGE][PASSED] - All options with value 'tls' are selected in object 'Object Repository/Page_Moodle Administration Server Email Out_d1e642/select_None            SSL            TLS'  using regular expression

2022-01-12 23:44:07 - [TEST_STEP][PASSED] - setText(findTestObject("Object Repository/Page_Moodle Administration Server Email Out_d1e642/input_smtpuser_s__smtpuser"), "moodle.testing.team@gmail.com"): Text 'moodle.testing.team@gmail.com' is set on object 'Object Repository/Page_Moodle Administration Server Email Out_d1e642/input_smtpuser_s__smtpuser'

2022-01-12 23:44:08 - [MESSAGE][PASSED] - Text 'moodle.testing.team@gmail.com' is set on object 'Object Repository/Page_Moodle Administration Server Email Out_d1e642/input_smtpuser_s__smtpuser'

2022-01-12 23:44:08 - [TEST_STEP][PASSED] - click(findTestObject("Object Repository/Page_Moodle Administration Server Email Out_d1e642/i_Click to enter text_icon fa fa-pencil fa-fw")): Object: 'Object Repository/Page_Moodle Administration Server Email Out_d1e642/i_Click to enter text_icon fa fa-pencil fa-fw' is clicked on

2022-01-12 23:44:08 - [MESSAGE][PASSED] - Object: 'Object Repository/Page_Moodle Administration Server Email Out_d1e642/i_Click to enter text_icon fa fa-pencil fa-fw' is clicked on

2022-01-12 23:44:08 - [TEST_STEP][PASSED] - setEncryptedText(findTestObject("Object Repository/Page_Moodle Administration Server Email Out_d1e642/input_smtppass_s__smtppass"), "vmGLb5mQ4V2AGvF7YR/3BQ=="): Text ****** has been set on object 'Object Repository/Page_Moodle Administration Server Email Out_d1e642/input_smtppass_s__smtppass'

2022-01-12 23:44:09 - [MESSAGE][PASSED] - Text ****** has been set on object 'Object Repository/Page_Moodle Administration Server Email Out_d1e642/input_smtppass_s__smtppass'

2022-01-12 23:44:09 - [TEST_STEP][PASSED] - setText(findTestObject("Object Repository/Page_Moodle Administration Server Email Out_d1e642/input_noreplyaddress_s__noreplyaddress"), "moodle.testing.team@gmail.com"): Text 'moodle.testing.team@gmail.com' is set on object 'Object Repository/Page_Moodle Administration Server Email Out_d1e642/input_noreplyaddress_s__noreplyaddress'

2022-01-12 23:44:10 - [MESSAGE][PASSED] - Text 'moodle.testing.team@gmail.com' is set on object 'Object Repository/Page_Moodle Administration Server Email Out_d1e642/input_noreplyaddress_s__noreplyaddress'

2022-01-12 23:44:10 - [TEST_STEP][PASSED] - click(findTestObject("Object Repository/Page_Moodle Administration Server Email Out_d1e642/button_Save changes")): Object: 'Object Repository/Page_Moodle Administration Server Email Out_d1e642/button_Save changes' is clicked on

2022-01-12 23:44:12 - [MESSAGE][PASSED] - Object: 'Object Repository/Page_Moodle Administration Server Email Out_d1e642/button_Save changes' is clicked on

2022-01-12 23:44:12 - [TEST_STEP][PASSED] - click(findTestObject("Object Repository/Page_Moodle Administration Server Email Out_d1e642/div_Changes saved")): Object: 'Object Repository/Page_Moodle Administration Server Email Out_d1e642/div_Changes saved' is clicked on

2022-01-12 23:44:12 - [MESSAGE][PASSED] - Object: 'Object Repository/Page_Moodle Administration Server Email Out_d1e642/div_Changes saved' is clicked on]]></system-out>
         <system-err><![CDATA[]]></system-err>
      </testcase>
      <testcase name="Test Cases/Admin edit profile (change email)" time="14.166" classname="Test Cases/Admin edit profile (change email)" status="PASSED">
         <system-out><![CDATA[2022-01-12 23:44:12 - [TEST_CASE][PASSED] - Test Cases/Admin edit profile (change email): Test Cases/Admin edit profile (change email)

2022-01-12 23:44:13 - [TEST_STEP][PASSED] - callTestCase(findTestCase("Login as admin"), [:], STOP_ON_FAILURE): Call Test Case 'Test Cases/Login as admin' successfully

2022-01-12 23:44:13 - [TEST_CASE][PASSED] - Test Cases/Login as admin: Test Cases/Login as admin

2022-01-12 23:44:13 - [TEST_STEP][PASSED] - openBrowser(""): Browser is opened with url: ''

2022-01-12 23:44:13 - [MESSAGE][WARNING] - A browser is already opened. Closing browser and opening a new one

2022-01-12 23:44:14 - [MESSAGE][INFO] - Starting 'Edge Chromium' driver

2022-01-12 23:44:16 - [MESSAGE][INFO] - Action delay is set to 0 milliseconds

2022-01-12 23:44:17 - [MESSAGE][PASSED] - Browser is opened with url: ''

2022-01-12 23:44:17 - [TEST_STEP][PASSED] - navigateToUrl("http://localhost/"): Navigate to 'http://localhost/' successfully

2022-01-12 23:44:18 - [MESSAGE][PASSED] - Navigate to 'http://localhost/' successfully

2022-01-12 23:44:18 - [TEST_STEP][PASSED] - click(findTestObject("Object Repository/Page_My Moodle/a_Log in")): Object: 'Object Repository/Page_My Moodle/a_Log in' is clicked on

2022-01-12 23:44:19 - [MESSAGE][PASSED] - Object: 'Object Repository/Page_My Moodle/a_Log in' is clicked on

2022-01-12 23:44:19 - [TEST_STEP][PASSED] - setText(findTestObject("Object Repository/Page_My Moodle Log in to the site/input_Username_username"), "admin"): Text 'admin' is set on object 'Object Repository/Page_My Moodle Log in to the site/input_Username_username'

2022-01-12 23:44:19 - [MESSAGE][PASSED] - Text 'admin' is set on object 'Object Repository/Page_My Moodle Log in to the site/input_Username_username'

2022-01-12 23:44:19 - [TEST_STEP][PASSED] - setEncryptedText(findTestObject("Object Repository/Page_My Moodle Log in to the site/input_Password_password"), "7Dxoto1EjKfQbGop/Ov+1g=="): Text ****** has been set on object 'Object Repository/Page_My Moodle Log in to the site/input_Password_password'

2022-01-12 23:44:20 - [MESSAGE][PASSED] - Text ****** has been set on object 'Object Repository/Page_My Moodle Log in to the site/input_Password_password'

2022-01-12 23:44:20 - [TEST_STEP][PASSED] - click(findTestObject("Object Repository/Page_My Moodle Log in to the site/button_Log in")): Object: 'Object Repository/Page_My Moodle Log in to the site/button_Log in' is clicked on

2022-01-12 23:44:21 - [MESSAGE][PASSED] - Object: 'Object Repository/Page_My Moodle Log in to the site/button_Log in' is clicked on

2022-01-12 23:44:21 - [MESSAGE][PASSED] - Call Test Case 'Test Cases/Login as admin' successfully

2022-01-12 23:44:21 - [TEST_STEP][PASSED] - click(findTestObject("Object Repository/Page_Dashboard/a_Admin Team")): Object: 'Object Repository/Page_Dashboard/a_Admin Team' is clicked on

2022-01-12 23:44:22 - [MESSAGE][PASSED] - Object: 'Object Repository/Page_Dashboard/a_Admin Team' is clicked on

2022-01-12 23:44:22 - [TEST_STEP][PASSED] - click(findTestObject("Object Repository/Page_Dashboard/span_Preferences")): Object: 'Object Repository/Page_Dashboard/span_Preferences' is clicked on

2022-01-12 23:44:23 - [MESSAGE][PASSED] - Object: 'Object Repository/Page_Dashboard/span_Preferences' is clicked on

2022-01-12 23:44:23 - [TEST_STEP][PASSED] - navigateToUrl("http://localhost/user/preferences.php"): Navigate to 'http://localhost/user/preferences.php' successfully

2022-01-12 23:44:23 - [MESSAGE][PASSED] - Navigate to 'http://localhost/user/preferences.php' successfully

2022-01-12 23:44:23 - [TEST_STEP][PASSED] - click(findTestObject("Object Repository/Page_Preferences/a_Edit profile")): Object: 'Object Repository/Page_Preferences/a_Edit profile' is clicked on

2022-01-12 23:44:24 - [MESSAGE][PASSED] - Object: 'Object Repository/Page_Preferences/a_Edit profile' is clicked on

2022-01-12 23:44:24 - [TEST_STEP][PASSED] - setText(findTestObject("Object Repository/Page_Moodle Edit profile/input_Email address_email"), "moodle.testing.team@gmail.com"): Text 'moodle.testing.team@gmail.com' is set on object 'Object Repository/Page_Moodle Edit profile/input_Email address_email'

2022-01-12 23:44:26 - [MESSAGE][PASSED] - Text 'moodle.testing.team@gmail.com' is set on object 'Object Repository/Page_Moodle Edit profile/input_Email address_email'

2022-01-12 23:44:26 - [TEST_STEP][PASSED] - click(findTestObject("Object Repository/Page_Moodle Edit profile/input_Address_submitbutton")): Object: 'Object Repository/Page_Moodle Edit profile/input_Address_submitbutton' is clicked on

2022-01-12 23:44:27 - [MESSAGE][PASSED] - Object: 'Object Repository/Page_Moodle Edit profile/input_Address_submitbutton' is clicked on]]></system-out>
         <system-err><![CDATA[]]></system-err>
      </testcase>
      <testcase name="Test Cases/Admin upload user with csv" time="56.563" classname="Test Cases/Admin upload user with csv" status="FAILED">
         <failure type="FAILED" message="Test Cases/Admin upload user with csv FAILED.
Reason:
com.kms.katalon.core.exception.StepFailedException: Unable to click on object 'Object Repository/Page_Dashboard/i_MT_icon fa fa-bell fa-fw'
	at com.kms.katalon.core.webui.keyword.internal.WebUIKeywordMain.stepFailed(WebUIKeywordMain.groovy:64)
	at com.kms.katalon.core.webui.keyword.internal.WebUIKeywordMain.runKeyword(WebUIKeywordMain.groovy:26)
	at com.kms.katalon.core.webui.keyword.builtin.ClickKeyword.click(ClickKeyword.groovy:74)
	at com.kms.katalon.core.webui.keyword.builtin.ClickKeyword.execute(ClickKeyword.groovy:40)
	at com.kms.katalon.core.keyword.internal.KeywordExecutor.executeKeywordForPlatform(KeywordExecutor.groovy:74)
	at com.kms.katalon.core.webui.keyword.WebUiBuiltInKeywords.click(WebUiBuiltInKeywords.groovy:620)
	at com.kms.katalon.core.webui.keyword.WebUiBuiltInKeywords$click$1.call(Unknown Source)
	at Admin upload user with csv.run(Admin upload user with csv:61)
	at com.kms.katalon.core.main.ScriptEngine.run(ScriptEngine.java:194)
	at com.kms.katalon.core.main.ScriptEngine.runScriptAsRawText(ScriptEngine.java:119)
	at com.kms.katalon.core.main.TestCaseExecutor.runScript(TestCaseExecutor.java:442)
	at com.kms.katalon.core.main.TestCaseExecutor.doExecute(TestCaseExecutor.java:433)
	at com.kms.katalon.core.main.TestCaseExecutor.processExecutionPhase(TestCaseExecutor.java:412)
	at com.kms.katalon.core.main.TestCaseExecutor.accessMainPhase(TestCaseExecutor.java:404)
	at com.kms.katalon.core.main.TestCaseExecutor.execute(TestCaseExecutor.java:281)
	at com.kms.katalon.core.main.TestSuiteExecutor.accessTestCaseMainPhase(TestSuiteExecutor.java:202)
	at com.kms.katalon.core.main.TestSuiteExecutor.accessTestSuiteMainPhase(TestSuiteExecutor.java:164)
	at com.kms.katalon.core.main.TestSuiteExecutor.execute(TestSuiteExecutor.java:105)
	at com.kms.katalon.core.main.TestCaseMain.startTestSuite(TestCaseMain.java:181)
	at com.kms.katalon.core.main.TestCaseMain$startTestSuite$0.call(Unknown Source)
	at TempTestSuite1642005795532.run(TempTestSuite1642005795532.groovy:36)
Caused by: com.kms.katalon.core.webui.exception.WebElementNotFoundException: Web element with id: 'Object Repository/Page_Dashboard/i_MT_icon fa fa-bell fa-fw' located by '//div[@id='nav-notification-popover-container']/div/i' not found
	at com.kms.katalon.core.webui.common.WebUiCommonHelper.findWebElement(WebUiCommonHelper.java:1368)
	at com.kms.katalon.core.webui.keyword.internal.WebUIAbstractKeyword.findWebElement(WebUIAbstractKeyword.groovy:27)
	at com.kms.katalon.core.webui.keyword.builtin.ClickKeyword$_click_closure1.doCall(ClickKeyword.groovy:65)
	at com.kms.katalon.core.webui.keyword.builtin.ClickKeyword$_click_closure1.call(ClickKeyword.groovy)
	at com.kms.katalon.core.webui.keyword.internal.WebUIKeywordMain.runKeyword(WebUIKeywordMain.groovy:20)
	... 19 more
"/>
         <system-out><![CDATA[2022-01-12 23:44:27 - [TEST_CASE][FAILED] - Test Cases/Admin upload user with csv: Test Cases/Admin upload user with csv FAILED.
Reason:
com.kms.katalon.core.exception.StepFailedException: Unable to click on object 'Object Repository/Page_Dashboard/i_MT_icon fa fa-bell fa-fw'
	at com.kms.katalon.core.webui.keyword.internal.WebUIKeywordMain.stepFailed(WebUIKeywordMain.groovy:64)
	at com.kms.katalon.core.webui.keyword.internal.WebUIKeywordMain.runKeyword(WebUIKeywordMain.groovy:26)
	at com.kms.katalon.core.webui.keyword.builtin.ClickKeyword.click(ClickKeyword.groovy:74)
	at com.kms.katalon.core.webui.keyword.builtin.ClickKeyword.execute(ClickKeyword.groovy:40)
	at com.kms.katalon.core.keyword.internal.KeywordExecutor.executeKeywordForPlatform(KeywordExecutor.groovy:74)
	at com.kms.katalon.core.webui.keyword.WebUiBuiltInKeywords.click(WebUiBuiltInKeywords.groovy:620)
	at com.kms.katalon.core.webui.keyword.WebUiBuiltInKeywords$click$1.call(Unknown Source)
	at Admin upload user with csv.run(Admin upload user with csv:61)
	at com.kms.katalon.core.main.ScriptEngine.run(ScriptEngine.java:194)
	at com.kms.katalon.core.main.ScriptEngine.runScriptAsRawText(ScriptEngine.java:119)
	at com.kms.katalon.core.main.TestCaseExecutor.runScript(TestCaseExecutor.java:442)
	at com.kms.katalon.core.main.TestCaseExecutor.doExecute(TestCaseExecutor.java:433)
	at com.kms.katalon.core.main.TestCaseExecutor.processExecutionPhase(TestCaseExecutor.java:412)
	at com.kms.katalon.core.main.TestCaseExecutor.accessMainPhase(TestCaseExecutor.java:404)
	at com.kms.katalon.core.main.TestCaseExecutor.execute(TestCaseExecutor.java:281)
	at com.kms.katalon.core.main.TestSuiteExecutor.accessTestCaseMainPhase(TestSuiteExecutor.java:202)
	at com.kms.katalon.core.main.TestSuiteExecutor.accessTestSuiteMainPhase(TestSuiteExecutor.java:164)
	at com.kms.katalon.core.main.TestSuiteExecutor.execute(TestSuiteExecutor.java:105)
	at com.kms.katalon.core.main.TestCaseMain.startTestSuite(TestCaseMain.java:181)
	at com.kms.katalon.core.main.TestCaseMain$startTestSuite$0.call(Unknown Source)
	at TempTestSuite1642005795532.run(TempTestSuite1642005795532.groovy:36)
Caused by: com.kms.katalon.core.webui.exception.WebElementNotFoundException: Web element with id: 'Object Repository/Page_Dashboard/i_MT_icon fa fa-bell fa-fw' located by '//div[@id='nav-notification-popover-container']/div/i' not found
	at com.kms.katalon.core.webui.common.WebUiCommonHelper.findWebElement(WebUiCommonHelper.java:1368)
	at com.kms.katalon.core.webui.keyword.internal.WebUIAbstractKeyword.findWebElement(WebUIAbstractKeyword.groovy:27)
	at com.kms.katalon.core.webui.keyword.builtin.ClickKeyword$_click_closure1.doCall(ClickKeyword.groovy:65)
	at com.kms.katalon.core.webui.keyword.builtin.ClickKeyword$_click_closure1.call(ClickKeyword.groovy)
	at com.kms.katalon.core.webui.keyword.internal.WebUIKeywordMain.runKeyword(WebUIKeywordMain.groovy:20)
	... 19 more


2022-01-12 23:44:27 - [TEST_STEP][PASSED] - callTestCase(findTestCase("Login as admin"), [:], STOP_ON_FAILURE): Call Test Case 'Test Cases/Login as admin' successfully

2022-01-12 23:44:27 - [TEST_CASE][PASSED] - Test Cases/Login as admin: Test Cases/Login as admin

2022-01-12 23:44:27 - [TEST_STEP][PASSED] - openBrowser(""): Browser is opened with url: ''

2022-01-12 23:44:27 - [MESSAGE][WARNING] - A browser is already opened. Closing browser and opening a new one

2022-01-12 23:44:28 - [MESSAGE][INFO] - Starting 'Edge Chromium' driver

2022-01-12 23:44:30 - [MESSAGE][INFO] - Action delay is set to 0 milliseconds

2022-01-12 23:44:31 - [MESSAGE][PASSED] - Browser is opened with url: ''

2022-01-12 23:44:31 - [TEST_STEP][PASSED] - navigateToUrl("http://localhost/"): Navigate to 'http://localhost/' successfully

2022-01-12 23:44:32 - [MESSAGE][PASSED] - Navigate to 'http://localhost/' successfully

2022-01-12 23:44:32 - [TEST_STEP][PASSED] - click(findTestObject("Object Repository/Page_My Moodle/a_Log in")): Object: 'Object Repository/Page_My Moodle/a_Log in' is clicked on

2022-01-12 23:44:33 - [MESSAGE][PASSED] - Object: 'Object Repository/Page_My Moodle/a_Log in' is clicked on

2022-01-12 23:44:33 - [TEST_STEP][PASSED] - setText(findTestObject("Object Repository/Page_My Moodle Log in to the site/input_Username_username"), "admin"): Text 'admin' is set on object 'Object Repository/Page_My Moodle Log in to the site/input_Username_username'

2022-01-12 23:44:34 - [MESSAGE][PASSED] - Text 'admin' is set on object 'Object Repository/Page_My Moodle Log in to the site/input_Username_username'

2022-01-12 23:44:34 - [TEST_STEP][PASSED] - setEncryptedText(findTestObject("Object Repository/Page_My Moodle Log in to the site/input_Password_password"), "7Dxoto1EjKfQbGop/Ov+1g=="): Text ****** has been set on object 'Object Repository/Page_My Moodle Log in to the site/input_Password_password'

2022-01-12 23:44:34 - [MESSAGE][PASSED] - Text ****** has been set on object 'Object Repository/Page_My Moodle Log in to the site/input_Password_password'

2022-01-12 23:44:34 - [TEST_STEP][PASSED] - click(findTestObject("Object Repository/Page_My Moodle Log in to the site/button_Log in")): Object: 'Object Repository/Page_My Moodle Log in to the site/button_Log in' is clicked on

2022-01-12 23:44:35 - [MESSAGE][PASSED] - Object: 'Object Repository/Page_My Moodle Log in to the site/button_Log in' is clicked on

2022-01-12 23:44:35 - [MESSAGE][PASSED] - Call Test Case 'Test Cases/Login as admin' successfully

2022-01-12 23:44:35 - [TEST_STEP][PASSED] - click(findTestObject("Object Repository/Page_Dashboard/span_Site administration")): Object: 'Object Repository/Page_Dashboard/span_Site administration' is clicked on

2022-01-12 23:44:37 - [MESSAGE][PASSED] - Object: 'Object Repository/Page_Dashboard/span_Site administration' is clicked on

2022-01-12 23:44:37 - [TEST_STEP][PASSED] - click(findTestObject("Object Repository/Page_MT Administration Search/a_Users")): Object: 'Object Repository/Page_MT Administration Search/a_Users' is clicked on

2022-01-12 23:44:37 - [MESSAGE][PASSED] - Object: 'Object Repository/Page_MT Administration Search/a_Users' is clicked on

2022-01-12 23:44:37 - [TEST_STEP][PASSED] - click(findTestObject("Object Repository/Page_MT Administration Search/a_Upload users")): Object: 'Object Repository/Page_MT Administration Search/a_Upload users' is clicked on

2022-01-12 23:44:38 - [MESSAGE][PASSED] - Object: 'Object Repository/Page_MT Administration Search/a_Upload users' is clicked on

2022-01-12 23:44:38 - [TEST_STEP][PASSED] - click(findTestObject("Page_Moodle Administration Users Accounts Upload users/input_File_userfilechoose")): Object: 'Object Repository/Page_Moodle Administration Users Accounts Upload users/input_File_userfilechoose' is clicked on

2022-01-12 23:44:39 - [MESSAGE][PASSED] - Object: 'Object Repository/Page_Moodle Administration Users Accounts Upload users/input_File_userfilechoose' is clicked on

2022-01-12 23:44:39 - [TEST_STEP][PASSED] - click(findTestObject("Page_Moodle Administration Users Accounts Upload users/a_csv")): Object: 'Object Repository/Page_Moodle Administration Users Accounts Upload users/a_csv' is clicked on

2022-01-12 23:44:40 - [MESSAGE][PASSED] - Object: 'Object Repository/Page_Moodle Administration Users Accounts Upload users/a_csv' is clicked on

2022-01-12 23:44:40 - [TEST_STEP][PASSED] - click(findTestObject("Page_Moodle Administration Users Accounts Upload users/usercorrect")): Object: 'Object Repository/Page_Moodle Administration Users Accounts Upload users/usercorrect' is clicked on

2022-01-12 23:44:40 - [MESSAGE][PASSED] - Object: 'Object Repository/Page_Moodle Administration Users Accounts Upload users/usercorrect' is clicked on

2022-01-12 23:44:40 - [TEST_STEP][PASSED] - click(findTestObject("Page_Moodle Administration Users Accounts Upload users/button_Select this file")): Object: 'Object Repository/Page_Moodle Administration Users Accounts Upload users/button_Select this file' is clicked on

2022-01-12 23:44:41 - [MESSAGE][PASSED] - Object: 'Object Repository/Page_Moodle Administration Users Accounts Upload users/button_Select this file' is clicked on

2022-01-12 23:44:41 - [TEST_STEP][PASSED] - click(findTestObject("Object Repository/Page_MT Administration Users Accounts Upload users/input_Preview rows_submitbutton")): Object: 'Object Repository/Page_MT Administration Users Accounts Upload users/input_Preview rows_submitbutton' is clicked on

2022-01-12 23:44:42 - [MESSAGE][PASSED] - Object: 'Object Repository/Page_MT Administration Users Accounts Upload users/input_Preview rows_submitbutton' is clicked on

2022-01-12 23:44:42 - [TEST_STEP][PASSED] - selectOptionByValue(findTestObject("Object Repository/Page_MT Administration Users Accounts Upload users/select_Field required in file            Cr_517de1"), "0", true): All options with value '0' are selected in object 'Object Repository/Page_MT Administration Users Accounts Upload users/select_Field required in file            Cr_517de1'  using regular expression

2022-01-12 23:44:44 - [MESSAGE][PASSED] - All options with value '0' are selected in object 'Object Repository/Page_MT Administration Users Accounts Upload users/select_Field required in file            Cr_517de1'  using regular expression

2022-01-12 23:44:44 - [TEST_STEP][PASSED] - selectOptionByValue(findTestObject("Object Repository/Page_MT Administration Users Accounts Upload users/select_Users having a weak password        _b6a197"), "0", true): All options with value '0' are selected in object 'Object Repository/Page_MT Administration Users Accounts Upload users/select_Users having a weak password        _b6a197'  using regular expression

2022-01-12 23:44:45 - [MESSAGE][PASSED] - All options with value '0' are selected in object 'Object Repository/Page_MT Administration Users Accounts Upload users/select_Users having a weak password        _b6a197'  using regular expression

2022-01-12 23:44:45 - [TEST_STEP][PASSED] - click(findTestObject("Object Repository/Page_MT Administration Users Accounts Upload users/input_Preview rows_submitbutton")): Object: 'Object Repository/Page_MT Administration Users Accounts Upload users/input_Preview rows_submitbutton' is clicked on

2022-01-12 23:44:46 - [MESSAGE][PASSED] - Object: 'Object Repository/Page_MT Administration Users Accounts Upload users/input_Preview rows_submitbutton' is clicked on

2022-01-12 23:44:46 - [TEST_STEP][PASSED] - click(findTestObject("Object Repository/Page_MT Administration Users Accounts Upload users/button_Continue")): Object: 'Object Repository/Page_MT Administration Users Accounts Upload users/button_Continue' is clicked on

2022-01-12 23:44:47 - [MESSAGE][PASSED] - Object: 'Object Repository/Page_MT Administration Users Accounts Upload users/button_Continue' is clicked on

2022-01-12 23:44:47 - [TEST_STEP][PASSED] - click(findTestObject("Object Repository/Page_MT Administration Users Accounts Upload users/a_Admin User")): Object: 'Object Repository/Page_MT Administration Users Accounts Upload users/a_Admin User' is clicked on

2022-01-12 23:44:48 - [MESSAGE][PASSED] - Object: 'Object Repository/Page_MT Administration Users Accounts Upload users/a_Admin User' is clicked on

2022-01-12 23:44:48 - [TEST_STEP][PASSED] - click(findTestObject("Object Repository/Page_MT Administration Users Accounts Upload users/span_Log out")): Object: 'Object Repository/Page_MT Administration Users Accounts Upload users/span_Log out' is clicked on

2022-01-12 23:44:49 - [MESSAGE][PASSED] - Object: 'Object Repository/Page_MT Administration Users Accounts Upload users/span_Log out' is clicked on

2022-01-12 23:44:49 - [TEST_STEP][PASSED] - click(findTestObject("Object Repository/Page_Moodle Testing/a_Log in")): Object: 'Object Repository/Page_Moodle Testing/a_Log in' is clicked on

2022-01-12 23:44:50 - [MESSAGE][PASSED] - Object: 'Object Repository/Page_Moodle Testing/a_Log in' is clicked on

2022-01-12 23:44:50 - [TEST_STEP][PASSED] - setText(findTestObject("Object Repository/Page_Moodle Testing Log in to the site/input_Username_username"), "student1"): Text 'student1' is set on object 'Object Repository/Page_Moodle Testing Log in to the site/input_Username_username'

2022-01-12 23:44:50 - [MESSAGE][PASSED] - Text 'student1' is set on object 'Object Repository/Page_Moodle Testing Log in to the site/input_Username_username'

2022-01-12 23:44:50 - [TEST_STEP][PASSED] - setEncryptedText(findTestObject("Object Repository/Page_Moodle Testing Log in to the site/input_Password_password"), "HeCM15nHKBI="): Text ****** has been set on object 'Object Repository/Page_Moodle Testing Log in to the site/input_Password_password'

2022-01-12 23:44:51 - [MESSAGE][PASSED] - Text ****** has been set on object 'Object Repository/Page_Moodle Testing Log in to the site/input_Password_password'

2022-01-12 23:44:51 - [TEST_STEP][PASSED] - click(findTestObject("Object Repository/Page_Moodle Testing Log in to the site/button_Log in")): Object: 'Object Repository/Page_Moodle Testing Log in to the site/button_Log in' is clicked on

2022-01-12 23:44:52 - [MESSAGE][PASSED] - Object: 'Object Repository/Page_Moodle Testing Log in to the site/button_Log in' is clicked on

2022-01-12 23:44:52 - [TEST_STEP][FAILED] - click(findTestObject("Object Repository/Page_Dashboard/i_MT_icon fa fa-bell fa-fw")): Unable to click on object 'Object Repository/Page_Dashboard/i_MT_icon fa fa-bell fa-fw' (Root cause: com.kms.katalon.core.exception.StepFailedException: Unable to click on object 'Object Repository/Page_Dashboard/i_MT_icon fa fa-bell fa-fw'
	at com.kms.katalon.core.webui.keyword.internal.WebUIKeywordMain.stepFailed(WebUIKeywordMain.groovy:64)
	at com.kms.katalon.core.webui.keyword.internal.WebUIKeywordMain.runKeyword(WebUIKeywordMain.groovy:26)
	at com.kms.katalon.core.webui.keyword.builtin.ClickKeyword.click(ClickKeyword.groovy:74)
	at com.kms.katalon.core.webui.keyword.builtin.ClickKeyword.execute(ClickKeyword.groovy:40)
	at com.kms.katalon.core.keyword.internal.KeywordExecutor.executeKeywordForPlatform(KeywordExecutor.groovy:74)
	at com.kms.katalon.core.webui.keyword.WebUiBuiltInKeywords.click(WebUiBuiltInKeywords.groovy:620)
	at com.kms.katalon.core.webui.keyword.WebUiBuiltInKeywords$click$1.call(Unknown Source)
	at Admin upload user with csv.run(Admin upload user with csv:61)
	at com.kms.katalon.core.main.ScriptEngine.run(ScriptEngine.java:194)
	at com.kms.katalon.core.main.ScriptEngine.runScriptAsRawText(ScriptEngine.java:119)
	at com.kms.katalon.core.main.TestCaseExecutor.runScript(TestCaseExecutor.java:442)
	at com.kms.katalon.core.main.TestCaseExecutor.doExecute(TestCaseExecutor.java:433)
	at com.kms.katalon.core.main.TestCaseExecutor.processExecutionPhase(TestCaseExecutor.java:412)
	at com.kms.katalon.core.main.TestCaseExecutor.accessMainPhase(TestCaseExecutor.java:404)
	at com.kms.katalon.core.main.TestCaseExecutor.execute(TestCaseExecutor.java:281)
	at com.kms.katalon.core.main.TestSuiteExecutor.accessTestCaseMainPhase(TestSuiteExecutor.java:202)
	at com.kms.katalon.core.main.TestSuiteExecutor.accessTestSuiteMainPhase(TestSuiteExecutor.java:164)
	at com.kms.katalon.core.main.TestSuiteExecutor.execute(TestSuiteExecutor.java:105)
	at com.kms.katalon.core.main.TestCaseMain.startTestSuite(TestCaseMain.java:181)
	at com.kms.katalon.core.main.TestCaseMain$startTestSuite$0.call(Unknown Source)
	at TempTestSuite1642005795532.run(TempTestSuite1642005795532.groovy:36)
Caused by: com.kms.katalon.core.webui.exception.WebElementNotFoundException: Web element with id: 'Object Repository/Page_Dashboard/i_MT_icon fa fa-bell fa-fw' located by '//div[@id='nav-notification-popover-container']/div/i' not found
	at com.kms.katalon.core.webui.common.WebUiCommonHelper.findWebElement(WebUiCommonHelper.java:1368)
	at com.kms.katalon.core.webui.keyword.internal.WebUIAbstractKeyword.findWebElement(WebUIAbstractKeyword.groovy:27)
	at com.kms.katalon.core.webui.keyword.builtin.ClickKeyword$_click_closure1.doCall(ClickKeyword.groovy:65)
	at com.kms.katalon.core.webui.keyword.builtin.ClickKeyword$_click_closure1.call(ClickKeyword.groovy)
	at com.kms.katalon.core.webui.keyword.internal.WebUIKeywordMain.runKeyword(WebUIKeywordMain.groovy:20)
	at com.kms.katalon.core.webui.keyword.builtin.ClickKeyword.click(ClickKeyword.groovy:74)
	at com.kms.katalon.core.webui.keyword.builtin.ClickKeyword.execute(ClickKeyword.groovy:40)
	at com.kms.katalon.core.keyword.internal.KeywordExecutor.executeKeywordForPlatform(KeywordExecutor.groovy:74)
	at com.kms.katalon.core.webui.keyword.WebUiBuiltInKeywords.click(WebUiBuiltInKeywords.groovy:620)
	at com.kms.katalon.core.webui.keyword.WebUiBuiltInKeywords$click$1.call(Unknown Source)
	at Script1641193803304.run(Script1641193803304.groovy:61)
	... 13 more
)

2022-01-12 23:45:23 - [MESSAGE][INFO] - Unable to find the element located by 'By.xpath: //div[@id='nav-notification-popover-container']/div/i'. Please recheck the objects properties to make sure the desired element is located. 

2022-01-12 23:45:23 - [MESSAGE][FAILED] - Unable to click on object 'Object Repository/Page_Dashboard/i_MT_icon fa fa-bell fa-fw' (Root cause: com.kms.katalon.core.exception.StepFailedException: Unable to click on object 'Object Repository/Page_Dashboard/i_MT_icon fa fa-bell fa-fw'
	at com.kms.katalon.core.webui.keyword.internal.WebUIKeywordMain.stepFailed(WebUIKeywordMain.groovy:64)
	at com.kms.katalon.core.webui.keyword.internal.WebUIKeywordMain.runKeyword(WebUIKeywordMain.groovy:26)
	at com.kms.katalon.core.webui.keyword.builtin.ClickKeyword.click(ClickKeyword.groovy:74)
	at com.kms.katalon.core.webui.keyword.builtin.ClickKeyword.execute(ClickKeyword.groovy:40)
	at com.kms.katalon.core.keyword.internal.KeywordExecutor.executeKeywordForPlatform(KeywordExecutor.groovy:74)
	at com.kms.katalon.core.webui.keyword.WebUiBuiltInKeywords.click(WebUiBuiltInKeywords.groovy:620)
	at com.kms.katalon.core.webui.keyword.WebUiBuiltInKeywords$click$1.call(Unknown Source)
	at Admin upload user with csv.run(Admin upload user with csv:61)
	at com.kms.katalon.core.main.ScriptEngine.run(ScriptEngine.java:194)
	at com.kms.katalon.core.main.ScriptEngine.runScriptAsRawText(ScriptEngine.java:119)
	at com.kms.katalon.core.main.TestCaseExecutor.runScript(TestCaseExecutor.java:442)
	at com.kms.katalon.core.main.TestCaseExecutor.doExecute(TestCaseExecutor.java:433)
	at com.kms.katalon.core.main.TestCaseExecutor.processExecutionPhase(TestCaseExecutor.java:412)
	at com.kms.katalon.core.main.TestCaseExecutor.accessMainPhase(TestCaseExecutor.java:404)
	at com.kms.katalon.core.main.TestCaseExecutor.execute(TestCaseExecutor.java:281)
	at com.kms.katalon.core.main.TestSuiteExecutor.accessTestCaseMainPhase(TestSuiteExecutor.java:202)
	at com.kms.katalon.core.main.TestSuiteExecutor.accessTestSuiteMainPhase(TestSuiteExecutor.java:164)
	at com.kms.katalon.core.main.TestSuiteExecutor.execute(TestSuiteExecutor.java:105)
	at com.kms.katalon.core.main.TestCaseMain.startTestSuite(TestCaseMain.java:181)
	at com.kms.katalon.core.main.TestCaseMain$startTestSuite$0.call(Unknown Source)
	at TempTestSuite1642005795532.run(TempTestSuite1642005795532.groovy:36)
Caused by: com.kms.katalon.core.webui.exception.WebElementNotFoundException: Web element with id: 'Object Repository/Page_Dashboard/i_MT_icon fa fa-bell fa-fw' located by '//div[@id='nav-notification-popover-container']/div/i' not found
	at com.kms.katalon.core.webui.common.WebUiCommonHelper.findWebElement(WebUiCommonHelper.java:1368)
	at com.kms.katalon.core.webui.keyword.internal.WebUIAbstractKeyword.findWebElement(WebUIAbstractKeyword.groovy:27)
	at com.kms.katalon.core.webui.keyword.builtin.ClickKeyword$_click_closure1.doCall(ClickKeyword.groovy:65)
	at com.kms.katalon.core.webui.keyword.builtin.ClickKeyword$_click_closure1.call(ClickKeyword.groovy)
	at com.kms.katalon.core.webui.keyword.internal.WebUIKeywordMain.runKeyword(WebUIKeywordMain.groovy:20)
	at com.kms.katalon.core.webui.keyword.builtin.ClickKeyword.click(ClickKeyword.groovy:74)
	at com.kms.katalon.core.webui.keyword.builtin.ClickKeyword.execute(ClickKeyword.groovy:40)
	at com.kms.katalon.core.keyword.internal.KeywordExecutor.executeKeywordForPlatform(KeywordExecutor.groovy:74)
	at com.kms.katalon.core.webui.keyword.WebUiBuiltInKeywords.click(WebUiBuiltInKeywords.groovy:620)
	at com.kms.katalon.core.webui.keyword.WebUiBuiltInKeywords$click$1.call(Unknown Source)
	at Script1641193803304.run(Script1641193803304.groovy:61)
	... 13 more
)
[[ATTACHMENT|D:\\Test-Automation---SE-Bonus\\Reports\\20220112_234315\\Run all test cases\\20220112_234315\\1642005923449.png]]]]></system-out>
         <system-err><![CDATA[2022-01-12 23:44:27 - [TEST_CASE][FAILED] - Test Cases/Admin upload user with csv: Test Cases/Admin upload user with csv FAILED.
Reason:
com.kms.katalon.core.exception.StepFailedException: Unable to click on object 'Object Repository/Page_Dashboard/i_MT_icon fa fa-bell fa-fw'
	at com.kms.katalon.core.webui.keyword.internal.WebUIKeywordMain.stepFailed(WebUIKeywordMain.groovy:64)
	at com.kms.katalon.core.webui.keyword.internal.WebUIKeywordMain.runKeyword(WebUIKeywordMain.groovy:26)
	at com.kms.katalon.core.webui.keyword.builtin.ClickKeyword.click(ClickKeyword.groovy:74)
	at com.kms.katalon.core.webui.keyword.builtin.ClickKeyword.execute(ClickKeyword.groovy:40)
	at com.kms.katalon.core.keyword.internal.KeywordExecutor.executeKeywordForPlatform(KeywordExecutor.groovy:74)
	at com.kms.katalon.core.webui.keyword.WebUiBuiltInKeywords.click(WebUiBuiltInKeywords.groovy:620)
	at com.kms.katalon.core.webui.keyword.WebUiBuiltInKeywords$click$1.call(Unknown Source)
	at Admin upload user with csv.run(Admin upload user with csv:61)
	at com.kms.katalon.core.main.ScriptEngine.run(ScriptEngine.java:194)
	at com.kms.katalon.core.main.ScriptEngine.runScriptAsRawText(ScriptEngine.java:119)
	at com.kms.katalon.core.main.TestCaseExecutor.runScript(TestCaseExecutor.java:442)
	at com.kms.katalon.core.main.TestCaseExecutor.doExecute(TestCaseExecutor.java:433)
	at com.kms.katalon.core.main.TestCaseExecutor.processExecutionPhase(TestCaseExecutor.java:412)
	at com.kms.katalon.core.main.TestCaseExecutor.accessMainPhase(TestCaseExecutor.java:404)
	at com.kms.katalon.core.main.TestCaseExecutor.execute(TestCaseExecutor.java:281)
	at com.kms.katalon.core.main.TestSuiteExecutor.accessTestCaseMainPhase(TestSuiteExecutor.java:202)
	at com.kms.katalon.core.main.TestSuiteExecutor.accessTestSuiteMainPhase(TestSuiteExecutor.java:164)
	at com.kms.katalon.core.main.TestSuiteExecutor.execute(TestSuiteExecutor.java:105)
	at com.kms.katalon.core.main.TestCaseMain.startTestSuite(TestCaseMain.java:181)
	at com.kms.katalon.core.main.TestCaseMain$startTestSuite$0.call(Unknown Source)
	at TempTestSuite1642005795532.run(TempTestSuite1642005795532.groovy:36)
Caused by: com.kms.katalon.core.webui.exception.WebElementNotFoundException: Web element with id: 'Object Repository/Page_Dashboard/i_MT_icon fa fa-bell fa-fw' located by '//div[@id='nav-notification-popover-container']/div/i' not found
	at com.kms.katalon.core.webui.common.WebUiCommonHelper.findWebElement(WebUiCommonHelper.java:1368)
	at com.kms.katalon.core.webui.keyword.internal.WebUIAbstractKeyword.findWebElement(WebUIAbstractKeyword.groovy:27)
	at com.kms.katalon.core.webui.keyword.builtin.ClickKeyword$_click_closure1.doCall(ClickKeyword.groovy:65)
	at com.kms.katalon.core.webui.keyword.builtin.ClickKeyword$_click_closure1.call(ClickKeyword.groovy)
	at com.kms.katalon.core.webui.keyword.internal.WebUIKeywordMain.runKeyword(WebUIKeywordMain.groovy:20)
	... 19 more]]></system-err>
      </testcase>
      <testcase name="Test Cases/Admin upload user wrong with csv" time="16.949" classname="Test Cases/Admin upload user wrong with csv" status="PASSED">
         <system-out><![CDATA[2022-01-12 23:45:23 - [TEST_CASE][PASSED] - Test Cases/Admin upload user wrong with csv: Test Cases/Admin upload user wrong with csv

2022-01-12 23:45:23 - [TEST_STEP][PASSED] - callTestCase(findTestCase("Login as admin"), [:], STOP_ON_FAILURE): Call Test Case 'Test Cases/Login as admin' successfully

2022-01-12 23:45:24 - [TEST_CASE][PASSED] - Test Cases/Login as admin: Test Cases/Login as admin

2022-01-12 23:45:24 - [TEST_STEP][PASSED] - openBrowser(""): Browser is opened with url: ''

2022-01-12 23:45:24 - [MESSAGE][WARNING] - A browser is already opened. Closing browser and opening a new one

2022-01-12 23:45:25 - [MESSAGE][INFO] - Starting 'Edge Chromium' driver

2022-01-12 23:45:27 - [MESSAGE][INFO] - Action delay is set to 0 milliseconds

2022-01-12 23:45:28 - [MESSAGE][PASSED] - Browser is opened with url: ''

2022-01-12 23:45:28 - [TEST_STEP][PASSED] - navigateToUrl("http://localhost/"): Navigate to 'http://localhost/' successfully

2022-01-12 23:45:29 - [MESSAGE][PASSED] - Navigate to 'http://localhost/' successfully

2022-01-12 23:45:29 - [TEST_STEP][PASSED] - click(findTestObject("Object Repository/Page_My Moodle/a_Log in")): Object: 'Object Repository/Page_My Moodle/a_Log in' is clicked on

2022-01-12 23:45:30 - [MESSAGE][PASSED] - Object: 'Object Repository/Page_My Moodle/a_Log in' is clicked on

2022-01-12 23:45:30 - [TEST_STEP][PASSED] - setText(findTestObject("Object Repository/Page_My Moodle Log in to the site/input_Username_username"), "admin"): Text 'admin' is set on object 'Object Repository/Page_My Moodle Log in to the site/input_Username_username'

2022-01-12 23:45:30 - [MESSAGE][PASSED] - Text 'admin' is set on object 'Object Repository/Page_My Moodle Log in to the site/input_Username_username'

2022-01-12 23:45:30 - [TEST_STEP][PASSED] - setEncryptedText(findTestObject("Object Repository/Page_My Moodle Log in to the site/input_Password_password"), "7Dxoto1EjKfQbGop/Ov+1g=="): Text ****** has been set on object 'Object Repository/Page_My Moodle Log in to the site/input_Password_password'

2022-01-12 23:45:31 - [MESSAGE][PASSED] - Text ****** has been set on object 'Object Repository/Page_My Moodle Log in to the site/input_Password_password'

2022-01-12 23:45:31 - [TEST_STEP][PASSED] - click(findTestObject("Object Repository/Page_My Moodle Log in to the site/button_Log in")): Object: 'Object Repository/Page_My Moodle Log in to the site/button_Log in' is clicked on

2022-01-12 23:45:32 - [MESSAGE][PASSED] - Object: 'Object Repository/Page_My Moodle Log in to the site/button_Log in' is clicked on

2022-01-12 23:45:32 - [MESSAGE][PASSED] - Call Test Case 'Test Cases/Login as admin' successfully

2022-01-12 23:45:32 - [TEST_STEP][PASSED] - click(findTestObject("Object Repository/Page_Dashboard/span_Site administration")): Object: 'Object Repository/Page_Dashboard/span_Site administration' is clicked on

2022-01-12 23:45:34 - [MESSAGE][PASSED] - Object: 'Object Repository/Page_Dashboard/span_Site administration' is clicked on

2022-01-12 23:45:34 - [TEST_STEP][PASSED] - click(findTestObject("Object Repository/Page_MT Administration Search/a_Users")): Object: 'Object Repository/Page_MT Administration Search/a_Users' is clicked on

2022-01-12 23:45:34 - [MESSAGE][PASSED] - Object: 'Object Repository/Page_MT Administration Search/a_Users' is clicked on

2022-01-12 23:45:34 - [TEST_STEP][PASSED] - click(findTestObject("Object Repository/Page_MT Administration Search/a_Upload users")): Object: 'Object Repository/Page_MT Administration Search/a_Upload users' is clicked on

2022-01-12 23:45:35 - [MESSAGE][PASSED] - Object: 'Object Repository/Page_MT Administration Search/a_Upload users' is clicked on

2022-01-12 23:45:35 - [TEST_STEP][PASSED] - click(findTestObject("Page_Moodle Administration Users Accounts Upload users/input_File_userfilechoose")): Object: 'Object Repository/Page_Moodle Administration Users Accounts Upload users/input_File_userfilechoose' is clicked on

2022-01-12 23:45:36 - [MESSAGE][PASSED] - Object: 'Object Repository/Page_Moodle Administration Users Accounts Upload users/input_File_userfilechoose' is clicked on

2022-01-12 23:45:36 - [TEST_STEP][PASSED] - click(findTestObject("Object Repository/Page_MT Administration Users Accounts Upload users/span_csv")): Object: 'Object Repository/Page_MT Administration Users Accounts Upload users/span_csv' is clicked on

2022-01-12 23:45:37 - [MESSAGE][PASSED] - Object: 'Object Repository/Page_MT Administration Users Accounts Upload users/span_csv' is clicked on

2022-01-12 23:45:37 - [TEST_STEP][PASSED] - click(findTestObject("Page_Moodle Administration Users Accounts Upload users/userwrong")): Object: 'Object Repository/Page_Moodle Administration Users Accounts Upload users/userwrong' is clicked on

2022-01-12 23:45:37 - [MESSAGE][PASSED] - Object: 'Object Repository/Page_Moodle Administration Users Accounts Upload users/userwrong' is clicked on

2022-01-12 23:45:37 - [TEST_STEP][PASSED] - click(findTestObject("Object Repository/Page_MT Administration Users Accounts Upload users/button_Select this file")): Object: 'Object Repository/Page_MT Administration Users Accounts Upload users/button_Select this file' is clicked on

2022-01-12 23:45:38 - [MESSAGE][PASSED] - Object: 'Object Repository/Page_MT Administration Users Accounts Upload users/button_Select this file' is clicked on

2022-01-12 23:45:38 - [TEST_STEP][PASSED] - click(findTestObject("Object Repository/Page_MT Administration Users Accounts Upload users/input_Preview rows_submitbutton")): Object: 'Object Repository/Page_MT Administration Users Accounts Upload users/input_Preview rows_submitbutton' is clicked on

2022-01-12 23:45:39 - [MESSAGE][PASSED] - Object: 'Object Repository/Page_MT Administration Users Accounts Upload users/input_Preview rows_submitbutton' is clicked on

2022-01-12 23:45:39 - [TEST_STEP][PASSED] - verifyEqual(getText(findTestObject("Object Repository/Page_Error/p_An error occurred while loading the CSV file Invalid CSV file format - number of columns is not constant")).toString(), "An error occurred while loading the CSV file: Invalid CSV file format - number of columns is not constant!"): Actual object 'An error occurred while loading the CSV file: Invalid CSV file format - number of columns is not constant!' and expected object 'An error occurred while loading the CSV file: Invalid CSV file format - number of columns is not constant!' are equal

2022-01-12 23:45:39 - [MESSAGE][PASSED] - Text of object 'Object Repository/Page_Error/p_An error occurred while loading the CSV file Invalid CSV file format - number of columns is not constant' is: 'An error occurred while loading the CSV file: Invalid CSV file format - number of columns is not constant!'

2022-01-12 23:45:39 - [MESSAGE][PASSED] - Actual object 'An error occurred while loading the CSV file: Invalid CSV file format - number of columns is not constant!' and expected object 'An error occurred while loading the CSV file: Invalid CSV file format - number of columns is not constant!' are equal

2022-01-12 23:45:39 - [TEST_STEP][PASSED] - closeBrowser(): Browser is closed

2022-01-12 23:45:40 - [MESSAGE][PASSED] - Browser is closed]]></system-out>
         <system-err><![CDATA[]]></system-err>
      </testcase>
      <testcase name="Test Cases/Admin create user" time="25.566" classname="Test Cases/Admin create user" status="PASSED">
         <system-out><![CDATA[2022-01-12 23:45:40 - [TEST_CASE][PASSED] - Test Cases/Admin create user: Test Cases/Admin create user

2022-01-12 23:45:40 - [TEST_STEP][PASSED] - callTestCase(findTestCase("Login as admin"), [:], STOP_ON_FAILURE): Call Test Case 'Test Cases/Login as admin' successfully

2022-01-12 23:45:40 - [TEST_CASE][PASSED] - Test Cases/Login as admin: Test Cases/Login as admin

2022-01-12 23:45:40 - [TEST_STEP][PASSED] - openBrowser(""): Browser is opened with url: ''

2022-01-12 23:45:40 - [MESSAGE][INFO] - Starting 'Edge Chromium' driver

2022-01-12 23:45:43 - [MESSAGE][INFO] - Action delay is set to 0 milliseconds

2022-01-12 23:45:44 - [MESSAGE][PASSED] - Browser is opened with url: ''

2022-01-12 23:45:44 - [TEST_STEP][PASSED] - navigateToUrl("http://localhost/"): Navigate to 'http://localhost/' successfully

2022-01-12 23:45:45 - [MESSAGE][PASSED] - Navigate to 'http://localhost/' successfully

2022-01-12 23:45:45 - [TEST_STEP][PASSED] - click(findTestObject("Object Repository/Page_My Moodle/a_Log in")): Object: 'Object Repository/Page_My Moodle/a_Log in' is clicked on

2022-01-12 23:45:45 - [MESSAGE][PASSED] - Object: 'Object Repository/Page_My Moodle/a_Log in' is clicked on

2022-01-12 23:45:45 - [TEST_STEP][PASSED] - setText(findTestObject("Object Repository/Page_My Moodle Log in to the site/input_Username_username"), "admin"): Text 'admin' is set on object 'Object Repository/Page_My Moodle Log in to the site/input_Username_username'

2022-01-12 23:45:46 - [MESSAGE][PASSED] - Text 'admin' is set on object 'Object Repository/Page_My Moodle Log in to the site/input_Username_username'

2022-01-12 23:45:46 - [TEST_STEP][PASSED] - setEncryptedText(findTestObject("Object Repository/Page_My Moodle Log in to the site/input_Password_password"), "7Dxoto1EjKfQbGop/Ov+1g=="): Text ****** has been set on object 'Object Repository/Page_My Moodle Log in to the site/input_Password_password'

2022-01-12 23:45:47 - [MESSAGE][PASSED] - Text ****** has been set on object 'Object Repository/Page_My Moodle Log in to the site/input_Password_password'

2022-01-12 23:45:47 - [TEST_STEP][PASSED] - click(findTestObject("Object Repository/Page_My Moodle Log in to the site/button_Log in")): Object: 'Object Repository/Page_My Moodle Log in to the site/button_Log in' is clicked on

2022-01-12 23:45:48 - [MESSAGE][PASSED] - Object: 'Object Repository/Page_My Moodle Log in to the site/button_Log in' is clicked on

2022-01-12 23:45:48 - [MESSAGE][PASSED] - Call Test Case 'Test Cases/Login as admin' successfully

2022-01-12 23:45:48 - [TEST_STEP][PASSED] - click(findTestObject("Object Repository/Page_Dashboard/a_Site administration")): Object: 'Object Repository/Page_Dashboard/a_Site administration' is clicked on

2022-01-12 23:45:49 - [MESSAGE][PASSED] - Object: 'Object Repository/Page_Dashboard/a_Site administration' is clicked on

2022-01-12 23:45:49 - [TEST_STEP][PASSED] - navigateToUrl("http://localhost/admin/search.php"): Navigate to 'http://localhost/admin/search.php' successfully

2022-01-12 23:45:50 - [MESSAGE][PASSED] - Navigate to 'http://localhost/admin/search.php' successfully

2022-01-12 23:45:50 - [TEST_STEP][PASSED] - click(findTestObject("Object Repository/Page_Moodle Administration Search/a_Users")): Object: 'Object Repository/Page_Moodle Administration Search/a_Users' is clicked on

2022-01-12 23:45:50 - [MESSAGE][PASSED] - Object: 'Object Repository/Page_Moodle Administration Search/a_Users' is clicked on

2022-01-12 23:45:50 - [TEST_STEP][PASSED] - click(findTestObject("Object Repository/Page_Moodle Administration Search/a_Add a new user")): Object: 'Object Repository/Page_Moodle Administration Search/a_Add a new user' is clicked on

2022-01-12 23:45:52 - [MESSAGE][PASSED] - Object: 'Object Repository/Page_Moodle Administration Search/a_Add a new user' is clicked on

2022-01-12 23:45:52 - [TEST_STEP][PASSED] - setText(findTestObject("Object Repository/Page_Moodle Administration Users Accounts A_0fbd97/input_Username_username"), "trongle"): Text 'trongle' is set on object 'Object Repository/Page_Moodle Administration Users Accounts A_0fbd97/input_Username_username'

2022-01-12 23:45:53 - [MESSAGE][PASSED] - Text 'trongle' is set on object 'Object Repository/Page_Moodle Administration Users Accounts A_0fbd97/input_Username_username'

2022-01-12 23:45:53 - [TEST_STEP][PASSED] - click(findTestObject("Page_Moodle Administration Users Accounts Add a new user/a_Click to enter text")): Object: 'Object Repository/Page_Moodle Administration Users Accounts Add a new user/a_Click to enter text' is clicked on

2022-01-12 23:45:54 - [MESSAGE][PASSED] - Object: 'Object Repository/Page_Moodle Administration Users Accounts Add a new user/a_Click to enter text' is clicked on

2022-01-12 23:45:54 - [TEST_STEP][PASSED] - setEncryptedText(findTestObject("Object Repository/Page_Moodle Administration Users Accounts A_0fbd97/input_New password_newpassword"), "Ta6u/19GniC0jLl2J4N0KA=="): Text ****** has been set on object 'Object Repository/Page_Moodle Administration Users Accounts A_0fbd97/input_New password_newpassword'

2022-01-12 23:45:54 - [MESSAGE][PASSED] - Text ****** has been set on object 'Object Repository/Page_Moodle Administration Users Accounts A_0fbd97/input_New password_newpassword'

2022-01-12 23:45:54 - [TEST_STEP][PASSED] - setText(findTestObject("Object Repository/Page_Moodle Administration Users Accounts A_0fbd97/input_First name_firstname"), "Trong"): Text 'Trong' is set on object 'Object Repository/Page_Moodle Administration Users Accounts A_0fbd97/input_First name_firstname'

2022-01-12 23:45:55 - [MESSAGE][PASSED] - Text 'Trong' is set on object 'Object Repository/Page_Moodle Administration Users Accounts A_0fbd97/input_First name_firstname'

2022-01-12 23:45:55 - [TEST_STEP][PASSED] - setText(findTestObject("Object Repository/Page_Moodle Administration Users Accounts A_0fbd97/input_Surname_lastname"), "Le"): Text 'Le' is set on object 'Object Repository/Page_Moodle Administration Users Accounts A_0fbd97/input_Surname_lastname'

2022-01-12 23:45:56 - [MESSAGE][PASSED] - Text 'Le' is set on object 'Object Repository/Page_Moodle Administration Users Accounts A_0fbd97/input_Surname_lastname'

2022-01-12 23:45:56 - [TEST_STEP][PASSED] - setText(findTestObject("Object Repository/Page_Moodle Administration Users Accounts A_0fbd97/input_Email address_email"), "quoctrongle2001@gmail.com"): Text 'quoctrongle2001@gmail.com' is set on object 'Object Repository/Page_Moodle Administration Users Accounts A_0fbd97/input_Email address_email'

2022-01-12 23:45:57 - [MESSAGE][PASSED] - Text 'quoctrongle2001@gmail.com' is set on object 'Object Repository/Page_Moodle Administration Users Accounts A_0fbd97/input_Email address_email'

2022-01-12 23:45:57 - [TEST_STEP][PASSED] - click(findTestObject("Object Repository/Page_Moodle Administration Users Accounts A_0fbd97/input_Address_submitbutton")): Object: 'Object Repository/Page_Moodle Administration Users Accounts A_0fbd97/input_Address_submitbutton' is clicked on

2022-01-12 23:45:59 - [MESSAGE][PASSED] - Object: 'Object Repository/Page_Moodle Administration Users Accounts A_0fbd97/input_Address_submitbutton' is clicked on

2022-01-12 23:45:59 - [TEST_STEP][PASSED] - click(findTestObject("Object Repository/Page_Moodle Administration Users Accounts B_4543d8/div_Changes saved")): Object: 'Object Repository/Page_Moodle Administration Users Accounts B_4543d8/div_Changes saved' is clicked on

2022-01-12 23:46:00 - [MESSAGE][PASSED] - Object: 'Object Repository/Page_Moodle Administration Users Accounts B_4543d8/div_Changes saved' is clicked on

2022-01-12 23:46:00 - [TEST_STEP][PASSED] - click(findTestObject("Object Repository/Page_MT Administration Users Accounts Upload users/a_Admin User")): Object: 'Object Repository/Page_MT Administration Users Accounts Upload users/a_Admin User' is clicked on

2022-01-12 23:46:00 - [MESSAGE][PASSED] - Object: 'Object Repository/Page_MT Administration Users Accounts Upload users/a_Admin User' is clicked on

2022-01-12 23:46:00 - [TEST_STEP][PASSED] - click(findTestObject("Object Repository/Page_MT Administration Users Accounts Upload users/span_Log out")): Object: 'Object Repository/Page_MT Administration Users Accounts Upload users/span_Log out' is clicked on

2022-01-12 23:46:01 - [MESSAGE][PASSED] - Object: 'Object Repository/Page_MT Administration Users Accounts Upload users/span_Log out' is clicked on

2022-01-12 23:46:01 - [TEST_STEP][PASSED] - click(findTestObject("Object Repository/Page_Moodle Testing/a_Log in")): Object: 'Object Repository/Page_Moodle Testing/a_Log in' is clicked on

2022-01-12 23:46:02 - [MESSAGE][PASSED] - Object: 'Object Repository/Page_Moodle Testing/a_Log in' is clicked on

2022-01-12 23:46:02 - [TEST_STEP][PASSED] - setText(findTestObject("Object Repository/Page_Moodle Testing Log in to the site/input_Username_username"), "trongle"): Text 'trongle' is set on object 'Object Repository/Page_Moodle Testing Log in to the site/input_Username_username'

2022-01-12 23:46:03 - [MESSAGE][PASSED] - Text 'trongle' is set on object 'Object Repository/Page_Moodle Testing Log in to the site/input_Username_username'

2022-01-12 23:46:03 - [TEST_STEP][PASSED] - setEncryptedText(findTestObject("Object Repository/Page_Moodle Testing Log in to the site/input_Password_password"), "Ta6u/19GniC0jLl2J4N0KA=="): Text ****** has been set on object 'Object Repository/Page_Moodle Testing Log in to the site/input_Password_password'

2022-01-12 23:46:03 - [MESSAGE][PASSED] - Text ****** has been set on object 'Object Repository/Page_Moodle Testing Log in to the site/input_Password_password'

2022-01-12 23:46:03 - [TEST_STEP][PASSED] - click(findTestObject("Object Repository/Page_Moodle Testing Log in to the site/button_Log in")): Object: 'Object Repository/Page_Moodle Testing Log in to the site/button_Log in' is clicked on

2022-01-12 23:46:04 - [MESSAGE][PASSED] - Object: 'Object Repository/Page_Moodle Testing Log in to the site/button_Log in' is clicked on

2022-01-12 23:46:04 - [TEST_STEP][PASSED] - click(findTestObject("Object Repository/Page_Dashboard/i_MT_icon fa fa-bell fa-fw")): Object: 'Object Repository/Page_Dashboard/i_MT_icon fa fa-bell fa-fw' is clicked on

2022-01-12 23:46:06 - [MESSAGE][PASSED] - Object: 'Object Repository/Page_Dashboard/i_MT_icon fa fa-bell fa-fw' is clicked on]]></system-out>
         <system-err><![CDATA[]]></system-err>
      </testcase>
      <testcase name="Test Cases/Admin create user (already exist)" time="20.426" classname="Test Cases/Admin create user (already exist)" status="PASSED">
         <system-out><![CDATA[2022-01-12 23:46:06 - [TEST_CASE][PASSED] - Test Cases/Admin create user (already exist): Test Cases/Admin create user (already exist)

2022-01-12 23:46:06 - [TEST_STEP][PASSED] - callTestCase(findTestCase("Login as admin"), [:], STOP_ON_FAILURE): Call Test Case 'Test Cases/Login as admin' successfully

2022-01-12 23:46:06 - [TEST_CASE][PASSED] - Test Cases/Login as admin: Test Cases/Login as admin

2022-01-12 23:46:06 - [TEST_STEP][PASSED] - openBrowser(""): Browser is opened with url: ''

2022-01-12 23:46:06 - [MESSAGE][WARNING] - A browser is already opened. Closing browser and opening a new one

2022-01-12 23:46:07 - [MESSAGE][INFO] - Starting 'Edge Chromium' driver

2022-01-12 23:46:09 - [MESSAGE][INFO] - Action delay is set to 0 milliseconds

2022-01-12 23:46:11 - [MESSAGE][PASSED] - Browser is opened with url: ''

2022-01-12 23:46:11 - [TEST_STEP][PASSED] - navigateToUrl("http://localhost/"): Navigate to 'http://localhost/' successfully

2022-01-12 23:46:11 - [MESSAGE][PASSED] - Navigate to 'http://localhost/' successfully

2022-01-12 23:46:11 - [TEST_STEP][PASSED] - click(findTestObject("Object Repository/Page_My Moodle/a_Log in")): Object: 'Object Repository/Page_My Moodle/a_Log in' is clicked on

2022-01-12 23:46:12 - [MESSAGE][PASSED] - Object: 'Object Repository/Page_My Moodle/a_Log in' is clicked on

2022-01-12 23:46:12 - [TEST_STEP][PASSED] - setText(findTestObject("Object Repository/Page_My Moodle Log in to the site/input_Username_username"), "admin"): Text 'admin' is set on object 'Object Repository/Page_My Moodle Log in to the site/input_Username_username'

2022-01-12 23:46:13 - [MESSAGE][PASSED] - Text 'admin' is set on object 'Object Repository/Page_My Moodle Log in to the site/input_Username_username'

2022-01-12 23:46:13 - [TEST_STEP][PASSED] - setEncryptedText(findTestObject("Object Repository/Page_My Moodle Log in to the site/input_Password_password"), "7Dxoto1EjKfQbGop/Ov+1g=="): Text ****** has been set on object 'Object Repository/Page_My Moodle Log in to the site/input_Password_password'

2022-01-12 23:46:13 - [MESSAGE][PASSED] - Text ****** has been set on object 'Object Repository/Page_My Moodle Log in to the site/input_Password_password'

2022-01-12 23:46:13 - [TEST_STEP][PASSED] - click(findTestObject("Object Repository/Page_My Moodle Log in to the site/button_Log in")): Object: 'Object Repository/Page_My Moodle Log in to the site/button_Log in' is clicked on

2022-01-12 23:46:14 - [MESSAGE][PASSED] - Object: 'Object Repository/Page_My Moodle Log in to the site/button_Log in' is clicked on

2022-01-12 23:46:14 - [MESSAGE][PASSED] - Call Test Case 'Test Cases/Login as admin' successfully

2022-01-12 23:46:14 - [TEST_STEP][PASSED] - click(findTestObject("Object Repository/Page_Dashboard/span_Site administration")): Object: 'Object Repository/Page_Dashboard/span_Site administration' is clicked on

2022-01-12 23:46:16 - [MESSAGE][PASSED] - Object: 'Object Repository/Page_Dashboard/span_Site administration' is clicked on

2022-01-12 23:46:16 - [TEST_STEP][PASSED] - navigateToUrl("http://localhost/admin/search.php"): Navigate to 'http://localhost/admin/search.php' successfully

2022-01-12 23:46:17 - [MESSAGE][PASSED] - Navigate to 'http://localhost/admin/search.php' successfully

2022-01-12 23:46:17 - [TEST_STEP][PASSED] - click(findTestObject("Object Repository/Page_Moodle Administration Search/a_Users")): Object: 'Object Repository/Page_Moodle Administration Search/a_Users' is clicked on

2022-01-12 23:46:17 - [MESSAGE][PASSED] - Object: 'Object Repository/Page_Moodle Administration Search/a_Users' is clicked on

2022-01-12 23:46:17 - [TEST_STEP][PASSED] - click(findTestObject("Object Repository/Page_Moodle Administration Search/a_Add a new user")): Object: 'Object Repository/Page_Moodle Administration Search/a_Add a new user' is clicked on

2022-01-12 23:46:18 - [MESSAGE][PASSED] - Object: 'Object Repository/Page_Moodle Administration Search/a_Add a new user' is clicked on

2022-01-12 23:46:18 - [TEST_STEP][PASSED] - setText(findTestObject("Object Repository/Page_Moodle Administration Users Accounts A_0fbd97/input_Username_username"), "trongle"): Text 'trongle' is set on object 'Object Repository/Page_Moodle Administration Users Accounts A_0fbd97/input_Username_username'

2022-01-12 23:46:20 - [MESSAGE][PASSED] - Text 'trongle' is set on object 'Object Repository/Page_Moodle Administration Users Accounts A_0fbd97/input_Username_username'

2022-01-12 23:46:20 - [TEST_STEP][PASSED] - click(findTestObject("Object Repository/Page_Moodle Administration Users Accounts Add a new user/a_Click to enter text")): Object: 'Object Repository/Page_Moodle Administration Users Accounts Add a new user/a_Click to enter text' is clicked on

2022-01-12 23:46:20 - [MESSAGE][PASSED] - Object: 'Object Repository/Page_Moodle Administration Users Accounts Add a new user/a_Click to enter text' is clicked on

2022-01-12 23:46:20 - [TEST_STEP][PASSED] - setEncryptedText(findTestObject("Object Repository/Page_Moodle Administration Users Accounts A_0fbd97/input_New password_newpassword"), "Ta6u/19GniC0jLl2J4N0KA=="): Text ****** has been set on object 'Object Repository/Page_Moodle Administration Users Accounts A_0fbd97/input_New password_newpassword'

2022-01-12 23:46:21 - [MESSAGE][PASSED] - Text ****** has been set on object 'Object Repository/Page_Moodle Administration Users Accounts A_0fbd97/input_New password_newpassword'

2022-01-12 23:46:21 - [TEST_STEP][PASSED] - setText(findTestObject("Object Repository/Page_Moodle Administration Users Accounts A_0fbd97/input_First name_firstname"), "Trong"): Text 'Trong' is set on object 'Object Repository/Page_Moodle Administration Users Accounts A_0fbd97/input_First name_firstname'

2022-01-12 23:46:22 - [MESSAGE][PASSED] - Text 'Trong' is set on object 'Object Repository/Page_Moodle Administration Users Accounts A_0fbd97/input_First name_firstname'

2022-01-12 23:46:22 - [TEST_STEP][PASSED] - setText(findTestObject("Object Repository/Page_Moodle Administration Users Accounts A_0fbd97/input_Surname_lastname"), "Le"): Text 'Le' is set on object 'Object Repository/Page_Moodle Administration Users Accounts A_0fbd97/input_Surname_lastname'

2022-01-12 23:46:23 - [MESSAGE][PASSED] - Text 'Le' is set on object 'Object Repository/Page_Moodle Administration Users Accounts A_0fbd97/input_Surname_lastname'

2022-01-12 23:46:23 - [TEST_STEP][PASSED] - setText(findTestObject("Object Repository/Page_Moodle Administration Users Accounts A_0fbd97/input_Email address_email"), "quoctrongle2001@gmail.com"): Text 'quoctrongle2001@gmail.com' is set on object 'Object Repository/Page_Moodle Administration Users Accounts A_0fbd97/input_Email address_email'

2022-01-12 23:46:24 - [MESSAGE][PASSED] - Text 'quoctrongle2001@gmail.com' is set on object 'Object Repository/Page_Moodle Administration Users Accounts A_0fbd97/input_Email address_email'

2022-01-12 23:46:24 - [TEST_STEP][PASSED] - click(findTestObject("Object Repository/Page_Moodle Administration Users Accounts A_0fbd97/input_Address_submitbutton")): Object: 'Object Repository/Page_Moodle Administration Users Accounts A_0fbd97/input_Address_submitbutton' is clicked on

2022-01-12 23:46:25 - [MESSAGE][PASSED] - Object: 'Object Repository/Page_Moodle Administration Users Accounts A_0fbd97/input_Address_submitbutton' is clicked on

2022-01-12 23:46:25 - [TEST_STEP][PASSED] - click(findTestObject("Object Repository/Page_Moodle Administration Users Accounts A_0fbd97/div_This username already exists, choose another")): Object: 'Object Repository/Page_Moodle Administration Users Accounts A_0fbd97/div_This username already exists, choose another' is clicked on

2022-01-12 23:46:26 - [MESSAGE][PASSED] - Object: 'Object Repository/Page_Moodle Administration Users Accounts A_0fbd97/div_This username already exists, choose another' is clicked on]]></system-out>
         <system-err><![CDATA[]]></system-err>
      </testcase>
      <testcase name="Test Cases/Admin create user (invalid password)" time="19.409" classname="Test Cases/Admin create user (invalid password)" status="PASSED">
         <system-out><![CDATA[2022-01-12 23:46:26 - [TEST_CASE][PASSED] - Test Cases/Admin create user (invalid password): Test Cases/Admin create user (invalid password)

2022-01-12 23:46:26 - [TEST_STEP][PASSED] - callTestCase(findTestCase("Login as admin"), [:], STOP_ON_FAILURE): Call Test Case 'Test Cases/Login as admin' successfully

2022-01-12 23:46:27 - [TEST_CASE][PASSED] - Test Cases/Login as admin: Test Cases/Login as admin

2022-01-12 23:46:27 - [TEST_STEP][PASSED] - openBrowser(""): Browser is opened with url: ''

2022-01-12 23:46:27 - [MESSAGE][WARNING] - A browser is already opened. Closing browser and opening a new one

2022-01-12 23:46:27 - [MESSAGE][INFO] - Starting 'Edge Chromium' driver

2022-01-12 23:46:30 - [MESSAGE][INFO] - Action delay is set to 0 milliseconds

2022-01-12 23:46:31 - [MESSAGE][PASSED] - Browser is opened with url: ''

2022-01-12 23:46:31 - [TEST_STEP][PASSED] - navigateToUrl("http://localhost/"): Navigate to 'http://localhost/' successfully

2022-01-12 23:46:32 - [MESSAGE][PASSED] - Navigate to 'http://localhost/' successfully

2022-01-12 23:46:32 - [TEST_STEP][PASSED] - click(findTestObject("Object Repository/Page_My Moodle/a_Log in")): Object: 'Object Repository/Page_My Moodle/a_Log in' is clicked on

2022-01-12 23:46:32 - [MESSAGE][PASSED] - Object: 'Object Repository/Page_My Moodle/a_Log in' is clicked on

2022-01-12 23:46:32 - [TEST_STEP][PASSED] - setText(findTestObject("Object Repository/Page_My Moodle Log in to the site/input_Username_username"), "admin"): Text 'admin' is set on object 'Object Repository/Page_My Moodle Log in to the site/input_Username_username'

2022-01-12 23:46:33 - [MESSAGE][PASSED] - Text 'admin' is set on object 'Object Repository/Page_My Moodle Log in to the site/input_Username_username'

2022-01-12 23:46:33 - [TEST_STEP][PASSED] - setEncryptedText(findTestObject("Object Repository/Page_My Moodle Log in to the site/input_Password_password"), "7Dxoto1EjKfQbGop/Ov+1g=="): Text ****** has been set on object 'Object Repository/Page_My Moodle Log in to the site/input_Password_password'

2022-01-12 23:46:33 - [MESSAGE][PASSED] - Text ****** has been set on object 'Object Repository/Page_My Moodle Log in to the site/input_Password_password'

2022-01-12 23:46:33 - [TEST_STEP][PASSED] - click(findTestObject("Object Repository/Page_My Moodle Log in to the site/button_Log in")): Object: 'Object Repository/Page_My Moodle Log in to the site/button_Log in' is clicked on

2022-01-12 23:46:35 - [MESSAGE][PASSED] - Object: 'Object Repository/Page_My Moodle Log in to the site/button_Log in' is clicked on

2022-01-12 23:46:35 - [MESSAGE][PASSED] - Call Test Case 'Test Cases/Login as admin' successfully

2022-01-12 23:46:35 - [TEST_STEP][PASSED] - click(findTestObject("Object Repository/Page_Dashboard/span_Site administration")): Object: 'Object Repository/Page_Dashboard/span_Site administration' is clicked on

2022-01-12 23:46:36 - [MESSAGE][PASSED] - Object: 'Object Repository/Page_Dashboard/span_Site administration' is clicked on

2022-01-12 23:46:36 - [TEST_STEP][PASSED] - navigateToUrl("http://localhost/admin/search.php"): Navigate to 'http://localhost/admin/search.php' successfully

2022-01-12 23:46:37 - [MESSAGE][PASSED] - Navigate to 'http://localhost/admin/search.php' successfully

2022-01-12 23:46:37 - [TEST_STEP][PASSED] - click(findTestObject("Object Repository/Page_Moodle Administration Search/a_Users")): Object: 'Object Repository/Page_Moodle Administration Search/a_Users' is clicked on

2022-01-12 23:46:37 - [MESSAGE][PASSED] - Object: 'Object Repository/Page_Moodle Administration Search/a_Users' is clicked on

2022-01-12 23:46:37 - [TEST_STEP][PASSED] - click(findTestObject("Object Repository/Page_Moodle Administration Search/a_Add a new user")): Object: 'Object Repository/Page_Moodle Administration Search/a_Add a new user' is clicked on

2022-01-12 23:46:38 - [MESSAGE][PASSED] - Object: 'Object Repository/Page_Moodle Administration Search/a_Add a new user' is clicked on

[...]

2022-01-13 00:02:36 - [MESSAGE][INFO] - Action delay is set to 0 milliseconds

2022-01-13 00:02:38 - [MESSAGE][PASSED] - Browser is opened with url: ''

2022-01-13 00:02:38 - [TEST_STEP][PASSED] - navigateToUrl("http://localhost/"): Navigate to 'http://localhost/' successfully

2022-01-13 00:02:38 - [MESSAGE][PASSED] - Navigate to 'http://localhost/' successfully

2022-01-13 00:02:38 - [TEST_STEP][PASSED] - click(findTestObject("Object Repository/Page_My Moodle/a_Log in")): Object: 'Object Repository/Page_My Moodle/a_Log in' is clicked on

2022-01-13 00:02:39 - [MESSAGE][PASSED] - Object: 'Object Repository/Page_My Moodle/a_Log in' is clicked on

2022-01-13 00:02:39 - [TEST_STEP][PASSED] - setText(findTestObject("Object Repository/Page_My Moodle Log in to the site/input_Username_username"), "admin"): Text 'admin' is set on object 'Object Repository/Page_My Moodle Log in to the site/input_Username_username'

2022-01-13 00:02:40 - [MESSAGE][PASSED] - Text 'admin' is set on object 'Object Repository/Page_My Moodle Log in to the site/input_Username_username'

2022-01-13 00:02:40 - [TEST_STEP][PASSED] - setEncryptedText(findTestObject("Object Repository/Page_My Moodle Log in to the site/input_Password_password"), "7Dxoto1EjKfQbGop/Ov+1g=="): Text ****** has been set on object 'Object Repository/Page_My Moodle Log in to the site/input_Password_password'

2022-01-13 00:02:40 - [MESSAGE][PASSED] - Text ****** has been set on object 'Object Repository/Page_My Moodle Log in to the site/input_Password_password'

2022-01-13 00:02:40 - [TEST_STEP][PASSED] - click(findTestObject("Object Repository/Page_My Moodle Log in to the site/button_Log in")): Object: 'Object Repository/Page_My Moodle Log in to the site/button_Log in' is clicked on

2022-01-13 00:02:42 - [MESSAGE][PASSED] - Object: 'Object Repository/Page_My Moodle Log in to the site/button_Log in' is clicked on

2022-01-13 00:02:42 - [MESSAGE][PASSED] - Call Test Case 'Test Cases/Login as admin' successfully

2022-01-13 00:02:42 - [TEST_STEP][PASSED] - click(findTestObject("Object Repository/Page_Dashboard/span_Site administration")): Object: 'Object Repository/Page_Dashboard/span_Site administration' is clicked on

2022-01-13 00:02:43 - [MESSAGE][PASSED] - Object: 'Object Repository/Page_Dashboard/span_Site administration' is clicked on

2022-01-13 00:02:43 - [TEST_STEP][PASSED] - navigateToUrl("http://localhost/admin/search.php"): Navigate to 'http://localhost/admin/search.php' successfully

2022-01-13 00:02:44 - [MESSAGE][PASSED] - Navigate to 'http://localhost/admin/search.php' successfully

2022-01-13 00:02:44 - [TEST_STEP][PASSED] - click(findTestObject("Object Repository/Page_Moodle Administration Search/a_Courses")): Object: 'Object Repository/Page_Moodle Administration Search/a_Courses' is clicked on

2022-01-13 00:02:44 - [MESSAGE][PASSED] - Object: 'Object Repository/Page_Moodle Administration Search/a_Courses' is clicked on

2022-01-13 00:02:44 - [TEST_STEP][PASSED] - click(findTestObject("Object Repository/Page_Moodle Administration Search/a_Upload courses")): Object: 'Object Repository/Page_Moodle Administration Search/a_Upload courses' is clicked on

2022-01-13 00:02:45 - [MESSAGE][PASSED] - Object: 'Object Repository/Page_Moodle Administration Search/a_Upload courses' is clicked on

2022-01-13 00:02:45 - [TEST_STEP][PASSED] - click(findTestObject("Object Repository/Page_Moodle Administration Courses Upload courses/input_File_coursefilechoose")): Object: 'Object Repository/Page_Moodle Administration Courses Upload courses/input_File_coursefilechoose' is clicked on

2022-01-13 00:02:46 - [MESSAGE][PASSED] - Object: 'Object Repository/Page_Moodle Administration Courses Upload courses/input_File_coursefilechoose' is clicked on

2022-01-13 00:02:46 - [TEST_STEP][PASSED] - click(findTestObject("Object Repository/Page_Moodle Administration Courses Upload courses/div_Search repository_yui_3_17_2_1_16415694_6e4ce4")): Object: 'Object Repository/Page_Moodle Administration Courses Upload courses/div_Search repository_yui_3_17_2_1_16415694_6e4ce4' is clicked on

2022-01-13 00:02:47 - [MESSAGE][PASSED] - Object: 'Object Repository/Page_Moodle Administration Courses Upload courses/div_Search repository_yui_3_17_2_1_16415694_6e4ce4' is clicked on

2022-01-13 00:02:47 - [TEST_STEP][PASSED] - click(findTestObject("Object Repository/Page_Moodle Administration Courses Upload courses/button_Select this file")): Object: 'Object Repository/Page_Moodle Administration Courses Upload courses/button_Select this file' is clicked on

2022-01-13 00:02:47 - [MESSAGE][PASSED] - Object: 'Object Repository/Page_Moodle Administration Courses Upload courses/button_Select this file' is clicked on

2022-01-13 00:02:47 - [TEST_STEP][PASSED] - click(findTestObject("Object Repository/Page_Moodle Administration Courses Upload courses/input_Allow resets_submitbutton")): Object: 'Object Repository/Page_Moodle Administration Courses Upload courses/input_Allow resets_submitbutton' is clicked on

2022-01-13 00:02:49 - [MESSAGE][PASSED] - Object: 'Object Repository/Page_Moodle Administration Courses Upload courses/input_Allow resets_submitbutton' is clicked on

2022-01-13 00:02:49 - [TEST_STEP][PASSED] - click(findTestObject("Object Repository/Page_Moodle Administration Courses Upload courses/input_Allow resets_submitbutton")): Object: 'Object Repository/Page_Moodle Administration Courses Upload courses/input_Allow resets_submitbutton' is clicked on

2022-01-13 00:02:51 - [MESSAGE][PASSED] - Object: 'Object Repository/Page_Moodle Administration Courses Upload courses/input_Allow resets_submitbutton' is clicked on

2022-01-13 00:02:51 - [TEST_STEP][PASSED] - click(findTestObject("Object Repository/Page_Moodle Administration Courses Upload courses/td_Course created")): Object: 'Object Repository/Page_Moodle Administration Courses Upload courses/td_Course created' is clicked on

2022-01-13 00:02:51 - [MESSAGE][PASSED] - Object: 'Object Repository/Page_Moodle Administration Courses Upload courses/td_Course created' is clicked on

2022-01-13 00:02:51 - [TEST_STEP][PASSED] - click(findTestObject("Object Repository/Page_Moodle Administration Courses Upload courses/button_Continue")): Object: 'Object Repository/Page_Moodle Administration Courses Upload courses/button_Continue' is clicked on

2022-01-13 00:02:52 - [MESSAGE][PASSED] - Object: 'Object Repository/Page_Moodle Administration Courses Upload courses/button_Continue' is clicked on]]></system-out>
         <system-err><![CDATA[]]></system-err>
      </testcase>
      <testcase name="Test Cases/Admin upload course (with wrong csv)" time="18.309" classname="Test Cases/Admin upload course (with wrong csv)" status="PASSED">
         <system-out><![CDATA[2022-01-13 00:02:52 - [TEST_CASE][PASSED] - Test Cases/Admin upload course (with wrong csv): Test Cases/Admin upload course (with wrong csv)

2022-01-13 00:02:53 - [TEST_STEP][PASSED] - callTestCase(findTestCase("Login as admin"), [:], STOP_ON_FAILURE): Call Test Case 'Test Cases/Login as admin' successfully

2022-01-13 00:02:53 - [TEST_CASE][PASSED] - Test Cases/Login as admin: Test Cases/Login as admin

2022-01-13 00:02:53 - [TEST_STEP][PASSED] - openBrowser(""): Browser is opened with url: ''

2022-01-13 00:02:53 - [MESSAGE][WARNING] - A browser is already opened. Closing browser and opening a new one

2022-01-13 00:02:54 - [MESSAGE][INFO] - Starting 'Edge Chromium' driver

2022-01-13 00:02:56 - [MESSAGE][INFO] - Action delay is set to 0 milliseconds

2022-01-13 00:02:57 - [MESSAGE][PASSED] - Browser is opened with url: ''

2022-01-13 00:02:57 - [TEST_STEP][PASSED] - navigateToUrl("http://localhost/"): Navigate to 'http://localhost/' successfully

2022-01-13 00:02:58 - [MESSAGE][PASSED] - Navigate to 'http://localhost/' successfully

2022-01-13 00:02:58 - [TEST_STEP][PASSED] - click(findTestObject("Object Repository/Page_My Moodle/a_Log in")): Object: 'Object Repository/Page_My Moodle/a_Log in' is clicked on

2022-01-13 00:02:59 - [MESSAGE][PASSED] - Object: 'Object Repository/Page_My Moodle/a_Log in' is clicked on

2022-01-13 00:02:59 - [TEST_STEP][PASSED] - setText(findTestObject("Object Repository/Page_My Moodle Log in to the site/input_Username_username"), "admin"): Text 'admin' is set on object 'Object Repository/Page_My Moodle Log in to the site/input_Username_username'

2022-01-13 00:02:59 - [MESSAGE][PASSED] - Text 'admin' is set on object 'Object Repository/Page_My Moodle Log in to the site/input_Username_username'

2022-01-13 00:02:59 - [TEST_STEP][PASSED] - setEncryptedText(findTestObject("Object Repository/Page_My Moodle Log in to the site/input_Password_password"), "7Dxoto1EjKfQbGop/Ov+1g=="): Text ****** has been set on object 'Object Repository/Page_My Moodle Log in to the site/input_Password_password'

2022-01-13 00:03:00 - [MESSAGE][PASSED] - Text ****** has been set on object 'Object Repository/Page_My Moodle Log in to the site/input_Password_password'

2022-01-13 00:03:00 - [TEST_STEP][PASSED] - click(findTestObject("Object Repository/Page_My Moodle Log in to the site/button_Log in")): Object: 'Object Repository/Page_My Moodle Log in to the site/button_Log in' is clicked on

2022-01-13 00:03:01 - [MESSAGE][PASSED] - Object: 'Object Repository/Page_My Moodle Log in to the site/button_Log in' is clicked on

2022-01-13 00:03:01 - [MESSAGE][PASSED] - Call Test Case 'Test Cases/Login as admin' successfully

2022-01-13 00:03:01 - [TEST_STEP][PASSED] - click(findTestObject("Object Repository/Page_Dashboard/span_Site administration")): Object: 'Object Repository/Page_Dashboard/span_Site administration' is clicked on

2022-01-13 00:03:03 - [MESSAGE][PASSED] - Object: 'Object Repository/Page_Dashboard/span_Site administration' is clicked on

2022-01-13 00:03:03 - [TEST_STEP][PASSED] - navigateToUrl("http://localhost/admin/search.php"): Navigate to 'http://localhost/admin/search.php' successfully

2022-01-13 00:03:03 - [MESSAGE][PASSED] - Navigate to 'http://localhost/admin/search.php' successfully

2022-01-13 00:03:03 - [TEST_STEP][PASSED] - click(findTestObject("Object Repository/Page_Moodle Administration Search/a_Courses")): Object: 'Object Repository/Page_Moodle Administration Search/a_Courses' is clicked on

2022-01-13 00:03:04 - [MESSAGE][PASSED] - Object: 'Object Repository/Page_Moodle Administration Search/a_Courses' is clicked on

2022-01-13 00:03:04 - [TEST_STEP][PASSED] - click(findTestObject("Object Repository/Page_Moodle Administration Search/a_Upload courses")): Object: 'Object Repository/Page_Moodle Administration Search/a_Upload courses' is clicked on

2022-01-13 00:03:04 - [MESSAGE][PASSED] - Object: 'Object Repository/Page_Moodle Administration Search/a_Upload courses' is clicked on

2022-01-13 00:03:04 - [TEST_STEP][PASSED] - click(findTestObject("Object Repository/Page_Moodle Administration Courses Upload courses/input_File_coursefilechoose")): Object: 'Object Repository/Page_Moodle Administration Courses Upload courses/input_File_coursefilechoose' is clicked on

2022-01-13 00:03:05 - [MESSAGE][PASSED] - Object: 'Object Repository/Page_Moodle Administration Courses Upload courses/input_File_coursefilechoose' is clicked on

2022-01-13 00:03:05 - [TEST_STEP][PASSED] - click(findTestObject("Object Repository/Page_Moodle Administration Courses Upload courses/div_Search repository_yui_3_17_2_1_16415695_8aacf9")): Object: 'Object Repository/Page_Moodle Administration Courses Upload courses/div_Search repository_yui_3_17_2_1_16415695_8aacf9' is clicked on

2022-01-13 00:03:06 - [MESSAGE][PASSED] - Object: 'Object Repository/Page_Moodle Administration Courses Upload courses/div_Search repository_yui_3_17_2_1_16415695_8aacf9' is clicked on

2022-01-13 00:03:06 - [TEST_STEP][PASSED] - click(findTestObject("Object Repository/Page_Moodle Administration Courses Upload courses/button_Select this file")): Object: 'Object Repository/Page_Moodle Administration Courses Upload courses/button_Select this file' is clicked on

2022-01-13 00:03:07 - [MESSAGE][PASSED] - Object: 'Object Repository/Page_Moodle Administration Courses Upload courses/button_Select this file' is clicked on

2022-01-13 00:03:07 - [TEST_STEP][PASSED] - click(findTestObject("Object Repository/Page_Moodle Administration Courses Upload courses/input_Allow resets_submitbutton")): Object: 'Object Repository/Page_Moodle Administration Courses Upload courses/input_Allow resets_submitbutton' is clicked on

2022-01-13 00:03:08 - [MESSAGE][PASSED] - Object: 'Object Repository/Page_Moodle Administration Courses Upload courses/input_Allow resets_submitbutton' is clicked on

2022-01-13 00:03:08 - [TEST_STEP][PASSED] - click(findTestObject("Object Repository/Page_Moodle Administration Courses Upload courses/input_Allow resets_submitbutton")): Object: 'Object Repository/Page_Moodle Administration Courses Upload courses/input_Allow resets_submitbutton' is clicked on

2022-01-13 00:03:09 - [MESSAGE][PASSED] - Object: 'Object Repository/Page_Moodle Administration Courses Upload courses/input_Allow resets_submitbutton' is clicked on

2022-01-13 00:03:09 - [TEST_STEP][PASSED] - click(findTestObject("Object Repository/Page_Moodle Administration Courses Upload courses/td_Missing value for mandatory fields fullname")): Object: 'Object Repository/Page_Moodle Administration Courses Upload courses/td_Missing value for mandatory fields fullname' is clicked on

2022-01-13 00:03:10 - [MESSAGE][PASSED] - Object: 'Object Repository/Page_Moodle Administration Courses Upload courses/td_Missing value for mandatory fields fullname' is clicked on

2022-01-13 00:03:10 - [TEST_STEP][PASSED] - click(findTestObject("Object Repository/Page_Moodle Administration Courses Upload courses/button_Continue")): Object: 'Object Repository/Page_Moodle Administration Courses Upload courses/button_Continue' is clicked on

2022-01-13 00:03:11 - [MESSAGE][PASSED] - Object: 'Object Repository/Page_Moodle Administration Courses Upload courses/button_Continue' is clicked on]]></system-out>
         <system-err><![CDATA[]]></system-err>
      </testcase>
      <system-out><![CDATA[2022-01-12 23:43:26 - [TEST_SUITE][FAILED] - Run all test cases: Test Cases/Admin upload user with csv FAILED.
Reason:
com.kms.katalon.core.exception.StepFailedException: Unable to click on object 'Object Repository/Page_Dashboard/i_MT_icon fa fa-bell fa-fw'
	at com.kms.katalon.core.webui.keyword.internal.WebUIKeywordMain.stepFailed(WebUIKeywordMain.groovy:64)
	at com.kms.katalon.core.webui.keyword.internal.WebUIKeywordMain.runKeyword(WebUIKeywordMain.groovy:26)
	at com.kms.katalon.core.webui.keyword.builtin.ClickKeyword.click(ClickKeyword.groovy:74)
	at com.kms.katalon.core.webui.keyword.builtin.ClickKeyword.execute(ClickKeyword.groovy:40)
	at com.kms.katalon.core.keyword.internal.KeywordExecutor.executeKeywordForPlatform(KeywordExecutor.groovy:74)
	at com.kms.katalon.core.webui.keyword.WebUiBuiltInKeywords.click(WebUiBuiltInKeywords.groovy:620)
	at com.kms.katalon.core.webui.keyword.WebUiBuiltInKeywords$click$1.call(Unknown Source)
	at Admin upload user with csv.run(Admin upload user with csv:61)
	at com.kms.katalon.core.main.ScriptEngine.run(ScriptEngine.java:194)
	at com.kms.katalon.core.main.ScriptEngine.runScriptAsRawText(ScriptEngine.java:119)
	at com.kms.katalon.core.main.TestCaseExecutor.runScript(TestCaseExecutor.java:442)
	at com.kms.katalon.core.main.TestCaseExecutor.doExecute(TestCaseExecutor.java:433)
	at com.kms.katalon.core.main.TestCaseExecutor.processExecutionPhase(TestCaseExecutor.java:412)
	at com.kms.katalon.core.main.TestCaseExecutor.accessMainPhase(TestCaseExecutor.java:404)
	at com.kms.katalon.core.main.TestCaseExecutor.execute(TestCaseExecutor.java:281)
	at com.kms.katalon.core.main.TestSuiteExecutor.accessTestCaseMainPhase(TestSuiteExecutor.java:202)
	at com.kms.katalon.core.main.TestSuiteExecutor.accessTestSuiteMainPhase(TestSuiteExecutor.java:164)
	at com.kms.katalon.core.main.TestSuiteExecutor.execute(TestSuiteExecutor.java:105)
	at com.kms.katalon.core.main.TestCaseMain.startTestSuite(TestCaseMain.java:181)
	at com.kms.katalon.core.main.TestCaseMain$startTestSuite$0.call(Unknown Source)
	at TempTestSuite1642005795532.run(TempTestSuite1642005795532.groovy:36)
Caused by: com.kms.katalon.core.webui.exception.WebElementNotFoundException: Web element with id: 'Object Repository/Page_Dashboard/i_MT_icon fa fa-bell fa-fw' located by '//div[@id='nav-notification-popover-container']/div/i' not found
	at com.kms.katalon.core.webui.common.WebUiCommonHelper.findWebElement(WebUiCommonHelper.java:1368)
	at com.kms.katalon.core.webui.keyword.internal.WebUIAbstractKeyword.findWebElement(WebUIAbstractKeyword.groovy:27)
	at com.kms.katalon.core.webui.keyword.builtin.ClickKeyword$_click_closure1.doCall(ClickKeyword.groovy:65)
	at com.kms.katalon.core.webui.keyword.builtin.ClickKeyword$_click_closure1.call(ClickKeyword.groovy)
	at com.kms.katalon.core.webui.keyword.internal.WebUIKeywordMain.runKeyword(WebUIKeywordMain.groovy:20)
	... 19 more]]></system-out>
      <system-err><![CDATA[2022-01-12 23:43:26 - [TEST_SUITE][FAILED] - Run all test cases: Test Cases/Admin upload user with csv FAILED.
Reason:
com.kms.katalon.core.exception.StepFailedException: Unable to click on object 'Object Repository/Page_Dashboard/i_MT_icon fa fa-bell fa-fw'
	at com.kms.katalon.core.webui.keyword.internal.WebUIKeywordMain.stepFailed(WebUIKeywordMain.groovy:64)
	at com.kms.katalon.core.webui.keyword.internal.WebUIKeywordMain.runKeyword(WebUIKeywordMain.groovy:26)
	at com.kms.katalon.core.webui.keyword.builtin.ClickKeyword.click(ClickKeyword.groovy:74)
	at com.kms.katalon.core.webui.keyword.builtin.ClickKeyword.execute(ClickKeyword.groovy:40)
	at com.kms.katalon.core.keyword.internal.KeywordExecutor.executeKeywordForPlatform(KeywordExecutor.groovy:74)
	at com.kms.katalon.core.webui.keyword.WebUiBuiltInKeywords.click(WebUiBuiltInKeywords.groovy:620)
	at com.kms.katalon.core.webui.keyword.WebUiBuiltInKeywords$click$1.call(Unknown Source)
	at Admin upload user with csv.run(Admin upload user with csv:61)
	at com.kms.katalon.core.main.ScriptEngine.run(ScriptEngine.java:194)
	at com.kms.katalon.core.main.ScriptEngine.runScriptAsRawText(ScriptEngine.java:119)
	at com.kms.katalon.core.main.TestCaseExecutor.runScript(TestCaseExecutor.java:442)
	at com.kms.katalon.core.main.TestCaseExecutor.doExecute(TestCaseExecutor.java:433)
	at com.kms.katalon.core.main.TestCaseExecutor.processExecutionPhase(TestCaseExecutor.java:412)
	at com.kms.katalon.core.main.TestCaseExecutor.accessMainPhase(TestCaseExecutor.java:404)
	at com.kms.katalon.core.main.TestCaseExecutor.execute(TestCaseExecutor.java:281)
	at com.kms.katalon.core.main.TestSuiteExecutor.accessTestCaseMainPhase(TestSuiteExecutor.java:202)
	at com.kms.katalon.core.main.TestSuiteExecutor.accessTestSuiteMainPhase(TestSuiteExecutor.java:164)
	at com.kms.katalon.core.main.TestSuiteExecutor.execute(TestSuiteExecutor.java:105)
	at com.kms.katalon.core.main.TestCaseMain.startTestSuite(TestCaseMain.java:181)
	at com.kms.katalon.core.main.TestCaseMain$startTestSuite$0.call(Unknown Source)
	at TempTestSuite1642005795532.run(TempTestSuite1642005795532.groovy:36)
Caused by: com.kms.katalon.core.webui.exception.WebElementNotFoundException: Web element with id: 'Object Repository/Page_Dashboard/i_MT_icon fa fa-bell fa-fw' located by '//div[@id='nav-notification-popover-container']/div/i' not found
	at com.kms.katalon.core.webui.common.WebUiCommonHelper.findWebElement(WebUiCommonHelper.java:1368)
	at com.kms.katalon.core.webui.keyword.internal.WebUIAbstractKeyword.findWebElement(WebUIAbstractKeyword.groovy:27)
	at com.kms.katalon.core.webui.keyword.builtin.ClickKeyword$_click_closure1.doCall(ClickKeyword.groovy:65)
	at com.kms.katalon.core.webui.keyword.builtin.ClickKeyword$_click_closure1.call(ClickKeyword.groovy)
	at com.kms.katalon.core.webui.keyword.internal.WebUIKeywordMain.runKeyword(WebUIKeywordMain.groovy:20)
	... 19 more]]></system-err>
   </testsuite>
</testsuites>
